[2019-09-30 11:03:55] request.INFO: 5d91b6e9a1866.GET: https://mazitov979.amocrm.ru/api/v2/leads?id=9845007  [] []
[2019-09-30 11:03:57] request.INFO: 5d91b6ec30e96.POST: https://mazitov979.amocrm.ru/api/v2/tasks {"add":[{"responsible_user_id":"3797932","complete_till_at":1569940200,"element_id":9845007,"task_type":1644877,"text":"01.10.2019 \u043d\u0430\u0437\u043d\u0430\u0447\u0435\u043d \u0437\u0430\u043c\u0435\u0440, \u043d\u0435\u043e\u0431\u0445\u043e\u0434\u0438\u043c\u043e \u0432\u044b\u0435\u0445\u0430\u0442\u044c \u043a \u043a\u043b\u0438\u0435\u043d\u0442\u0443.","element_type":2,"request_id":"98450070000"}]} [] []
[2019-09-30 11:13:43] request.INFO: 5d91b935ae22c.GET: https://mazitov979.amocrm.ru/api/v2/leads?id=9845007  [] []
[2019-09-30 11:13:46] request.INFO: 5d91b93a02462.POST: https://mazitov979.amocrm.ru/api/v2/tasks {"add":[{"responsible_user_id":"3797932","complete_till_at":1569853800,"element_id":9845007,"task_type":1644877,"text":"30.09.2019 \u043d\u0430\u0437\u043d\u0430\u0447\u0435\u043d \u0437\u0430\u043c\u0435\u0440, \u043d\u0435\u043e\u0431\u0445\u043e\u0434\u0438\u043c\u043e \u0432\u044b\u0435\u0445\u0430\u0442\u044c \u043a \u043a\u043b\u0438\u0435\u043d\u0442\u0443.","element_type":2,"request_id":"98450070000"}]} [] []
[2019-09-30 11:23:51] request.INFO: 5d91bb9381883.GET: https://mazitov979.amocrm.ru/api/v2/leads?id=9845007  [] []
[2019-09-30 11:23:52] request.INFO: 5d91bb97f3604.GET: https://mazitov979.amocrm.ru/api/v2/leads?id=9845007  [] []
[2019-09-30 11:24:16] request.INFO: 5d91bbb059a37.GET: https://mazitov979.amocrm.ru/api/v2/leads?id=9845007  [] []
[2019-09-30 11:24:18] request.INFO: 5d91bbb1a3f08.POST: https://mazitov979.amocrm.ru/api/v2/tasks {"add":[{"responsible_user_id":"3797932","complete_till_at":1569940200,"element_id":9845007,"task_type":1644877,"text":"01.10.2019 \u043d\u0430\u0437\u043d\u0430\u0447\u0435\u043d \u0437\u0430\u043c\u0435\u0440, \u043d\u0435\u043e\u0431\u0445\u043e\u0434\u0438\u043c\u043e \u0432\u044b\u0435\u0445\u0430\u0442\u044c \u043a \u043a\u043b\u0438\u0435\u043d\u0442\u0443.","element_type":2,"request_id":"98450070000"}]} [] []
[2019-09-30 11:24:20] request.INFO: 5d91bbb3f41c6.GET: https://mazitov979.amocrm.ru/api/v2/leads?id=9845007  [] []
[2019-09-30 11:24:33] request.INFO: 5d91bbc0790ec.GET: https://mazitov979.amocrm.ru/api/v2/leads?id=9845007  [] []
[2019-09-30 11:24:34] request.INFO: 5d91bbc183e02.POST: https://mazitov979.amocrm.ru/api/v2/tasks {"add":[{"responsible_user_id":"3797932","complete_till_at":1569853800,"element_id":9845007,"task_type":1644877,"text":"30.09.2019 \u043d\u0430\u0437\u043d\u0430\u0447\u0435\u043d \u0437\u0430\u043c\u0435\u0440, \u043d\u0435\u043e\u0431\u0445\u043e\u0434\u0438\u043c\u043e \u0432\u044b\u0435\u0445\u0430\u0442\u044c \u043a \u043a\u043b\u0438\u0435\u043d\u0442\u0443.","element_type":2,"request_id":"98450070000"}]} [] []
[2019-09-30 11:24:36] request.INFO: 5d91bbc4775b4.GET: https://mazitov979.amocrm.ru/api/v2/leads?id=9845007  [] []
[2019-09-30 11:27:39] request.INFO: 5d91bc7a1b5df.GET: https://mazitov979.amocrm.ru/api/v2/leads?id=9845007  [] []
[2019-09-30 11:27:39] request.INFO: 5d91bc7b3227c.GET: https://mazitov979.amocrm.ru/api/v2/leads?id=9845007  [] []
[2019-09-30 11:28:37] request.INFO: 5d91bcb4d4922.GET: https://mazitov979.amocrm.ru/api/v2/leads?id=9845007  [] []
[2019-09-30 11:28:55] request.INFO: 5d91bcc72c190.GET: https://mazitov979.amocrm.ru/api/v2/leads?id=9845007  [] []
[2019-09-30 11:28:56] request.INFO: 5d91bcc809c70.GET: https://mazitov979.amocrm.ru/api/v2/leads?id=9845007  [] []
[2019-09-30 11:34:39] request.INFO: 5d91be1ca2846.GET: https://mazitov979.amocrm.ru/api/v2/leads?id=9845007  [] []
[2019-09-30 11:34:41] request.INFO: 5d91be1fc248b.GET: https://mazitov979.amocrm.ru/api/v2/leads?id=9845007  [] []
[2019-09-30 11:35:33] request.INFO: 5d91be54f160b.GET: https://mazitov979.amocrm.ru/api/v2/leads?id=9845007  [] []
[2019-09-30 11:35:34] request.INFO: 5d91be55d8607.GET: https://mazitov979.amocrm.ru/api/v2/leads?id=9845007  [] []
[2019-09-30 11:36:02] request.INFO: 5d91be7170c49.GET: https://mazitov979.amocrm.ru/api/v2/leads?id=9845007  [] []
[2019-09-30 11:36:02] request.INFO: 5d91be722c415.GET: https://mazitov979.amocrm.ru/api/v2/leads?id=9845007  [] []
[2019-09-30 11:37:01] request.INFO: 5d91beac32670.GET: https://mazitov979.amocrm.ru/api/v2/leads?id=9845007  [] []
[2019-09-30 11:37:01] request.INFO: 5d91bead4191d.POST: https://mazitov979.amocrm.ru/api/v2/tasks {"add":[{"responsible_user_id":"3797932","complete_till_at":1569853800,"element_id":9845007,"task_type":1644877,"text":"30.09.2019 \u043d\u0430\u0437\u043d\u0430\u0447\u0435\u043d \u0437\u0430\u043c\u0435\u0440, \u043d\u0435\u043e\u0431\u0445\u043e\u0434\u0438\u043c\u043e \u0432\u044b\u0435\u0445\u0430\u0442\u044c \u043a \u043a\u043b\u0438\u0435\u043d\u0442\u0443.","element_type":2,"request_id":"98450070000"}]} [] []
[2019-09-30 11:37:04] request.INFO: 5d91beb038d13.GET: https://mazitov979.amocrm.ru/api/v2/leads?id=9845007  [] []
[2019-09-30 11:37:41] request.INFO: 5d91bed4addcf.GET: https://mazitov979.amocrm.ru/api/v2/leads?id=9845007  [] []
[2019-09-30 11:38:27] request.INFO: 5d91bf0259a50.GET: https://mazitov979.amocrm.ru/api/v2/leads?id=9845007  [] []
[2019-09-30 11:43:19] request.INFO: 5d91c0268b432.GET: https://mazitov979.amocrm.ru/api/v2/leads?id=9845007  [] []
[2019-09-30 11:43:22] request.INFO: 5d91c027b9d90.POST: https://mazitov979.amocrm.ru/api/v2/tasks {"add":[{"responsible_user_id":"3797932","complete_till_at":1569940200,"element_id":9845007,"task_type":1644877,"text":"01.10.2019 \u043d\u0430\u0437\u043d\u0430\u0447\u0435\u043d \u0437\u0430\u043c\u0435\u0440, \u043d\u0435\u043e\u0431\u0445\u043e\u0434\u0438\u043c\u043e \u0432\u044b\u0435\u0445\u0430\u0442\u044c \u043a \u043a\u043b\u0438\u0435\u043d\u0442\u0443.","element_type":2,"request_id":"98450070000"}]} [] []
[2019-09-30 11:44:50] request.INFO: 5d91c081149a8.GET: https://mazitov979.amocrm.ru/api/v2/leads?id=9845007  [] []
[2019-09-30 11:44:50] request.INFO: 5d91c0826f7b3.GET: https://mazitov979.amocrm.ru/api/v2/tasks?id=6090909  [] []
[2019-09-30 11:44:51] request.INFO: 5d91c082d1986.POST: https://mazitov979.amocrm.ru/api/v2/tasks {"update":[{"id":6090909,"updated_at":1569833095,"complete_till_at":"2019-09-30T14:30:00.000000Z","text":"30.09.2019 \u043d\u0430\u0437\u043d\u0430\u0447\u0435\u043d \u0437\u0430\u043c\u0435\u0440, \u043d\u0435\u043e\u0431\u0445\u043e\u0434\u0438\u043c\u043e \u0432\u044b\u0435\u0445\u0430\u0442\u044c \u043a \u043a\u043b\u0438\u0435\u043d\u0442\u0443.","responsible_user_id":3797932}]} [] []
[2019-09-30 11:44:52] request.INFO: 5d91c083e3125.GET: https://mazitov979.amocrm.ru/api/v2/leads?id=9845007  [] []
[2019-09-30 11:44:52] request.INFO: 5d91c08464e94.GET: https://mazitov979.amocrm.ru/api/v2/leads?id=9845007  [] []
[2019-09-30 11:45:23] request.INFO: 5d91c0a2e6614.GET: https://mazitov979.amocrm.ru/api/v2/leads?id=9845007  [] []
[2019-09-30 11:45:23] request.INFO: 5d91c0a36cbb2.GET: https://mazitov979.amocrm.ru/api/v2/tasks?id=6090909  [] []
[2019-09-30 11:45:24] request.INFO: 5d91c0a3d9043.POST: https://mazitov979.amocrm.ru/api/v2/tasks {"update":[{"id":6090909,"updated_at":1569833128,"complete_till_at":"2019-10-01T14:30:00.000000Z","text":"01.10.2019 \u043d\u0430\u0437\u043d\u0430\u0447\u0435\u043d \u0437\u0430\u043c\u0435\u0440, \u043d\u0435\u043e\u0431\u0445\u043e\u0434\u0438\u043c\u043e \u0432\u044b\u0435\u0445\u0430\u0442\u044c \u043a \u043a\u043b\u0438\u0435\u043d\u0442\u0443.","responsible_user_id":3797932}]} [] []
[2019-09-30 11:45:28] request.INFO: 5d91c0a7a9ca1.GET: https://mazitov979.amocrm.ru/api/v2/leads?id=9845007  [] []
[2019-09-30 11:45:38] request.INFO: 5d91c0b1eeb4b.GET: https://mazitov979.amocrm.ru/api/v2/leads?id=9845007  [] []
[2019-09-30 11:45:38] request.INFO: 5d91c0b2950b9.GET: https://mazitov979.amocrm.ru/api/v2/tasks?id=6090909  [] []
[2019-09-30 11:45:41] request.INFO: 5d91c0b3010c7.POST: https://mazitov979.amocrm.ru/api/v2/tasks {"update":[{"id":6090909,"updated_at":1569833144,"complete_till_at":"2019-09-30T14:30:00.000000Z","text":"30.09.2019 \u043d\u0430\u0437\u043d\u0430\u0447\u0435\u043d \u0437\u0430\u043c\u0435\u0440, \u043d\u0435\u043e\u0431\u0445\u043e\u0434\u0438\u043c\u043e \u0432\u044b\u0435\u0445\u0430\u0442\u044c \u043a \u043a\u043b\u0438\u0435\u043d\u0442\u0443.","responsible_user_id":3797932}]} [] []
[2019-09-30 11:45:45] request.INFO: 5d91c0b8efb2b.GET: https://mazitov979.amocrm.ru/api/v2/leads?id=9845007  [] []
[2019-09-30 11:46:20] request.INFO: 5d91c0da9a654.GET: https://mazitov979.amocrm.ru/api/v2/leads?id=9845007  [] []
[2019-09-30 11:46:20] request.INFO: 5d91c0dc1e1bc.GET: https://mazitov979.amocrm.ru/api/v2/tasks?id=6090909  [] []
[2019-09-30 11:46:21] request.INFO: 5d91c0dc84b9a.POST: https://mazitov979.amocrm.ru/api/v2/tasks {"update":[{"id":6090909,"updated_at":1569833185,"complete_till_at":"2019-10-01T14:30:00.000000Z","text":"01.10.2019 \u043d\u0430\u0437\u043d\u0430\u0447\u0435\u043d \u0437\u0430\u043c\u0435\u0440, \u043d\u0435\u043e\u0431\u0445\u043e\u0434\u0438\u043c\u043e \u0432\u044b\u0435\u0445\u0430\u0442\u044c \u043a \u043a\u043b\u0438\u0435\u043d\u0442\u0443.","responsible_user_id":3797932}]} [] []
[2019-09-30 11:46:28] request.INFO: 5d91c0e05adee.GET: https://mazitov979.amocrm.ru/api/v2/leads?id=9845007  [] []
[2019-09-30 11:50:37] request.INFO: 5d91c1dce3226.GET: https://mazitov979.amocrm.ru/api/v2/leads?id=9845007  [] []
[2019-09-30 11:50:38] request.INFO: 5d91c1dde9d55.GET: https://mazitov979.amocrm.ru/api/v2/tasks?id=6090909  [] []
[2019-09-30 11:50:39] request.INFO: 5d91c1de77b4b.POST: https://mazitov979.amocrm.ru/api/v2/tasks {"update":[{"id":6090909,"updated_at":1569833443,"complete_till_at":"2019-09-30T14:30:00.000000Z","text":"30.09.2019 \u043d\u0430\u0437\u043d\u0430\u0447\u0435\u043d \u0437\u0430\u043c\u0435\u0440, \u043d\u0435\u043e\u0431\u0445\u043e\u0434\u0438\u043c\u043e \u0432\u044b\u0435\u0445\u0430\u0442\u044c \u043a \u043a\u043b\u0438\u0435\u043d\u0442\u0443.","responsible_user_id":3797932}]} [] []
[2019-09-30 11:50:42] request.INFO: 5d91c1e22f427.GET: https://mazitov979.amocrm.ru/api/v2/leads?id=9845007  [] []
[2019-09-30 11:57:15] request.INFO: 5d91c3690d93c.GET: https://mazitov979.amocrm.ru/api/v2/leads?id=9845007  [] []
[2019-09-30 11:57:15] request.INFO: 5d91c36b32c6c.GET: https://mazitov979.amocrm.ru/api/v2/tasks?id=6090909  [] []
[2019-09-30 11:57:16] request.INFO: 5d91c36bb8b28.POST: https://mazitov979.amocrm.ru/api/v2/tasks {"update":[{"id":6090909,"updated_at":1569833840,"complete_till_at":"2019-10-01T14:30:00.000000Z","text":"01.10.2019 \u043d\u0430\u0437\u043d\u0430\u0447\u0435\u043d \u0437\u0430\u043c\u0435\u0440, \u043d\u0435\u043e\u0431\u0445\u043e\u0434\u0438\u043c\u043e \u0432\u044b\u0435\u0445\u0430\u0442\u044c \u043a \u043a\u043b\u0438\u0435\u043d\u0442\u0443.","responsible_user_id":3797932}]} [] []
[2019-09-30 11:57:20] request.INFO: 5d91c36fbd390.GET: https://mazitov979.amocrm.ru/api/v2/leads?id=9845007  [] []
[2019-09-30 11:57:33] request.INFO: 5d91c37c41d40.GET: https://mazitov979.amocrm.ru/api/v2/leads?id=9845007  [] []
[2019-09-30 11:57:33] request.INFO: 5d91c37d0ba61.GET: https://mazitov979.amocrm.ru/api/v2/tasks?id=6090909  [] []
[2019-09-30 11:57:36] request.INFO: 5d91c37d6e5d5.POST: https://mazitov979.amocrm.ru/api/v2/tasks {"update":[{"id":6090909,"updated_at":1569833858,"complete_till_at":"2019-10-03T14:30:00.000000Z","text":"03.10.2019 \u043d\u0430\u0437\u043d\u0430\u0447\u0435\u043d \u0437\u0430\u043c\u0435\u0440, \u043d\u0435\u043e\u0431\u0445\u043e\u0434\u0438\u043c\u043e \u0432\u044b\u0435\u0445\u0430\u0442\u044c \u043a \u043a\u043b\u0438\u0435\u043d\u0442\u0443.","responsible_user_id":3797932}]} [] []
[2019-09-30 11:57:37] request.INFO: 5d91c380367ec.GET: https://mazitov979.amocrm.ru/api/v2/leads?id=9845007  [] []
[2019-09-30 11:57:49] request.INFO: 5d91c38d3c8b2.GET: https://mazitov979.amocrm.ru/api/v2/leads?id=9845007  [] []
[2019-09-30 11:57:50] request.INFO: 5d91c38dade2e.GET: https://mazitov979.amocrm.ru/api/v2/tasks?id=6090909  [] []
[2019-09-30 11:57:50] request.INFO: 5d91c38e204c7.POST: https://mazitov979.amocrm.ru/api/v2/tasks {"update":[{"id":6090909,"updated_at":1569833875,"complete_till_at":"2019-10-01T14:30:00.000000Z","text":"01.10.2019 \u043d\u0430\u0437\u043d\u0430\u0447\u0435\u043d \u0437\u0430\u043c\u0435\u0440, \u043d\u0435\u043e\u0431\u0445\u043e\u0434\u0438\u043c\u043e \u0432\u044b\u0435\u0445\u0430\u0442\u044c \u043a \u043a\u043b\u0438\u0435\u043d\u0442\u0443.","responsible_user_id":3797932}]} [] []
[2019-09-30 11:57:54] request.INFO: 5d91c391d30d0.GET: https://mazitov979.amocrm.ru/api/v2/leads?id=9845007  [] []
[2019-09-30 11:57:57] request.INFO: 5d91c39289962.GET: https://mazitov979.amocrm.ru/api/v2/tasks?id=6090909  [] []
[2019-09-30 11:57:59] request.INFO: 5d91c3956d8f4.POST: https://mazitov979.amocrm.ru/api/v2/tasks {"update":[{"id":6090909,"updated_at":1569833882,"complete_till_at":"2019-09-30T14:30:00.000000Z","text":"30.09.2019 \u043d\u0430\u0437\u043d\u0430\u0447\u0435\u043d \u0437\u0430\u043c\u0435\u0440, \u043d\u0435\u043e\u0431\u0445\u043e\u0434\u0438\u043c\u043e \u0432\u044b\u0435\u0445\u0430\u0442\u044c \u043a \u043a\u043b\u0438\u0435\u043d\u0442\u0443.","responsible_user_id":3797932}]} [] []
[2019-09-30 11:58:00] request.INFO: 5d91c397e6478.GET: https://mazitov979.amocrm.ru/api/v2/leads?id=9845007  [] []
[2019-09-30 11:58:01] request.INFO: 5d91c3987c2a3.GET: https://mazitov979.amocrm.ru/api/v2/leads?id=9845007  [] []
[2019-09-30 11:59:13] request.INFO: 5d91c3e108384.GET: https://mazitov979.amocrm.ru/api/v2/leads?id=9845007  [] []
[2019-09-30 11:59:17] request.INFO: 5d91c3e505f2f.GET: https://mazitov979.amocrm.ru/api/v2/leads?id=9845007&entity=leads  [] []
[2019-09-30 11:59:17] request.INFO: 5d91c3e5771ba.GET: https://mazitov979.amocrm.ru/api/v2/leads?id=9845007  [] []
[2019-09-30 11:59:20] request.INFO: 5d91c3e7968bb.GET: https://mazitov979.amocrm.ru/api/v2/leads?id%5B0%5D=9845007  [] []
[2019-09-30 12:00:25] request.INFO: 5d91c424ec058.GET: https://mazitov979.amocrm.ru/api/v2/leads?id=9845007  [] []
[2019-09-30 12:00:41] request.INFO: 5d91c43825900.GET: https://mazitov979.amocrm.ru/api/v2/leads?id=9845007&entity=leads  [] []
[2019-09-30 12:00:41] request.INFO: 5d91c43919fdd.POST: https://mazitov979.amocrm.ru/api/v2/contacts {"update":[{"id":12382865,"updated_at":1569834046,"responsible_user_id":"3797932"}]} [] []
[2019-09-30 12:00:42] request.INFO: 5d91c439b2550.GET: https://mazitov979.amocrm.ru/api/v2/leads?id%5B0%5D=9845007  [] []
[2019-09-30 12:00:43] request.INFO: 5d91c439b5a8c.POST: https://mazitov979.amocrm.ru/api/v2/leads {"update":[{"id":"9845007","updated_at":1569834046,"responsible_user_id":null,"status_id":29884042}]} [] []
[2019-09-30 12:00:43] request.INFO: 5d91c43b2130b.GET: https://mazitov979.amocrm.ru/api/v2/leads?id=9845007  [] []
[2019-09-30 12:00:44] request.INFO: 5d91c43c0337e.GET: https://mazitov979.amocrm.ru/api/v2/leads?id=9845007  [] []
[2019-09-30 12:00:45] request.INFO: 5d91c43a53f4c.GET: https://mazitov979.amocrm.ru/api/v2/companies?id%5B0%5D=12382735  [] []
[2019-09-30 12:00:46] request.INFO: 5d91c43c8b40b.POST: https://mazitov979.amocrm.ru/api/v2/leads {"update":[{"id":"9845007","updated_at":1569834049,"status_id":29884045}]} [] []
[2019-09-30 12:00:47] request.INFO: 5d91c43d93e7e.POST: https://mazitov979.amocrm.ru/api/v2/tasks {"add":[{"text":"\u041d\u0430\u0437\u043d\u0430\u0447\u0438\u0442\u044c \u0432\u0440\u0435\u043c\u044f \u0437\u0430\u043c\u0435\u0440\u0430.","task_type":1,"complete_till_at":1569835800,"element_id":12382735,"element_type":3,"responsible_user_id":3799126,"request_id":"98450070000"}]} [] []
[2019-09-30 12:00:50] request.INFO: 5d91c441cafed.GET: https://mazitov979.amocrm.ru/api/v2/leads?id=9845007  [] []
[2019-09-30 12:08:20] request.INFO: 5d91c60393e45.GET: https://mazitov979.amocrm.ru/api/v2/leads?id=9845007  [] []
[2019-09-30 12:08:26] request.INFO: 5d91c60a3e83b.GET: https://mazitov979.amocrm.ru/api/v2/leads?id%5B0%5D=9845007  [] []
[2019-09-30 12:08:27] request.INFO: 5d91c60ac8bb6.GET: https://mazitov979.amocrm.ru/api/v2/leads?id=9845007  [] []
[2019-09-30 12:08:30] request.INFO: 5d91c60ae2753.GET: https://mazitov979.amocrm.ru/api/v2/companies?id%5B0%5D=12382735  [] []
[2019-09-30 12:08:32] request.INFO: 5d91c60e637d7.POST: https://mazitov979.amocrm.ru/api/v2/tasks {"add":[{"text":"\u041d\u0430\u0437\u043d\u0430\u0447\u0438\u0442\u044c \u0432\u0440\u0435\u043c\u044f \u0437\u0430\u043c\u0435\u0440\u0430.","task_type":1,"complete_till_at":1569836280,"element_id":12382735,"element_type":3,"responsible_user_id":3799126,"request_id":"98450070000"}]} [] []
[2019-09-30 12:11:55] request.INFO: 5d91c6da7ea70.GET: https://mazitov979.amocrm.ru/api/v2/leads?id=9845007  [] []
[2019-09-30 12:11:56] request.INFO: 5d91c6dbe0b18.GET: https://mazitov979.amocrm.ru/api/v2/leads?id=9845007  [] []
[2019-09-30 12:11:56] request.INFO: 5d91c6dc756b6.GET: https://mazitov979.amocrm.ru/api/v2/leads?id%5B0%5D=9845007  [] []
[2019-09-30 12:11:57] request.INFO: 5d91c6dcdf142.GET: https://mazitov979.amocrm.ru/api/v2/companies?id%5B0%5D=12382735  [] []
[2019-09-30 12:12:00] request.INFO: 5d91c6dd75055.POST: https://mazitov979.amocrm.ru/api/v2/tasks {"add":[{"text":"\u041d\u0430\u0437\u043d\u0430\u0447\u0438\u0442\u044c \u0432\u0440\u0435\u043c\u044f \u0437\u0430\u043c\u0435\u0440\u0430.","task_type":1,"complete_till_at":1569836460,"element_id":12382735,"element_type":3,"responsible_user_id":3799126,"request_id":"98450070000"}]} [] []
[2019-09-30 12:12:44] request.INFO: 5d91c70c74913.GET: https://mazitov979.amocrm.ru/api/v2/leads?id=9845007  [] []
[2019-09-30 13:21:53] request.INFO: 5d91d73fbd094.GET: https://mazitov979.amocrm.ru/api/v2/leads?id=9845007  [] []
[2019-09-30 13:21:54] request.INFO: 5d91d7415edd5.POST: https://mazitov979.amocrm.ru/private/api/auth.php?type=json {"USER_LOGIN":"mazitov979@gmail.com","USER_HASH":"5d96f5f42a39f27b06f9e268cb83f02b18b0cb17"} [] []
[2019-09-30 13:21:54] request.INFO: 5d91d742107f7.GET: https://mazitov979.amocrm.ru/api/v2/leads?id=9845007  [] []
[2019-09-30 13:21:55] request.INFO: 5d91d7430eafb.GET: https://mazitov979.amocrm.ru/api/v2/leads?id=9845007  [] []
[2019-09-30 13:21:56] request.INFO: 5d91d74395f09.POST: https://mazitov979.amocrm.ru/api/v2/contacts {"update":[{"id":12382865,"updated_at":1569838920,"responsible_user_id":"3797932"}]} [] []
[2019-09-30 13:21:58] request.INFO: 5d91d744605a2.POST: https://mazitov979.amocrm.ru/api/v2/leads {"update":[{"id":"9845007","updated_at":1569838921,"responsible_user_id":null,"status_id":29884042}]} [] []
[2019-09-30 13:22:01] request.INFO: 5d91d7469a165.GET: https://mazitov979.amocrm.ru/api/v2/leads?id=9845007  [] []
[2019-09-30 13:22:02] request.INFO: 5d91d7497b9d7.GET: https://mazitov979.amocrm.ru/api/v2/leads?id=9845007  [] []
[2019-09-30 13:22:02] request.INFO: 5d91d74a1f4f0.POST: https://mazitov979.amocrm.ru/api/v2/leads {"update":[{"id":"9845007","updated_at":1569838927,"status_id":29884045}]} [] []
[2019-09-30 13:22:06] request.INFO: 5d91d74df3d76.GET: https://mazitov979.amocrm.ru/api/v2/leads?id=9845007  [] []
[2019-09-30 13:22:52] request.INFO: 5d91d77c0c967.GET: https://mazitov979.amocrm.ru/api/v2/leads?id=9845007  [] []
[2019-09-30 13:22:58] request.INFO: 5d91d77fb4045.GET: https://mazitov979.amocrm.ru/api/v2/leads?id=9845007  [] []
[2019-09-30 13:23:02] request.INFO: 5d91d7825d321.GET: https://mazitov979.amocrm.ru/api/v2/leads?id=9845007  [] []
[2019-09-30 13:23:03] request.INFO: 5d91d78653e26.POST: https://mazitov979.amocrm.ru/api/v2/leads {"update":[{"id":"9845007","updated_at":1569838987,"responsible_user_id":null,"status_id":29884042}]} [] []
[2019-09-30 13:23:06] request.INFO: 5d91d78a1e86f.GET: https://mazitov979.amocrm.ru/api/v2/leads?id=9845007  [] []
[2019-09-30 13:23:07] request.INFO: 5d91d78a9a2aa.POST: https://mazitov979.amocrm.ru/api/v2/leads {"update":[{"id":"9845007","updated_at":1569838991,"status_id":29884045}]} [] []
[2019-09-30 13:24:50] request.INFO: 5d91d7f1847a4.GET: https://mazitov979.amocrm.ru/api/v2/leads?id=9845007  [] []
[2019-09-30 13:24:50] request.INFO: 5d91d7f248a94.GET: https://mazitov979.amocrm.ru/api/v2/tasks?id=6090909  [] []
[2019-09-30 13:24:51] request.INFO: 5d91d7f2b27da.POST: https://mazitov979.amocrm.ru/api/v2/tasks {"update":[{"id":6090909,"updated_at":1569839095,"complete_till_at":"2019-10-01T14:30:00.000000Z","text":"01.10.2019 \u043d\u0430\u0437\u043d\u0430\u0447\u0435\u043d \u0437\u0430\u043c\u0435\u0440, \u043d\u0435\u043e\u0431\u0445\u043e\u0434\u0438\u043c\u043e \u0432\u044b\u0435\u0445\u0430\u0442\u044c \u043a \u043a\u043b\u0438\u0435\u043d\u0442\u0443.","responsible_user_id":3797932}]} [] []
[2019-09-30 13:24:55] request.INFO: 5d91d7f6946ed.GET: https://mazitov979.amocrm.ru/api/v2/leads?id=9845007  [] []
[2019-09-30 13:28:11] request.INFO: 5d91d8ba4b554.GET: https://mazitov979.amocrm.ru/api/v2/leads?id=9845007  [] []
[2019-09-30 13:28:11] request.INFO: 5d91d8bb581e2.GET: https://mazitov979.amocrm.ru/api/v2/tasks?id=6090909  [] []
[2019-09-30 13:28:13] request.INFO: 5d91d8bbbb73e.POST: https://mazitov979.amocrm.ru/api/v2/tasks {"update":[{"id":6090909,"updated_at":1569839296,"complete_till_at":"2019-09-30T14:30:00.000000Z","text":"30.09.2019 \u043d\u0430\u0437\u043d\u0430\u0447\u0435\u043d \u0437\u0430\u043c\u0435\u0440, \u043d\u0435\u043e\u0431\u0445\u043e\u0434\u0438\u043c\u043e \u0432\u044b\u0435\u0445\u0430\u0442\u044c \u043a \u043a\u043b\u0438\u0435\u043d\u0442\u0443.","responsible_user_id":3797932}]} [] []
[2019-09-30 13:28:20] request.INFO: 5d91d8c3ac9c3.GET: https://mazitov979.amocrm.ru/api/v2/leads?id=9845007  [] []
[2019-09-30 13:29:09] request.INFO: 5d91d8f4866f6.GET: https://mazitov979.amocrm.ru/api/v2/leads?id=9845007  [] []
[2019-09-30 13:29:09] request.INFO: 5d91d8f51ec09.GET: https://mazitov979.amocrm.ru/api/v2/tasks?id=6090909  [] []
[2019-09-30 13:29:09] request.INFO: 5d91d8f577516.POST: https://mazitov979.amocrm.ru/api/v2/tasks {"update":[{"id":6090909,"updated_at":1569839354,"complete_till_at":"2019-10-01T14:30:00.000000Z","text":"01.10.2019 \u043d\u0430\u0437\u043d\u0430\u0447\u0435\u043d \u0437\u0430\u043c\u0435\u0440, \u043d\u0435\u043e\u0431\u0445\u043e\u0434\u0438\u043c\u043e \u0432\u044b\u0435\u0445\u0430\u0442\u044c \u043a \u043a\u043b\u0438\u0435\u043d\u0442\u0443.","responsible_user_id":3797932}]} [] []
[2019-09-30 13:29:19] request.INFO: 5d91d8fef3f89.GET: https://mazitov979.amocrm.ru/api/v2/leads?id=9845007  [] []
[2019-09-30 13:29:19] request.INFO: 5d91d8ff6da0b.GET: https://mazitov979.amocrm.ru/api/v2/tasks?id=6090909  [] []
[2019-09-30 13:29:20] request.INFO: 5d91d8ffc9b18.POST: https://mazitov979.amocrm.ru/api/v2/tasks {"update":[{"id":6090909,"updated_at":1569839364,"complete_till_at":"2019-09-30T14:30:00.000000Z","text":"30.09.2019 \u043d\u0430\u0437\u043d\u0430\u0447\u0435\u043d \u0437\u0430\u043c\u0435\u0440, \u043d\u0435\u043e\u0431\u0445\u043e\u0434\u0438\u043c\u043e \u0432\u044b\u0435\u0445\u0430\u0442\u044c \u043a \u043a\u043b\u0438\u0435\u043d\u0442\u0443.","responsible_user_id":3797932}]} [] []
[2019-09-30 13:29:20] request.INFO: 5d91d9004d799.GET: https://mazitov979.amocrm.ru/api/v2/leads?id=9845007  [] []
[2019-09-30 13:29:24] request.INFO: 5d91d903bbc5f.GET: https://mazitov979.amocrm.ru/api/v2/leads?id=9845007  [] []
[2019-09-30 13:29:46] request.INFO: 5d91d919445fc.GET: https://mazitov979.amocrm.ru/api/v2/leads?id=9845007  [] []
[2019-09-30 13:30:24] request.INFO: 5d91d93f5d137.POST: https://mazitov979.amocrm.ru/api/v2/tasks {"add":[{"responsible_user_id":"3797932","complete_till_at":1569940200,"element_id":9845007,"task_type":1644877,"text":"01.10.2019 \u043d\u0430\u0437\u043d\u0430\u0447\u0435\u043d \u0437\u0430\u043c\u0435\u0440, \u043d\u0435\u043e\u0431\u0445\u043e\u0434\u0438\u043c\u043e \u0432\u044b\u0435\u0445\u0430\u0442\u044c \u043a \u043a\u043b\u0438\u0435\u043d\u0442\u0443.","element_type":2,"request_id":"98450070000"}]} [] []
[2019-09-30 13:31:18] request.INFO: 5d91d9720a6a5.GET: https://mazitov979.amocrm.ru/api/v2/leads?id=9845007  [] []
