[2019-09-28 19:28:12] request.INFO: 5d8fb44bf2dc4.GET: https://mazitov979.amocrm.ru/api/v2/leads?id=9558003  [] []
[2019-09-28 19:28:14] request.INFO: 5d8fb44ca75ad.POST: https://mazitov979.amocrm.ru/private/api/auth.php?type=json {"USER_LOGIN":"mazitov979@gmail.com","USER_HASH":"5d96f5f42a39f27b06f9e268cb83f02b18b0cb17"} [] []
[2019-09-28 19:28:15] request.INFO: 5d8fb44e58cf4.GET: https://mazitov979.amocrm.ru/api/v2/leads?id=9558003  [] []
[2019-09-28 19:32:45] request.INFO: 5d8fb55da4d86.GET: https://mazitov979.amocrm.ru/api/v2/leads?id=9558003  [] []
[2019-09-28 19:33:58] request.INFO: 5d8fb5a5e6d71.GET: https://mazitov979.amocrm.ru/api/v2/leads?id=9558003  [] []
[2019-09-28 19:34:50] request.INFO: 5d8fb5da0d72a.GET: https://mazitov979.amocrm.ru/api/v2/leads?id=9558003  [] []
[2019-09-28 19:36:03] request.INFO: 5d8fb623a9c5d.GET: https://mazitov979.amocrm.ru/api/v2/leads?id=9558003  [] []
[2019-09-28 19:36:46] request.INFO: 5d8fb64e02308.GET: https://mazitov979.amocrm.ru/api/v2/leads?id=9772255  [] []
[2019-09-28 19:37:49] request.INFO: 5d8fb68d5341b.GET: https://mazitov979.amocrm.ru/api/v2/leads?id=9772291  [] []
[2019-09-28 19:38:54] request.INFO: 5d8fb6ce4ffd2.GET: https://mazitov979.amocrm.ru/api/v2/leads?id=9772325  [] []
[2019-09-28 19:53:03] request.INFO: 5d8fba1f88009.GET: https://mazitov979.amocrm.ru/api/v2/leads?id=9772325  [] []
[2019-09-28 19:53:05] request.INFO: 5d8fba1fc45ed.GET: https://mazitov979.amocrm.ru/api/v2/leads?id=9772971  [] []
[2019-09-28 20:09:46] request.INFO: 5d8fbe0a54e3b.GET: https://mazitov979.amocrm.ru/api/v2/leads?id=9774493  [] []
[2019-09-28 20:12:09] request.INFO: 5d8fbe9993a92.GET: https://mazitov979.amocrm.ru/api/v2/leads?id=9775513  [] []
[2019-09-28 20:17:39] request.INFO: 5d8fbfe33fc83.GET: https://mazitov979.amocrm.ru/api/v2/leads?id=9777545  [] []
[2019-09-28 20:18:18] request.INFO: 5d8fc00a7e24f.GET: https://mazitov979.amocrm.ru/api/v2/leads?id=9777545  [] []
[2019-09-28 20:18:52] request.INFO: 5d8fc02c4e63e.GET: https://mazitov979.amocrm.ru/api/v2/leads?id=9777545  [] []
[2019-09-28 20:18:52] request.INFO: 5d8fc02c88a20.GET: https://mazitov979.amocrm.ru/api/v2/leads?id=9777545  [] []
[2019-09-28 20:18:53] request.INFO: 5d8fc02cc1c4e.GET: https://mazitov979.amocrm.ru/api/v2/leads?id=9777545  [] []
[2019-09-28 20:20:09] request.INFO: 5d8fc07955489.GET: https://mazitov979.amocrm.ru/api/v2/leads?id=9777621  [] []
[2019-09-28 20:25:38] request.INFO: 5d8fc1c1c7c54.GET: https://mazitov979.amocrm.ru/api/v2/leads?id=9777759  [] []
[2019-09-28 20:26:10] request.INFO: 5d8fc1e2ba7d4.GET: https://mazitov979.amocrm.ru/api/v2/leads?id=9777771  [] []
[2019-09-28 20:29:46] request.INFO: 5d8fc2b9d35be.GET: https://mazitov979.amocrm.ru/api/v2/leads?id=9778781  [] []
[2019-09-28 20:38:39] request.INFO: 5d8fc4cf1425b.GET: https://mazitov979.amocrm.ru/api/v2/leads?id=9779877  [] []
[2019-09-28 20:39:50] request.INFO: 5d8fc51640aae.GET: https://mazitov979.amocrm.ru/api/v2/leads?id=9779877  [] []
[2019-09-28 20:51:17] request.INFO: 5d8fc7c540d26.GET: https://mazitov979.amocrm.ru/api/v2/leads?id=9788039  [] []
[2019-09-28 20:51:54] request.INFO: 5d8fc7ea12726.GET: https://mazitov979.amocrm.ru/api/v2/leads?id=9788039  [] []
[2019-09-28 20:52:49] request.INFO: 5d8fc8212d23d.GET: https://mazitov979.amocrm.ru/api/v2/leads?id=9788039  [] []
[2019-09-28 20:53:24] request.INFO: 5d8fc843e8a3b.GET: https://mazitov979.amocrm.ru/api/v2/leads?id=9788039  [] []
[2019-09-28 20:53:54] request.INFO: 5d8fc862ad0b3.GET: https://mazitov979.amocrm.ru/api/v2/leads?id=9788039  [] []
[2019-09-28 20:54:23] request.INFO: 5d8fc87ddbf2c.GET: https://mazitov979.amocrm.ru/api/v2/leads?id=9789415  [] []
[2019-09-28 20:54:48] request.INFO: 5d8fc897df82b.GET: https://mazitov979.amocrm.ru/api/v2/leads?id=9789415  [] []
[2019-09-28 20:56:12] request.INFO: 5d8fc8ebe9e7b.GET: https://mazitov979.amocrm.ru/api/v2/leads?id=9789415  [] []
[2019-09-28 20:58:21] request.INFO: 5d8fc96db7e3c.GET: https://mazitov979.amocrm.ru/api/v2/leads?id=9789467  [] []
[2019-09-28 20:58:41] request.INFO: 5d8fc980dd212.GET: https://mazitov979.amocrm.ru/api/v2/leads?id=9789415  [] []
[2019-09-28 20:59:42] request.INFO: 5d8fc9be7b973.GET: https://mazitov979.amocrm.ru/api/v2/leads?id=9790519  [] []
[2019-09-28 21:01:19] request.INFO: 5d8fca1f82d8b.GET: https://mazitov979.amocrm.ru/api/v2/leads?id=9790519  [] []
[2019-09-28 21:02:25] request.INFO: 5d8fca61882cb.GET: https://mazitov979.amocrm.ru/api/v2/leads?id=9793545  [] []
[2019-09-28 21:04:15] request.INFO: 5d8fcaceccb80.GET: https://mazitov979.amocrm.ru/api/v2/leads?id=9793545  [] []
[2019-09-28 21:04:43] request.INFO: 5d8fcaeae65bd.GET: https://mazitov979.amocrm.ru/api/v2/leads?id=9793545  [] []
[2019-09-28 21:11:45] request.INFO: 5d8fcc9159423.GET: https://mazitov979.amocrm.ru/api/v2/leads?id=9798915  [] []
[2019-09-28 21:19:33] request.INFO: 5d8fce658f78e.GET: https://mazitov979.amocrm.ru/api/v2/leads?id=9799053  [] []
[2019-09-28 21:22:08] request.INFO: 5d8fcf004bc0a.GET: https://mazitov979.amocrm.ru/api/v2/leads?id=9799387  [] []
[2019-09-28 21:24:05] request.INFO: 5d8fcf7510df2.GET: https://mazitov979.amocrm.ru/api/v2/leads?id=9799435  [] []
[2019-09-28 21:27:29] request.INFO: 5d8fd040d7c96.GET: https://mazitov979.amocrm.ru/api/v2/leads?id=9799491  [] []
[2019-09-28 21:32:10] request.INFO: 5d8fd15a18f4a.GET: https://mazitov979.amocrm.ru/api/v2/leads?id=9799491  [] []
[2019-09-28 21:32:10] request.INFO: 5d8fd15a548c8.POST: https://mazitov979.amocrm.ru/api/v2/leads {"update":[{"id":"9799491","updated_at":1569706335,"0":{},"sale":26257}]} [] []
[2019-09-28 21:34:52] request.INFO: 5d8fd1fca5bc0.GET: https://mazitov979.amocrm.ru/api/v2/leads?id=9800711  [] []
[2019-09-28 21:34:53] request.INFO: 5d8fd1fcdcbcd.POST: https://mazitov979.amocrm.ru/api/v2/leads {"add":[{"0":{},"sale":151561,"id":null}]} [] []
[2019-09-28 21:36:21] request.INFO: 5d8fd2559b881.GET: https://mazitov979.amocrm.ru/api/v2/leads?id=9800961  [] []
[2019-09-28 21:37:24] request.INFO: 5d8fd2941b3c2.GET: https://mazitov979.amocrm.ru/api/v2/leads?id=9800711  [] []
[2019-09-28 21:37:24] request.INFO: 5d8fd29459ead.POST: https://mazitov979.amocrm.ru/api/v2/leads {"add":[{"0":{},"sale":151561,"name":"test","id":null}]} [] []
[2019-09-28 21:39:22] request.INFO: 5d8fd30a3acb7.GET: https://mazitov979.amocrm.ru/api/v2/leads?id=9800711  [] []
[2019-09-28 21:39:22] request.INFO: 5d8fd30a7bf42.POST: https://mazitov979.amocrm.ru/api/v2/leads {"update":[{"id":"9800711","updated_at":1569706767,"0":{},"sale":151561,"name":"test"}]} [] []
[2019-09-28 21:39:46] request.INFO: 5d8fd321c1c26.GET: https://mazitov979.amocrm.ru/api/v2/leads?id=9801577  [] []
[2019-09-28 21:40:18] request.INFO: 5d8fd34234489.GET: https://mazitov979.amocrm.ru/api/v2/leads?id=9800711  [] []
[2019-09-28 21:40:18] request.INFO: 5d8fd34276219.POST: https://mazitov979.amocrm.ru/api/v2/leads {"update":[{"id":"9800711","updated_at":1569706823,"0":{},"sale":151561,"name":"test"}]} [] []
[2019-09-28 21:40:31] request.INFO: 5d8fd34f9a577.GET: https://mazitov979.amocrm.ru/api/v2/leads?id=9800711  [] []
[2019-09-28 21:40:32] request.INFO: 5d8fd34fcf52e.POST: https://mazitov979.amocrm.ru/api/v2/leads {"update":[{"id":"9800711","updated_at":1569706836,"0":{},"sale":151561,"name":"test"}]} [] []
[2019-09-28 21:41:07] request.INFO: 5d8fd37375710.GET: https://mazitov979.amocrm.ru/api/v2/leads?id=9800711  [] []
[2019-09-28 21:41:07] request.INFO: 5d8fd373b20a8.POST: https://mazitov979.amocrm.ru/api/v2/leads {"update":[{"id":"9800711","updated_at":1569706872,"0":{},"sale":15154,"name":"test"}]} [] []
[2019-09-28 21:41:18] request.INFO: 5d8fd37e005bc.GET: https://mazitov979.amocrm.ru/api/v2/leads?id=9800711  [] []
[2019-09-28 21:41:18] request.INFO: 5d8fd37e3da8d.POST: https://mazitov979.amocrm.ru/api/v2/leads {"update":[{"id":"9800711","updated_at":1569706883,"0":{},"sale":15154,"name":"test"}]} [] []
[2019-09-28 21:41:39] request.INFO: 5d8fd393a3451.GET: https://mazitov979.amocrm.ru/api/v2/leads?id=9800711  [] []
[2019-09-28 21:41:40] request.INFO: 5d8fd393d86ac.POST: https://mazitov979.amocrm.ru/api/v2/leads {"update":[{"id":"9800711","updated_at":1569706904,"sale":15154,"name":"test"}]} [] []
[2019-09-28 21:42:35] request.INFO: 5d8fd3cbb3159.GET: https://mazitov979.amocrm.ru/api/v2/leads?id=9800711  [] []
[2019-09-28 21:44:29] request.INFO: 5d8fd43dc441f.GET: https://mazitov979.amocrm.ru/api/v2/leads?id=9800711  [] []
[2019-09-28 21:44:30] request.INFO: 5d8fd43e03c63.POST: https://mazitov979.amocrm.ru/api/v2/leads {"update":[{"id":"9800711","updated_at":1569707075,"sale":15154}]} [] []
[2019-09-28 21:44:57] request.INFO: 5d8fd459b8e3a.GET: https://mazitov979.amocrm.ru/api/v2/leads?id=9800711  [] []
[2019-09-28 21:44:58] request.INFO: 5d8fd459ef98a.POST: https://mazitov979.amocrm.ru/api/v2/leads {"update":[{"id":"9800711","updated_at":1569707102,"sale":15154,"name":"test"}]} [] []
[2019-09-28 21:45:58] request.INFO: 5d8fd4966498c.GET: https://mazitov979.amocrm.ru/api/v2/leads?id=9800711  [] []
[2019-09-28 21:45:58] request.INFO: 5d8fd496a716c.POST: https://mazitov979.amocrm.ru/api/v2/leads {"update":[{"id":"9800711","updated_at":1569707163,"sale":15154,"name":"test"}]} [] []
[2019-09-28 21:46:38] request.INFO: 5d8fd4be06847.GET: https://mazitov979.amocrm.ru/api/v2/leads?id=9800711  [] []
[2019-09-28 21:46:38] request.INFO: 5d8fd4be42cbf.POST: https://mazitov979.amocrm.ru/api/v2/leads {"update":[{"id":"9800711","updated_at":1569707203,"sale":15154,"name":"test"}]} [] []
[2019-09-28 21:46:55] request.INFO: 5d8fd4cf64f3f.GET: https://mazitov979.amocrm.ru/api/v2/leads?id=9800711  [] []
[2019-09-28 21:46:55] request.INFO: 5d8fd4cfa44ba.POST: https://mazitov979.amocrm.ru/api/v2/leads {"update":[{"id":"9800711","updated_at":1569707220,"sale":15154,"name":"test"}]} [] []
[2019-09-28 21:47:11] request.INFO: 5d8fd4dedc0b6.GET: https://mazitov979.amocrm.ru/api/v2/leads?id=9800711  [] []
[2019-09-28 21:47:11] request.INFO: 5d8fd4df22f2b.POST: https://mazitov979.amocrm.ru/api/v2/leads {"update":[{"id":"9800711","updated_at":1569707236,"sale":15154,"name":"test"}]} [] []
[2019-09-28 21:47:33] request.INFO: 5d8fd4f50b9a3.GET: https://mazitov979.amocrm.ru/api/v2/leads?id=9800711  [] []
[2019-09-28 21:47:33] request.INFO: 5d8fd4f5b2c8c.POST: https://mazitov979.amocrm.ru/api/v2/leads {"update":[{"id":"9800711","updated_at":1569707258,"sale":15154,"name":"test"}]} [] []
[2019-09-28 21:48:27] request.INFO: 5d8fd52bae09a.GET: https://mazitov979.amocrm.ru/api/v2/leads?id=9800711  [] []
[2019-09-28 21:48:28] request.INFO: 5d8fd52bebed2.POST: https://mazitov979.amocrm.ru/api/v2/leads {"update":[{"id":"9800711","updated_at":1569707312,"sale":15154,"name":"test"}]} [] []
[2019-09-28 21:48:57] request.INFO: 5d8fd549866f0.GET: https://mazitov979.amocrm.ru/api/v2/leads?id=9802673  [] []
[2019-09-28 21:48:58] request.INFO: 5d8fd549c90bc.GET: https://mazitov979.amocrm.ru/api/v2/leads?id=9800711  [] []
[2019-09-28 21:48:58] request.INFO: 5d8fd54a06617.POST: https://mazitov979.amocrm.ru/api/v2/leads {"update":[{"id":"9800711","updated_at":1569707343,"sale":15154,"name":"test"}]} [] []
[2019-09-28 21:49:01] request.INFO: 5d8fd54d491c7.GET: https://mazitov979.amocrm.ru/api/v2/leads?id=9800711  [] []
[2019-09-28 21:49:01] request.INFO: 5d8fd54d81ce6.POST: https://mazitov979.amocrm.ru/api/v2/leads {"update":[{"id":"9800711","updated_at":1569707346,"sale":15154,"name":"test"}]} [] []
[2019-09-28 21:49:04] request.INFO: 5d8fd550be52c.GET: https://mazitov979.amocrm.ru/api/v2/leads?id=9800711  [] []
[2019-09-28 21:49:05] request.INFO: 5d8fd55101c14.POST: https://mazitov979.amocrm.ru/api/v2/leads {"update":[{"id":"9800711","updated_at":1569707350,"sale":15154,"name":"test"}]} [] []
[2019-09-28 21:49:08] request.INFO: 5d8fd5543f507.GET: https://mazitov979.amocrm.ru/api/v2/leads?id=9800711  [] []
[2019-09-28 21:49:08] request.INFO: 5d8fd55473bde.POST: https://mazitov979.amocrm.ru/api/v2/leads {"update":[{"id":"9800711","updated_at":1569707353,"sale":15154,"name":"test"}]} [] []
[2019-09-28 21:49:11] request.INFO: 5d8fd557b2851.GET: https://mazitov979.amocrm.ru/api/v2/leads?id=9800711  [] []
[2019-09-28 21:49:12] request.INFO: 5d8fd557ec572.POST: https://mazitov979.amocrm.ru/api/v2/leads {"update":[{"id":"9800711","updated_at":1569707356,"sale":15154,"name":"test"}]} [] []
[2019-09-28 21:49:15] request.INFO: 5d8fd55b2f28b.GET: https://mazitov979.amocrm.ru/api/v2/leads?id=9800711  [] []
[2019-09-28 21:49:15] request.INFO: 5d8fd55b5e458.POST: https://mazitov979.amocrm.ru/api/v2/leads {"update":[{"id":"9800711","updated_at":1569707360,"sale":15154,"name":"test"}]} [] []
[2019-09-28 21:49:18] request.INFO: 5d8fd55e99467.GET: https://mazitov979.amocrm.ru/api/v2/leads?id=9800711  [] []
[2019-09-28 21:49:19] request.INFO: 5d8fd55ecf203.POST: https://mazitov979.amocrm.ru/api/v2/leads {"update":[{"id":"9800711","updated_at":1569707363,"sale":15154,"name":"test"}]} [] []
[2019-09-28 21:49:22] request.INFO: 5d8fd5621d1a6.GET: https://mazitov979.amocrm.ru/api/v2/leads?id=9800711  [] []
[2019-09-28 21:49:22] request.INFO: 5d8fd56250349.POST: https://mazitov979.amocrm.ru/api/v2/leads {"update":[{"id":"9800711","updated_at":1569707367,"sale":15154,"name":"test"}]} [] []
[2019-09-28 21:49:25] request.INFO: 5d8fd5658bd1a.GET: https://mazitov979.amocrm.ru/api/v2/leads?id=9800711  [] []
[2019-09-28 21:49:25] request.INFO: 5d8fd565b99f7.POST: https://mazitov979.amocrm.ru/api/v2/leads {"update":[{"id":"9800711","updated_at":1569707370,"sale":15154,"name":"test"}]} [] []
[2019-09-28 21:49:29] request.INFO: 5d8fd569038ae.GET: https://mazitov979.amocrm.ru/api/v2/leads?id=9800711  [] []
[2019-09-28 21:49:29] request.INFO: 5d8fd56934803.POST: https://mazitov979.amocrm.ru/api/v2/leads {"update":[{"id":"9800711","updated_at":1569707374,"sale":15154,"name":"test"}]} [] []
[2019-09-28 21:49:32] request.INFO: 5d8fd56c7017d.GET: https://mazitov979.amocrm.ru/api/v2/leads?id=9800711  [] []
[2019-09-28 21:49:32] request.INFO: 5d8fd56ca657f.POST: https://mazitov979.amocrm.ru/api/v2/leads {"update":[{"id":"9800711","updated_at":1569707377,"sale":15154,"name":"test"}]} [] []
[2019-09-28 21:49:36] request.INFO: 5d8fd56fe592c.GET: https://mazitov979.amocrm.ru/api/v2/leads?id=9800711  [] []
[2019-09-28 21:49:36] request.INFO: 5d8fd57035541.POST: https://mazitov979.amocrm.ru/api/v2/leads {"update":[{"id":"9800711","updated_at":1569707381,"sale":15154,"name":"test"}]} [] []
[2019-09-28 21:49:36] request.INFO: 5d8fd5706c7a8.GET: https://mazitov979.amocrm.ru/api/v2/leads?id=9800711  [] []
[2019-09-28 21:49:36] request.INFO: 5d8fd570a377d.POST: https://mazitov979.amocrm.ru/api/v2/leads {"update":[{"id":"9800711","updated_at":1569707381,"sale":15154,"name":"test"}]} [] []
[2019-09-28 21:49:37] request.INFO: 5d8fd570d2f7d.GET: https://mazitov979.amocrm.ru/api/v2/leads?id=9800711  [] []
[2019-09-28 21:49:37] request.INFO: 5d8fd5710e8d9.POST: https://mazitov979.amocrm.ru/api/v2/leads {"update":[{"id":"9800711","updated_at":1569707382,"sale":15154,"name":"test"}]} [] []
[2019-09-28 21:49:40] request.INFO: 5d8fd574558dd.GET: https://mazitov979.amocrm.ru/api/v2/leads?id=9800711  [] []
[2019-09-28 21:49:40] request.INFO: 5d8fd5748233e.POST: https://mazitov979.amocrm.ru/api/v2/leads {"update":[{"id":"9800711","updated_at":1569707385,"sale":15154,"name":"test"}]} [] []
[2019-09-28 21:49:44] request.INFO: 5d8fd577c3b04.GET: https://mazitov979.amocrm.ru/api/v2/leads?id=9800711  [] []
[2019-09-28 21:49:44] request.INFO: 5d8fd5780a084.POST: https://mazitov979.amocrm.ru/api/v2/leads {"update":[{"id":"9800711","updated_at":1569707389,"sale":15154,"name":"test"}]} [] []
[2019-09-28 21:49:47] request.INFO: 5d8fd57b4e402.GET: https://mazitov979.amocrm.ru/api/v2/leads?id=9800711  [] []
[2019-09-28 21:49:47] request.INFO: 5d8fd57b81c7d.POST: https://mazitov979.amocrm.ru/api/v2/leads {"update":[{"id":"9800711","updated_at":1569707392,"sale":15154,"name":"test"}]} [] []
[2019-09-28 21:49:51] request.INFO: 5d8fd57ec266d.GET: https://mazitov979.amocrm.ru/api/v2/leads?id=9800711  [] []
[2019-09-28 21:49:51] request.INFO: 5d8fd57f041dc.POST: https://mazitov979.amocrm.ru/api/v2/leads {"update":[{"id":"9800711","updated_at":1569707396,"sale":15154,"name":"test"}]} [] []
[2019-09-28 21:49:54] request.INFO: 5d8fd58245f01.GET: https://mazitov979.amocrm.ru/api/v2/leads?id=9800711  [] []
[2019-09-28 21:49:54] request.INFO: 5d8fd58282735.POST: https://mazitov979.amocrm.ru/api/v2/leads {"update":[{"id":"9800711","updated_at":1569707399,"sale":15154,"name":"test"}]} [] []
[2019-09-28 21:49:58] request.INFO: 5d8fd585bf4d9.GET: https://mazitov979.amocrm.ru/api/v2/leads?id=9800711  [] []
[2019-09-28 21:49:58] request.INFO: 5d8fd586052c3.POST: https://mazitov979.amocrm.ru/api/v2/leads {"update":[{"id":"9800711","updated_at":1569707403,"sale":15154,"name":"test"}]} [] []
[2019-09-28 21:50:01] request.INFO: 5d8fd58944215.GET: https://mazitov979.amocrm.ru/api/v2/leads?id=9800711  [] []
[2019-09-28 21:50:01] request.INFO: 5d8fd58978729.POST: https://mazitov979.amocrm.ru/api/v2/leads {"update":[{"id":"9800711","updated_at":1569707406,"sale":15154,"name":"test"}]} [] []
[2019-09-28 21:50:04] request.INFO: 5d8fd58cb730b.GET: https://mazitov979.amocrm.ru/api/v2/leads?id=9800711  [] []
[2019-09-28 21:50:05] request.INFO: 5d8fd58d0169f.POST: https://mazitov979.amocrm.ru/api/v2/leads {"update":[{"id":"9800711","updated_at":1569707410,"sale":15154,"name":"test"}]} [] []
[2019-09-28 21:50:08] request.INFO: 5d8fd59040f34.GET: https://mazitov979.amocrm.ru/api/v2/leads?id=9800711  [] []
[2019-09-28 21:50:08] request.INFO: 5d8fd5907635a.POST: https://mazitov979.amocrm.ru/api/v2/leads {"update":[{"id":"9800711","updated_at":1569707413,"sale":15154,"name":"test"}]} [] []
[2019-09-28 21:50:12] request.INFO: 5d8fd593bc9bd.GET: https://mazitov979.amocrm.ru/api/v2/leads?id=9800711  [] []
[2019-09-28 21:50:12] request.INFO: 5d8fd59412cf0.POST: https://mazitov979.amocrm.ru/api/v2/leads {"update":[{"id":"9800711","updated_at":1569707417,"sale":15154,"name":"test"}]} [] []
[2019-09-28 21:50:15] request.INFO: 5d8fd59755276.GET: https://mazitov979.amocrm.ru/api/v2/leads?id=9800711  [] []
[2019-09-28 21:50:15] request.INFO: 5d8fd59788300.POST: https://mazitov979.amocrm.ru/api/v2/leads {"update":[{"id":"9800711","updated_at":1569707420,"sale":15154,"name":"test"}]} [] []
[2019-09-28 21:51:00] request.INFO: 5d8fd5c42e90e.GET: https://mazitov979.amocrm.ru/api/v2/leads?id=9800711  [] []
[2019-09-28 21:51:00] request.INFO: 5d8fd5c47d3cf.POST: https://mazitov979.amocrm.ru/api/v2/leads {"update":[{"id":"9800711","updated_at":1569707465,"sale":15154,"name":"test"}]} [] []
[2019-09-28 21:51:18] request.INFO: 5d8fd5d5c2d78.GET: https://mazitov979.amocrm.ru/api/v2/leads?id=9800711  [] []
[2019-09-28 21:51:18] request.INFO: 5d8fd5d612823.POST: https://mazitov979.amocrm.ru/api/v2/leads {"update":[{"id":"9800711","updated_at":1569707483,"sale":15154,"name":"test"}]} [] []
[2019-09-28 21:53:18] request.INFO: 5d8fd64c66e52.GET: https://mazitov979.amocrm.ru/api/v2/leads?id=9802955  [] []
[2019-09-28 21:53:18] request.INFO: 5d8fd64e7c691.POST: https://mazitov979.amocrm.ru/api/v2/leads {"update":[{"id":"9802955","updated_at":1569707603,"sale":53155,"name":"test"}]} [] []
[2019-09-28 21:53:50] request.INFO: 5d8fd66e0567c.GET: https://mazitov979.amocrm.ru/api/v2/leads?id=9802955  [] []
[2019-09-28 21:53:50] request.INFO: 5d8fd66e42ee1.POST: https://mazitov979.amocrm.ru/api/v2/leads {"update":[{"id":"9802955","updated_at":1569707635,"sale":53155,"name":"test"}]} [] []
[2019-09-28 21:54:29] request.INFO: 5d8fd69537148.GET: https://mazitov979.amocrm.ru/api/v2/leads?id=9802955  [] []
[2019-09-28 21:54:29] request.INFO: 5d8fd695757f8.POST: https://mazitov979.amocrm.ru/api/v2/leads {"update":[{"id":"9802955","updated_at":1569707674,"sale":53155,"name":"test"}]} [] []
[2019-09-28 21:54:35] request.INFO: 5d8fd69ba651e.GET: https://mazitov979.amocrm.ru/api/v2/leads?id=9802985  [] []
[2019-09-28 21:54:36] request.INFO: 5d8fd69bdc520.POST: https://mazitov979.amocrm.ru/api/v2/leads {"update":[{"id":"9802985","updated_at":1569707680,"sale":39,"name":"test"}]} [] []
[2019-09-28 21:54:58] request.INFO: 5d8fd6b296f69.GET: https://mazitov979.amocrm.ru/api/v2/leads?id=9802955  [] []
[2019-09-28 21:54:59] request.INFO: 5d8fd6b2d4f6f.POST: https://mazitov979.amocrm.ru/api/v2/leads {"update":[{"id":"9802955","updated_at":1569707703,"sale":53155,"name":"test"}]} [] []
[2019-09-28 21:55:01] request.INFO: 5d8fd6b31e26e.GET: https://mazitov979.amocrm.ru/api/v2/leads?id=9802985  [] []
[2019-09-28 21:55:01] request.INFO: 5d8fd6b593dce.POST: https://mazitov979.amocrm.ru/api/v2/leads {"update":[{"id":"9802985","updated_at":1569707706,"sale":39,"name":"test"}]} [] []
[2019-09-28 21:55:02] request.INFO: 5d8fd6b5ceccf.GET: https://mazitov979.amocrm.ru/api/v2/leads?id=9802955  [] []
[2019-09-28 21:55:02] request.INFO: 5d8fd6b611ee6.POST: https://mazitov979.amocrm.ru/api/v2/leads {"update":[{"id":"9802955","updated_at":1569707707,"sale":53155,"name":"test"}]} [] []
[2019-09-28 21:55:02] request.INFO: 5d8fd6b653b08.GET: https://mazitov979.amocrm.ru/api/v2/leads?id=9802985  [] []
[2019-09-28 21:55:02] request.INFO: 5d8fd6b685602.POST: https://mazitov979.amocrm.ru/api/v2/leads {"update":[{"id":"9802985","updated_at":1569707707,"sale":39,"name":"test"}]} [] []
[2019-09-28 21:55:03] request.INFO: 5d8fd6b6ca471.GET: https://mazitov979.amocrm.ru/api/v2/leads?id=9802955  [] []
[2019-09-28 21:55:03] request.INFO: 5d8fd6b70d82a.POST: https://mazitov979.amocrm.ru/api/v2/leads {"update":[{"id":"9802955","updated_at":1569707708,"sale":53155,"name":"test"}]} [] []
[2019-09-28 21:55:03] request.INFO: 5d8fd6b753ceb.GET: https://mazitov979.amocrm.ru/api/v2/leads?id=9802985  [] []
[2019-09-28 21:55:03] request.INFO: 5d8fd6b78a0bf.POST: https://mazitov979.amocrm.ru/api/v2/leads {"update":[{"id":"9802985","updated_at":1569707708,"sale":39,"name":"test"}]} [] []
[2019-09-28 21:55:04] request.INFO: 5d8fd6b7c8636.GET: https://mazitov979.amocrm.ru/api/v2/leads?id=9802955  [] []
[2019-09-28 21:55:04] request.INFO: 5d8fd6b80aff7.POST: https://mazitov979.amocrm.ru/api/v2/leads {"update":[{"id":"9802955","updated_at":1569707709,"sale":53155,"name":"test"}]} [] []
[2019-09-28 21:55:04] request.INFO: 5d8fd6b847d99.GET: https://mazitov979.amocrm.ru/api/v2/leads?id=9802985  [] []
[2019-09-28 21:55:04] request.INFO: 5d8fd6b87d860.POST: https://mazitov979.amocrm.ru/api/v2/leads {"update":[{"id":"9802985","updated_at":1569707709,"sale":39,"name":"test"}]} [] []
[2019-09-28 21:55:04] request.INFO: 5d8fd6b8bac28.GET: https://mazitov979.amocrm.ru/api/v2/leads?id=9802955  [] []
[2019-09-28 21:55:05] request.INFO: 5d8fd6b904742.POST: https://mazitov979.amocrm.ru/api/v2/leads {"update":[{"id":"9802955","updated_at":1569707710,"sale":53155,"name":"test"}]} [] []
[2019-09-28 21:55:05] request.INFO: 5d8fd6b93f249.GET: https://mazitov979.amocrm.ru/api/v2/leads?id=9802985  [] []
[2019-09-28 21:55:05] request.INFO: 5d8fd6b973941.POST: https://mazitov979.amocrm.ru/api/v2/leads {"update":[{"id":"9802985","updated_at":1569707710,"sale":39,"name":"test"}]} [] []
[2019-09-28 21:55:05] request.INFO: 5d8fd6b9b34d2.GET: https://mazitov979.amocrm.ru/api/v2/leads?id=9802955  [] []
[2019-09-28 21:55:06] request.INFO: 5d8fd6b9f2ed3.POST: https://mazitov979.amocrm.ru/api/v2/leads {"update":[{"id":"9802955","updated_at":1569707710,"sale":53155,"name":"test"}]} [] []
[2019-09-28 21:55:06] request.INFO: 5d8fd6ba3d1ea.GET: https://mazitov979.amocrm.ru/api/v2/leads?id=9802985  [] []
[2019-09-28 21:55:06] request.INFO: 5d8fd6ba7151e.POST: https://mazitov979.amocrm.ru/api/v2/leads {"update":[{"id":"9802985","updated_at":1569707711,"sale":39,"name":"test"}]} [] []
[2019-09-28 21:55:09] request.INFO: 5d8fd6bdb23e9.GET: https://mazitov979.amocrm.ru/api/v2/leads?id=9802985  [] []
[2019-09-28 21:55:10] request.INFO: 5d8fd6bdec524.POST: https://mazitov979.amocrm.ru/api/v2/leads {"update":[{"id":"9802985","updated_at":1569707714,"sale":39,"name":"test"}]} [] []
[2019-09-28 21:55:13] request.INFO: 5d8fd6c1378fd.GET: https://mazitov979.amocrm.ru/api/v2/leads?id=9802985  [] []
[2019-09-28 21:55:13] request.INFO: 5d8fd6c16aad6.POST: https://mazitov979.amocrm.ru/api/v2/leads {"update":[{"id":"9802985","updated_at":1569707718,"sale":39,"name":"test"}]} [] []
[2019-09-28 21:55:13] request.INFO: 5d8fd6c1bd954.GET: https://mazitov979.amocrm.ru/api/v2/leads?id=9803009  [] []
[2019-09-28 21:55:14] request.INFO: 5d8fd6c1ee9e8.POST: https://mazitov979.amocrm.ru/api/v2/leads {"update":[{"id":"9803009","updated_at":1569707718,"sale":68,"name":"test"}]} [] []
[2019-09-28 21:55:14] request.INFO: 5d8fd6c240c08.GET: https://mazitov979.amocrm.ru/api/v2/leads?id=9802985  [] []
[2019-09-28 21:55:14] request.INFO: 5d8fd6c270d5a.POST: https://mazitov979.amocrm.ru/api/v2/leads {"update":[{"id":"9802985","updated_at":1569707719,"sale":39,"name":"test"}]} [] []
[2019-09-28 21:55:14] request.INFO: 5d8fd6c2b0c6b.GET: https://mazitov979.amocrm.ru/api/v2/leads?id=9803009  [] []
[2019-09-28 21:55:15] request.INFO: 5d8fd6c2ebed9.POST: https://mazitov979.amocrm.ru/api/v2/leads {"update":[{"id":"9803009","updated_at":1569707719,"sale":68,"name":"test"}]} [] []
[2019-09-28 21:55:15] request.INFO: 5d8fd6c33ca17.GET: https://mazitov979.amocrm.ru/api/v2/leads?id=9802985  [] []
[2019-09-28 21:55:15] request.INFO: 5d8fd6c36f7b0.POST: https://mazitov979.amocrm.ru/api/v2/leads {"update":[{"id":"9802985","updated_at":1569707720,"sale":39,"name":"test"}]} [] []
[2019-09-28 21:55:15] request.INFO: 5d8fd6c3adb62.GET: https://mazitov979.amocrm.ru/api/v2/leads?id=9803009  [] []
[2019-09-28 21:55:16] request.INFO: 5d8fd6c3e2a7c.POST: https://mazitov979.amocrm.ru/api/v2/leads {"update":[{"id":"9803009","updated_at":1569707720,"sale":68,"name":"test"}]} [] []
[2019-09-28 21:55:16] request.INFO: 5d8fd6c422ff1.GET: https://mazitov979.amocrm.ru/api/v2/leads?id=9802985  [] []
[2019-09-28 21:55:16] request.INFO: 5d8fd6c4531e9.POST: https://mazitov979.amocrm.ru/api/v2/leads {"update":[{"id":"9802985","updated_at":1569707721,"sale":39,"name":"test"}]} [] []
[2019-09-28 21:55:16] request.INFO: 5d8fd6c48a6de.GET: https://mazitov979.amocrm.ru/api/v2/leads?id=9803009  [] []
[2019-09-28 21:55:17] request.INFO: 5d8fd6c4c3b84.POST: https://mazitov979.amocrm.ru/api/v2/leads {"update":[{"id":"9803009","updated_at":1569707721,"sale":68,"name":"test"}]} [] []
[2019-09-28 21:55:17] request.INFO: 5d8fd6c50ed2f.GET: https://mazitov979.amocrm.ru/api/v2/leads?id=9802985  [] []
[2019-09-28 21:55:17] request.INFO: 5d8fd6c540ace.POST: https://mazitov979.amocrm.ru/api/v2/leads {"update":[{"id":"9802985","updated_at":1569707722,"sale":39,"name":"test"}]} [] []
[2019-09-28 21:55:17] request.INFO: 5d8fd6c57f7fd.GET: https://mazitov979.amocrm.ru/api/v2/leads?id=9803009  [] []
[2019-09-28 21:55:17] request.INFO: 5d8fd6c5ac7b7.POST: https://mazitov979.amocrm.ru/api/v2/leads {"update":[{"id":"9803009","updated_at":1569707722,"sale":68,"name":"test"}]} [] []
[2019-09-28 21:55:18] request.INFO: 5d8fd6c5eff70.GET: https://mazitov979.amocrm.ru/api/v2/leads?id=9802985  [] []
[2019-09-28 21:55:18] request.INFO: 5d8fd6c62a79c.POST: https://mazitov979.amocrm.ru/api/v2/leads {"update":[{"id":"9802985","updated_at":1569707723,"sale":39,"name":"test"}]} [] []
[2019-09-28 21:55:18] request.INFO: 5d8fd6c66dc83.GET: https://mazitov979.amocrm.ru/api/v2/leads?id=9803009  [] []
[2019-09-28 21:55:18] request.INFO: 5d8fd6c6a6fdd.POST: https://mazitov979.amocrm.ru/api/v2/leads {"update":[{"id":"9803009","updated_at":1569707723,"sale":68,"name":"test"}]} [] []
[2019-09-28 21:55:19] request.INFO: 5d8fd6c6e332c.GET: https://mazitov979.amocrm.ru/api/v2/leads?id=9802985  [] []
[2019-09-28 21:55:19] request.INFO: 5d8fd6c72397d.POST: https://mazitov979.amocrm.ru/api/v2/leads {"update":[{"id":"9802985","updated_at":1569707724,"sale":39,"name":"test"}]} [] []
[2019-09-28 21:55:19] request.INFO: 5d8fd6c76c59f.GET: https://mazitov979.amocrm.ru/api/v2/leads?id=9803009  [] []
[2019-09-28 21:55:19] request.INFO: 5d8fd6c79a8a1.POST: https://mazitov979.amocrm.ru/api/v2/leads {"update":[{"id":"9803009","updated_at":1569707724,"sale":68,"name":"test"}]} [] []
[2019-09-28 21:55:20] request.INFO: 5d8fd6c7d5189.GET: https://mazitov979.amocrm.ru/api/v2/leads?id=9802985  [] []
[2019-09-28 21:55:20] request.INFO: 5d8fd6c814439.POST: https://mazitov979.amocrm.ru/api/v2/leads {"update":[{"id":"9802985","updated_at":1569707725,"sale":39,"name":"test"}]} [] []
[2019-09-28 21:55:20] request.INFO: 5d8fd6c875072.GET: https://mazitov979.amocrm.ru/api/v2/leads?id=9803009  [] []
[2019-09-28 21:55:22] request.INFO: 5d8fd6c8aa024.POST: https://mazitov979.amocrm.ru/api/v2/leads {"update":[{"id":"9803009","updated_at":1569707725,"sale":68,"name":"test"}]} [] []
[2019-09-28 21:55:22] request.INFO: 5d8fd6ca892a7.GET: https://mazitov979.amocrm.ru/api/v2/leads?id=9802985  [] []
[2019-09-28 21:55:23] request.INFO: 5d8fd6cabd8dd.POST: https://mazitov979.amocrm.ru/api/v2/leads {"update":[{"id":"9802985","updated_at":1569707727,"sale":39,"name":"test"}]} [] []
[2019-09-28 21:55:23] request.INFO: 5d8fd6cb1091f.GET: https://mazitov979.amocrm.ru/api/v2/leads?id=9803009  [] []
[2019-09-28 21:55:23] request.INFO: 5d8fd6cb4503b.POST: https://mazitov979.amocrm.ru/api/v2/leads {"update":[{"id":"9803009","updated_at":1569707728,"sale":68,"name":"test"}]} [] []
[2019-09-28 21:55:23] request.INFO: 5d8fd6cb76bb6.GET: https://mazitov979.amocrm.ru/api/v2/leads?id=9802985  [] []
[2019-09-28 21:55:23] request.INFO: 5d8fd6cba5271.POST: https://mazitov979.amocrm.ru/api/v2/leads {"update":[{"id":"9802985","updated_at":1569707728,"sale":39,"name":"test"}]} [] []
[2019-09-28 21:55:24] request.INFO: 5d8fd6cbe8ffd.GET: https://mazitov979.amocrm.ru/api/v2/leads?id=9803009  [] []
[2019-09-28 21:55:24] request.INFO: 5d8fd6cc2acfe.POST: https://mazitov979.amocrm.ru/api/v2/leads {"update":[{"id":"9803009","updated_at":1569707729,"sale":68,"name":"test"}]} [] []
[2019-09-28 21:55:24] request.INFO: 5d8fd6cc708a7.GET: https://mazitov979.amocrm.ru/api/v2/leads?id=9802985  [] []
[2019-09-28 21:55:24] request.INFO: 5d8fd6cca27a9.POST: https://mazitov979.amocrm.ru/api/v2/leads {"update":[{"id":"9802985","updated_at":1569707729,"sale":39,"name":"test"}]} [] []
[2019-09-28 21:55:25] request.INFO: 5d8fd6cce2991.GET: https://mazitov979.amocrm.ru/api/v2/leads?id=9803009  [] []
[2019-09-28 21:55:25] request.INFO: 5d8fd6cd1f1b6.POST: https://mazitov979.amocrm.ru/api/v2/leads {"update":[{"id":"9803009","updated_at":1569707730,"sale":68,"name":"test"}]} [] []
[2019-09-28 21:55:25] request.INFO: 5d8fd6cd5f960.GET: https://mazitov979.amocrm.ru/api/v2/leads?id=9802985  [] []
[2019-09-28 21:55:25] request.INFO: 5d8fd6cd96d25.POST: https://mazitov979.amocrm.ru/api/v2/leads {"update":[{"id":"9802985","updated_at":1569707730,"sale":39,"name":"test"}]} [] []
[2019-09-28 21:55:26] request.INFO: 5d8fd6cdd3021.GET: https://mazitov979.amocrm.ru/api/v2/leads?id=9803009  [] []
[2019-09-28 21:55:26] request.INFO: 5d8fd6ce15862.POST: https://mazitov979.amocrm.ru/api/v2/leads {"update":[{"id":"9803009","updated_at":1569707731,"sale":68,"name":"test"}]} [] []
[2019-09-28 21:55:26] request.INFO: 5d8fd6ce52131.GET: https://mazitov979.amocrm.ru/api/v2/leads?id=9802985  [] []
[2019-09-28 21:55:26] request.INFO: 5d8fd6ce8e605.POST: https://mazitov979.amocrm.ru/api/v2/leads {"update":[{"id":"9802985","updated_at":1569707731,"sale":39,"name":"test"}]} [] []
[2019-09-28 21:55:27] request.INFO: 5d8fd6cec5cc3.GET: https://mazitov979.amocrm.ru/api/v2/leads?id=9803009  [] []
[2019-09-28 21:55:27] request.INFO: 5d8fd6cf04fb0.POST: https://mazitov979.amocrm.ru/api/v2/leads {"update":[{"id":"9803009","updated_at":1569707732,"sale":68,"name":"test"}]} [] []
[2019-09-28 21:55:27] request.INFO: 5d8fd6cf42579.GET: https://mazitov979.amocrm.ru/api/v2/leads?id=9802985  [] []
[2019-09-28 21:55:27] request.INFO: 5d8fd6cf77799.POST: https://mazitov979.amocrm.ru/api/v2/leads {"update":[{"id":"9802985","updated_at":1569707732,"sale":39,"name":"test"}]} [] []
[2019-09-28 21:55:28] request.INFO: 5d8fd6cfb07d0.GET: https://mazitov979.amocrm.ru/api/v2/leads?id=9803009  [] []
[2019-09-28 21:55:28] request.INFO: 5d8fd6d00a379.POST: https://mazitov979.amocrm.ru/api/v2/leads {"update":[{"id":"9803009","updated_at":1569707733,"sale":68,"name":"test"}]} [] []
[2019-09-28 21:55:28] request.INFO: 5d8fd6d04689c.GET: https://mazitov979.amocrm.ru/api/v2/leads?id=9802985  [] []
[2019-09-28 21:55:28] request.INFO: 5d8fd6d08d818.POST: https://mazitov979.amocrm.ru/api/v2/leads {"update":[{"id":"9802985","updated_at":1569707733,"sale":39,"name":"test"}]} [] []
[2019-09-28 21:55:28] request.INFO: 5d8fd6d0c2ff5.GET: https://mazitov979.amocrm.ru/api/v2/leads?id=9803009  [] []
[2019-09-28 21:55:29] request.INFO: 5d8fd6d105b84.POST: https://mazitov979.amocrm.ru/api/v2/leads {"update":[{"id":"9803009","updated_at":1569707734,"sale":68,"name":"test"}]} [] []
[2019-09-28 21:55:29] request.INFO: 5d8fd6d144891.GET: https://mazitov979.amocrm.ru/api/v2/leads?id=9802985  [] []
[2019-09-28 21:55:29] request.INFO: 5d8fd6d178e3f.POST: https://mazitov979.amocrm.ru/api/v2/leads {"update":[{"id":"9802985","updated_at":1569707734,"sale":39,"name":"test"}]} [] []
[2019-09-28 21:55:29] request.INFO: 5d8fd6d1a8dbb.GET: https://mazitov979.amocrm.ru/api/v2/leads?id=9803009  [] []
[2019-09-28 21:55:30] request.INFO: 5d8fd6d1e56d4.POST: https://mazitov979.amocrm.ru/api/v2/leads {"update":[{"id":"9803009","updated_at":1569707734,"sale":68,"name":"test"}]} [] []
[2019-09-28 21:55:31] request.INFO: 5d8fd6d22faf3.GET: https://mazitov979.amocrm.ru/api/v2/leads?id=9802985  [] []
[2019-09-28 21:55:31] request.INFO: 5d8fd6d39df82.POST: https://mazitov979.amocrm.ru/api/v2/leads {"update":[{"id":"9802985","updated_at":1569707736,"sale":39,"name":"test"}]} [] []
[2019-09-28 21:55:35] request.INFO: 5d8fd6d6e072a.GET: https://mazitov979.amocrm.ru/api/v2/leads?id=9802985  [] []
[2019-09-28 21:55:35] request.INFO: 5d8fd6d7269cf.POST: https://mazitov979.amocrm.ru/api/v2/leads {"update":[{"id":"9802985","updated_at":1569707740,"sale":39,"name":"test"}]} [] []
[2019-09-28 21:55:38] request.INFO: 5d8fd6da5c8e2.GET: https://mazitov979.amocrm.ru/api/v2/leads?id=9802985  [] []
[2019-09-28 21:55:38] request.INFO: 5d8fd6da91be7.POST: https://mazitov979.amocrm.ru/api/v2/leads {"update":[{"id":"9802985","updated_at":1569707743,"sale":39,"name":"test"}]} [] []
[2019-09-28 21:55:42] request.INFO: 5d8fd6ddd2ba6.GET: https://mazitov979.amocrm.ru/api/v2/leads?id=9802985  [] []
[2019-09-28 21:55:42] request.INFO: 5d8fd6de12cea.POST: https://mazitov979.amocrm.ru/api/v2/leads {"update":[{"id":"9802985","updated_at":1569707747,"sale":39,"name":"test"}]} [] []
[2019-09-28 21:55:45] request.INFO: 5d8fd6e15680f.GET: https://mazitov979.amocrm.ru/api/v2/leads?id=9802985  [] []
[2019-09-28 21:55:45] request.INFO: 5d8fd6e181e26.POST: https://mazitov979.amocrm.ru/api/v2/leads {"update":[{"id":"9802985","updated_at":1569707750,"sale":39,"name":"test"}]} [] []
[2019-09-28 21:55:48] request.INFO: 5d8fd6e4be79f.GET: https://mazitov979.amocrm.ru/api/v2/leads?id=9802985  [] []
[2019-09-28 21:55:49] request.INFO: 5d8fd6e50319c.POST: https://mazitov979.amocrm.ru/api/v2/leads {"update":[{"id":"9802985","updated_at":1569707754,"sale":39,"name":"test"}]} [] []
[2019-09-28 21:55:52] request.INFO: 5d8fd6e841829.GET: https://mazitov979.amocrm.ru/api/v2/leads?id=9802985  [] []
[2019-09-28 21:55:52] request.INFO: 5d8fd6e87332d.POST: https://mazitov979.amocrm.ru/api/v2/leads {"update":[{"id":"9802985","updated_at":1569707757,"sale":39,"name":"test"}]} [] []
[2019-09-28 21:55:55] request.INFO: 5d8fd6eba9e34.GET: https://mazitov979.amocrm.ru/api/v2/leads?id=9802985  [] []
[2019-09-28 21:55:56] request.INFO: 5d8fd6ebe79ae.POST: https://mazitov979.amocrm.ru/api/v2/leads {"update":[{"id":"9802985","updated_at":1569707760,"sale":39,"name":"test"}]} [] []
[2019-09-28 21:55:59] request.INFO: 5d8fd6ef37031.GET: https://mazitov979.amocrm.ru/api/v2/leads?id=9802985  [] []
[2019-09-28 21:55:59] request.INFO: 5d8fd6ef71d53.POST: https://mazitov979.amocrm.ru/api/v2/leads {"update":[{"id":"9802985","updated_at":1569707764,"sale":39,"name":"test"}]} [] []
[2019-09-28 21:56:02] request.INFO: 5d8fd6f2b2b71.GET: https://mazitov979.amocrm.ru/api/v2/leads?id=9802985  [] []
[2019-09-28 21:56:03] request.INFO: 5d8fd6f2e73bb.POST: https://mazitov979.amocrm.ru/api/v2/leads {"update":[{"id":"9802985","updated_at":1569707767,"sale":39,"name":"test"}]} [] []
[2019-09-28 21:56:06] request.INFO: 5d8fd6f62a146.GET: https://mazitov979.amocrm.ru/api/v2/leads?id=9802985  [] []
[2019-09-28 21:56:06] request.INFO: 5d8fd6f662da9.POST: https://mazitov979.amocrm.ru/api/v2/leads {"update":[{"id":"9802985","updated_at":1569707771,"sale":39,"name":"test"}]} [] []
[2019-09-28 21:56:18] request.INFO: 5d8fd7029ed9f.GET: https://mazitov979.amocrm.ru/api/v2/leads?id=9802985  [] []
[2019-09-28 21:56:19] request.INFO: 5d8fd702eb95e.POST: https://mazitov979.amocrm.ru/api/v2/leads {"update":[{"id":"9802985","updated_at":1569707783,"sale":39,"name":"test"}]} [] []
[2019-09-28 21:56:22] request.INFO: 5d8fd706390e0.GET: https://mazitov979.amocrm.ru/api/v2/leads?id=9802985  [] []
[2019-09-28 21:56:22] request.INFO: 5d8fd7066ff8c.POST: https://mazitov979.amocrm.ru/api/v2/leads {"update":[{"id":"9802985","updated_at":1569707787,"sale":39,"name":"test"}]} [] []
[2019-09-28 21:56:25] request.INFO: 5d8fd709b6a62.GET: https://mazitov979.amocrm.ru/api/v2/leads?id=9802985  [] []
[2019-09-28 21:56:26] request.INFO: 5d8fd709e988c.POST: https://mazitov979.amocrm.ru/api/v2/leads {"update":[{"id":"9802985","updated_at":1569707790,"sale":39,"name":"test"}]} [] []
[2019-09-28 21:56:29] request.INFO: 5d8fd70d32da8.GET: https://mazitov979.amocrm.ru/api/v2/leads?id=9802985  [] []
[2019-09-28 21:56:29] request.INFO: 5d8fd70d743b0.POST: https://mazitov979.amocrm.ru/api/v2/leads {"update":[{"id":"9802985","updated_at":1569707794,"sale":39,"name":"test"}]} [] []
[2019-09-28 21:56:32] request.INFO: 5d8fd710bca6a.GET: https://mazitov979.amocrm.ru/api/v2/leads?id=9802985  [] []
[2019-09-28 21:56:33] request.INFO: 5d8fd71103cfb.POST: https://mazitov979.amocrm.ru/api/v2/leads {"update":[{"id":"9802985","updated_at":1569707798,"sale":39,"name":"test"}]} [] []
[2019-09-28 22:05:07] request.INFO: 5d8fd913377ba.GET: https://mazitov979.amocrm.ru/api/v2/leads?id=9802985  [] []
[2019-09-28 22:05:07] request.INFO: 5d8fd9137dc0b.GET: https://mazitov979.amocrm.ru/api/v2/leads?id=9803009  [] []
[2019-09-28 22:05:09] request.INFO: 5d8fd913b4164.POST: https://mazitov979.amocrm.ru/api/v2/leads {"update":[{"id":"9803009","updated_at":1569708312,"sale":68,"name":"test","custom_fields":[{"id":"455197","values":[{"value":"2019\/09\/24"}]}]}]} [] []
[2019-09-28 22:05:12] request.INFO: 5d8fd91852a19.GET: https://mazitov979.amocrm.ru/api/v2/leads?id=9803009  [] []
[2019-09-28 22:05:12] request.INFO: 5d8fd9188911a.POST: https://mazitov979.amocrm.ru/api/v2/leads {"update":[{"id":"9803009","updated_at":1569708317,"sale":68,"name":"test","custom_fields":[{"id":"455197","values":[{"value":"2019\/09\/24"}]}]}]} [] []
[2019-09-28 22:05:15] request.INFO: 5d8fd91bc0c31.GET: https://mazitov979.amocrm.ru/api/v2/leads?id=9803009  [] []
[2019-09-28 22:05:16] request.INFO: 5d8fd91bf39d9.POST: https://mazitov979.amocrm.ru/api/v2/leads {"update":[{"id":"9803009","updated_at":1569708320,"sale":68,"name":"test","custom_fields":[{"id":"455197","values":[{"value":"2019\/09\/24"}]}]}]} [] []
[2019-09-28 22:05:19] request.INFO: 5d8fd91f4f6d1.GET: https://mazitov979.amocrm.ru/api/v2/leads?id=9803009  [] []
[2019-09-28 22:05:19] request.INFO: 5d8fd91f824f4.POST: https://mazitov979.amocrm.ru/api/v2/leads {"update":[{"id":"9803009","updated_at":1569708324,"sale":68,"name":"test","custom_fields":[{"id":"455197","values":[{"value":"2019\/09\/24"}]}]}]} [] []
[2019-09-28 22:05:23] request.INFO: 5d8fd922d71a5.GET: https://mazitov979.amocrm.ru/api/v2/leads?id=9803009  [] []
[2019-09-28 22:05:23] request.INFO: 5d8fd923183bb.POST: https://mazitov979.amocrm.ru/api/v2/leads {"update":[{"id":"9803009","updated_at":1569708328,"sale":68,"name":"test","custom_fields":[{"id":"455197","values":[{"value":"2019\/09\/24"}]}]}]} [] []
[2019-09-28 22:05:27] request.INFO: 5d8fd9265b934.GET: https://mazitov979.amocrm.ru/api/v2/leads?id=9803009  [] []
[2019-09-28 22:05:28] request.INFO: 5d8fd927c0cfd.POST: https://mazitov979.amocrm.ru/api/v2/leads {"update":[{"id":"9803009","updated_at":1569708332,"sale":68,"name":"test","custom_fields":[{"id":"455197","values":[{"value":"2019\/09\/24"}]}]}]} [] []
[2019-09-28 22:06:42] request.INFO: 5d8fd9728f15e.GET: https://mazitov979.amocrm.ru/api/v2/leads?id=9803009  [] []
[2019-09-28 22:07:06] request.INFO: 5d8fd98a10e8d.GET: https://mazitov979.amocrm.ru/api/v2/leads?id=9803009  [] []
[2019-09-28 22:07:23] request.INFO: 5d8fd99adfa8b.GET: https://mazitov979.amocrm.ru/api/v2/leads?id=9803009  [] []
[2019-09-28 22:07:23] request.INFO: 5d8fd99b291b3.POST: https://mazitov979.amocrm.ru/api/v2/leads {"update":[{"id":"9803009","updated_at":1569708448,"sale":68,"name":"test"}]} [] []
[2019-09-28 22:08:24] request.INFO: 5d8fd9d8a2240.GET: https://mazitov979.amocrm.ru/api/v2/leads?id=9803009  [] []
[2019-09-28 22:10:24] request.INFO: 5d8fda50a2de7.GET: https://mazitov979.amocrm.ru/api/v2/leads?id=9803009  [] []
[2019-09-28 22:10:25] request.INFO: 5d8fda50e079e.POST: https://mazitov979.amocrm.ru/api/v2/leads {"update":[{"id":"9803009","updated_at":1569708629,"sale":68,"name":"test"}]} [] []
[2019-09-28 22:17:43] request.INFO: 5d8fdc07411fc.GET: https://mazitov979.amocrm.ru/api/v2/leads?id=9803009  [] []
[2019-09-28 22:18:17] request.INFO: 5d8fdc29b0454.GET: https://mazitov979.amocrm.ru/api/v2/leads?id=9803009  [] []
[2019-09-28 22:19:00] request.INFO: 5d8fdc54a989d.GET: https://mazitov979.amocrm.ru/api/v2/leads?id=9803009  [] []
[2019-09-28 22:20:00] request.INFO: 5d8fdc9042666.GET: https://mazitov979.amocrm.ru/api/v2/leads?id=9803009  [] []
[2019-09-28 22:21:55] request.INFO: 5d8fdd03228aa.GET: https://mazitov979.amocrm.ru/api/v2/leads?id=9803009  [] []
[2019-09-28 22:21:55] request.INFO: 5d8fdd035d1d7.POST: https://mazitov979.amocrm.ru/api/v2/leads {"update":[{"id":"9803009","updated_at":1569709320,"sale":68,"name":"test","custom_fields":[{"id":455193,"values":[{"value":"2019\/09\/28"}]}]}]} [] []
[2019-09-28 22:23:15] request.INFO: 5d8fdd5315d31.GET: https://mazitov979.amocrm.ru/api/v2/leads?id=9803009  [] []
[2019-09-28 22:23:15] request.INFO: 5d8fdd535723e.POST: https://mazitov979.amocrm.ru/api/v2/leads {"update":[{"id":"9803009","updated_at":1569709400,"sale":68,"name":"test","custom_fields":[{"id":455193,"values":[{"value":"2019\/09\/28"}]}]}]} [] []
[2019-09-28 22:23:15] request.INFO: 5d8fdd5398233.GET: https://mazitov979.amocrm.ru/api/v2/leads?id=9803009  [] []
[2019-09-28 22:23:16] request.INFO: 5d8fdd53cf6e7.POST: https://mazitov979.amocrm.ru/api/v2/leads {"update":[{"id":"9803009","updated_at":1569709400,"sale":688,"name":"test","custom_fields":[{"id":455193,"values":[{"value":"2019\/09\/28"}]}]}]} [] []
[2019-09-28 22:23:17] request.INFO: 5d8fdd541c790.GET: https://mazitov979.amocrm.ru/api/v2/leads?id=9803009  [] []
[2019-09-28 22:23:18] request.INFO: 5d8fdd55ec6b8.POST: https://mazitov979.amocrm.ru/api/v2/leads {"update":[{"id":"9803009","updated_at":1569709402,"sale":688,"name":"test","custom_fields":[{"id":455193,"values":[{"value":"2019\/09\/28"}]}]}]} [] []
[2019-09-28 22:23:18] request.INFO: 5d8fdd5637c88.GET: https://mazitov979.amocrm.ru/api/v2/leads?id=9803009  [] []
[2019-09-28 22:23:18] request.INFO: 5d8fdd5667898.POST: https://mazitov979.amocrm.ru/api/v2/leads {"update":[{"id":"9803009","updated_at":1569709403,"sale":688,"name":"test","custom_fields":[{"id":455193,"values":[{"value":"2019\/09\/28"}]}]}]} [] []
[2019-09-28 22:23:18] request.INFO: 5d8fdd56a7391.GET: https://mazitov979.amocrm.ru/api/v2/leads?id=9803009  [] []
[2019-09-28 22:23:19] request.INFO: 5d8fdd56e07ee.POST: https://mazitov979.amocrm.ru/api/v2/leads {"update":[{"id":"9803009","updated_at":1569709403,"sale":688,"name":"test","custom_fields":[{"id":455193,"values":[{"value":"2019\/09\/28"}]}]}]} [] []
[2019-09-28 22:23:19] request.INFO: 5d8fdd572fe1b.GET: https://mazitov979.amocrm.ru/api/v2/leads?id=9803009  [] []
[2019-09-28 22:23:19] request.INFO: 5d8fdd57631c5.POST: https://mazitov979.amocrm.ru/api/v2/leads {"update":[{"id":"9803009","updated_at":1569709404,"sale":688,"name":"test","custom_fields":[{"id":455193,"values":[{"value":"2019\/09\/28"}]}]}]} [] []
[2019-09-28 22:23:22] request.INFO: 5d8fdd5aa50dc.GET: https://mazitov979.amocrm.ru/api/v2/leads?id=9803009  [] []
[2019-09-28 22:23:23] request.INFO: 5d8fdd5adabdc.POST: https://mazitov979.amocrm.ru/api/v2/leads {"update":[{"id":"9803009","updated_at":1569709407,"sale":688,"name":"test","custom_fields":[{"id":455193,"values":[{"value":"2019\/09\/28"}]}]}]} [] []
