[2019-09-29 09:33:57] request.INFO: 5d907a8548779.GET: https://mazitov979.amocrm.ru/api/v2/leads?id=9803009  [] []
[2019-09-29 09:33:58] request.INFO: 5d907a85eea5e.POST: https://mazitov979.amocrm.ru/private/api/auth.php?type=json {"USER_LOGIN":"mazitov979@gmail.com","USER_HASH":"5d96f5f42a39f27b06f9e268cb83f02b18b0cb17"} [] []
[2019-09-29 09:33:58] request.INFO: 5d907a865717b.GET: https://mazitov979.amocrm.ru/api/v2/leads?id=9803009  [] []
[2019-09-29 09:34:26] request.INFO: 5d907aa2a2c7f.POST: https://mazitov979.amocrm.ru/api/v2/notes {"add":[{"element_id":"9803009","element_type":2,"text":"\u041d\u0438\u0437\u043a\u0438\u0439 \u0431\u044e\u0434\u0436\u0435\u0442 \u0441\u0434\u0435\u043b\u043a\u0438, \u043f\u0440\u0435\u0434\u043b\u043e\u0436\u0438\u0442\u044c \u043a\u043b\u0438\u0435\u043d\u0442\u0443 \u0434\u043e\u043f. \u043f\u0440\u043e\u0434\u0443\u043a\u0442\u044b","id":null}]} [] []
[2019-09-29 09:34:54] request.INFO: 5d907abe05fb0.GET: https://mazitov979.amocrm.ru/api/v2/leads?id=9803009  [] []
[2019-09-29 09:36:22] request.INFO: 5d907b15d2ed4.POST: https://mazitov979.amocrm.ru/api/v2/leads {"update":[{"id":"9803009","updated_at":1569749786,"status_id":29884045}]} [] []
[2019-09-29 09:43:11] request.INFO: 5d907caf76a47.GET: https://mazitov979.amocrm.ru/api/v2/leads?id=9803009  [] []
[2019-09-29 09:45:41] request.INFO: 5d907d455622d.GET: https://mazitov979.amocrm.ru/api/v2/leads?id=9803009  [] []
[2019-09-29 09:45:47] request.INFO: 5d907d4b3ce58.GET: https://mazitov979.amocrm.ru/api/v2/leads?id=9803009  [] []
[2019-09-29 09:45:54] request.INFO: 5d907d51c110d.GET: https://mazitov979.amocrm.ru/api/v2/leads?id=9803009  [] []
[2019-09-29 09:57:08] request.INFO: 5d907ff431b33.GET: https://mazitov979.amocrm.ru/api/v2/leads?id=9803009  [] []
[2019-09-29 09:57:08] request.INFO: 5d907ff474673.GET: https://mazitov979.amocrm.ru/api/v2/leads?id=9803009  [] []
[2019-09-29 09:57:08] request.INFO: 5d907ff4a9121.GET: https://mazitov979.amocrm.ru/api/v2/leads?id=9803009  [] []
[2019-09-29 10:00:50] request.INFO: 5d9080d27108b.GET: https://mazitov979.amocrm.ru/api/v2/leads?id=9803009  [] []
[2019-09-29 10:00:50] request.INFO: 5d9080d2b45f1.GET: https://mazitov979.amocrm.ru/api/v2/leads?id=9803009  [] []
[2019-09-29 10:03:47] request.INFO: 5d908183488ed.GET: https://mazitov979.amocrm.ru/api/v2/leads?id=9803009  [] []
[2019-09-29 10:03:47] request.INFO: 5d90818390676.GET: https://mazitov979.amocrm.ru/api/v2/leads?id=9803009  [] []
[2019-09-29 10:05:33] request.INFO: 5d9081ece9b8f.GET: https://mazitov979.amocrm.ru/api/v2/leads?id=9803009  [] []
[2019-09-29 10:05:36] request.INFO: 5d9081f034100.GET: https://mazitov979.amocrm.ru/api/v2/leads?id=9803009  [] []
[2019-09-29 10:06:04] request.INFO: 5d90820c054cc.GET: https://mazitov979.amocrm.ru/api/v2/leads?id=9803009  [] []
[2019-09-29 10:06:04] request.INFO: 5d90820c4fb65.GET: https://mazitov979.amocrm.ru/api/v2/leads?id=9803009  [] []
[2019-09-29 10:13:41] request.INFO: 5d9083d5b3866.GET: https://mazitov979.amocrm.ru/api/v2/leads?id=9803009  [] []
[2019-09-29 10:14:18] request.INFO: 5d9083fa4eac2.GET: https://mazitov979.amocrm.ru/api/v2/leads?id=9803009  [] []
[2019-09-29 10:14:19] request.INFO: 5d9083fad8e2b.GET: https://mazitov979.amocrm.ru/api/v2/leads?id=9803009  [] []
[2019-09-29 10:14:19] request.INFO: 5d9083fb1bfc2.POST: https://mazitov979.amocrm.ru/api/v2/leads "9803009" [] []
[2019-09-29 10:22:00] request.INFO: 5d9085c8b72d4.GET: https://mazitov979.amocrm.ru/api/v2/leads?id=9803009  [] []
[2019-09-29 10:22:01] request.INFO: 5d9085c906019.GET: https://mazitov979.amocrm.ru/api/v2/leads?id=9803009  [] []
[2019-09-29 10:31:34] request.INFO: 5d908806a831a.GET: https://mazitov979.amocrm.ru/api/v2/leads?id=9803009  [] []
[2019-09-29 10:31:38] request.INFO: 5d908809e4fb2.GET: https://mazitov979.amocrm.ru/api/v2/leads?id=9803009  [] []
[2019-09-29 10:32:01] request.INFO: 5d908820404e7.GET: https://mazitov979.amocrm.ru/api/v2/leads?id=9803009  [] []
[2019-09-29 10:32:01] request.INFO: 5d90882163c65.GET: https://mazitov979.amocrm.ru/api/v2/leads?id=9803009  [] []
[2019-09-29 10:32:52] request.INFO: 5d908854a5b3c.GET: https://mazitov979.amocrm.ru/api/v2/leads?id=9803009  [] []
[2019-09-29 10:32:56] request.INFO: 5d908857e8113.GET: https://mazitov979.amocrm.ru/api/v2/leads?id=9803009  [] []
[2019-09-29 10:34:04] request.INFO: 5d90889c8ecc7.GET: https://mazitov979.amocrm.ru/api/v2/leads?id=9803009  [] []
[2019-09-29 10:34:05] request.INFO: 5d90889cd0779.POST: https://mazitov979.amocrm.ru/api/v2/leads?id=9803009&entity=leads  [] []
[2019-09-29 10:42:05] request.INFO: 5d908a7d8cd4b.GET: https://mazitov979.amocrm.ru/api/v2/leads?id=9803009  [] []
[2019-09-29 10:42:06] request.INFO: 5d908a7df0690.GET: https://mazitov979.amocrm.ru/api/v2/leads?id=9803009  [] []
[2019-09-29 10:42:38] request.INFO: 5d908a9e528eb.GET: https://mazitov979.amocrm.ru/api/v2/leads?id=9803009  [] []
[2019-09-29 10:42:38] request.INFO: 5d908a9ea47f7.GET: https://mazitov979.amocrm.ru/api/v2/leads?id=9803009  [] []
[2019-09-29 10:46:51] request.INFO: 5d908b9b22893.GET: https://mazitov979.amocrm.ru/api/v2/leads?id=9803009  [] []
[2019-09-29 10:52:06] request.INFO: 5d908cd6a2c3a.GET: https://mazitov979.amocrm.ru/api/v2/leads?id=9803009  [] []
[2019-09-29 10:52:53] request.INFO: 5d908d0539fd5.GET: https://mazitov979.amocrm.ru/api/v2/leads?id=9803009  [] []
[2019-09-29 10:52:53] request.INFO: 5d908d05763ee.POST: https://mazitov979.amocrm.ru/api/v2/leads?id=9803009&entity=leads  [] []
[2019-09-29 10:54:01] request.INFO: 5d908d49a0659.GET: https://mazitov979.amocrm.ru/api/v2/leads?id=9803009  [] []
[2019-09-29 10:54:02] request.INFO: 5d908d49e8dce.GET: https://mazitov979.amocrm.ru/api/v2/leads?id=9803009&entity=leads  [] []
[2019-09-29 10:54:02] request.INFO: 5d908d4a382e0.GET: https://mazitov979.amocrm.ru/api/v2/leads?id=9803009  [] []
[2019-09-29 10:56:01] request.INFO: 5d908dc10ffbb.GET: https://mazitov979.amocrm.ru/api/v2/leads?id=9803009  [] []
[2019-09-29 10:56:01] request.INFO: 5d908dc1528d9.GET: https://mazitov979.amocrm.ru/api/v2/leads?id=9803009&entity=leads  [] []
[2019-09-29 10:56:01] request.INFO: 5d908dc1b040c.GET: https://mazitov979.amocrm.ru/api/v2/leads?id=9803009  [] []
[2019-09-29 11:19:49] request.INFO: 5d90935553750.GET: https://mazitov979.amocrm.ru/api/v2/leads?id=9803009  [] []
[2019-09-29 11:19:49] request.INFO: 5d90935593809.GET: https://mazitov979.amocrm.ru/api/v2/leads?id=9803009&entity=leads  [] []
[2019-09-29 11:19:50] request.INFO: 5d909355c97c4.GET: https://mazitov979.amocrm.ru/api/v2/leads?id=9803009  [] []
[2019-09-29 11:23:11] request.INFO: 5d90941f7205f.GET: https://mazitov979.amocrm.ru/api/v2/leads?id=9803009  [] []
[2019-09-29 11:23:11] request.INFO: 5d90941fafe1c.GET: https://mazitov979.amocrm.ru/api/v2/leads?id=9803009&entity=leads  [] []
[2019-09-29 11:23:12] request.INFO: 5d90941fe49f4.GET: https://mazitov979.amocrm.ru/api/v2/leads?id=9803009  [] []
[2019-09-29 11:24:19] request.INFO: 5d909462e0c28.GET: https://mazitov979.amocrm.ru/api/v2/leads?id=9803009  [] []
[2019-09-29 11:24:19] request.INFO: 5d9094633f46e.GET: https://mazitov979.amocrm.ru/api/v2/leads?id=9803009&entity=leads  [] []
[2019-09-29 11:24:19] request.INFO: 5d90946379c71.GET: https://mazitov979.amocrm.ru/api/v2/leads?id=9803009  [] []
[2019-09-29 11:25:50] request.INFO: 5d9094beb5c2b.GET: https://mazitov979.amocrm.ru/api/v2/leads?id=9803009  [] []
[2019-09-29 11:25:51] request.INFO: 5d9094bf0103c.GET: https://mazitov979.amocrm.ru/api/v2/leads?id=9803009&entity=leads  [] []
[2019-09-29 11:26:57] request.INFO: 5d9095012c812.GET: https://mazitov979.amocrm.ru/api/v2/leads?id=9803009  [] []
[2019-09-29 11:26:57] request.INFO: 5d9095016d2a2.GET: https://mazitov979.amocrm.ru/api/v2/leads?id=9803009&entity=leads  [] []
[2019-09-29 11:26:57] request.INFO: 5d909501a9f96.GET: https://mazitov979.amocrm.ru/api/v2/leads?id=9803009  [] []
[2019-09-29 11:28:27] request.INFO: 5d90955a9086b.GET: https://mazitov979.amocrm.ru/api/v2/leads?id=9803009  [] []
[2019-09-29 11:28:27] request.INFO: 5d90955b39d6e.GET: https://mazitov979.amocrm.ru/api/v2/leads?id=9803009  [] []
[2019-09-29 11:28:27] request.INFO: 5d90955b7707d.GET: https://mazitov979.amocrm.ru/api/v2/leads?id=9803009&entity=leads  [] []
[2019-09-29 11:30:11] request.INFO: 5d9095c2d8f68.GET: https://mazitov979.amocrm.ru/api/v2/leads?id=9803009  [] []
[2019-09-29 11:30:11] request.INFO: 5d9095c34b0be.GET: https://mazitov979.amocrm.ru/api/v2/leads?id=9803009  [] []
[2019-09-29 11:30:11] request.INFO: 5d9095c3904c8.GET: https://mazitov979.amocrm.ru/api/v2/leads?id=9803009&entity=leads  [] []
[2019-09-29 11:34:34] request.INFO: 5d9096ca913b3.GET: https://mazitov979.amocrm.ru/api/v2/leads?id=9803009  [] []
[2019-09-29 11:34:35] request.INFO: 5d9096cae6da9.GET: https://mazitov979.amocrm.ru/api/v2/leads?id=9803009&entity=leads  [] []
[2019-09-29 11:34:35] request.INFO: 5d9096cb2ef40.GET: https://mazitov979.amocrm.ru/api/v2/leads?id=9803009  [] []
[2019-09-29 11:35:22] request.INFO: 5d9096fa01c44.GET: https://mazitov979.amocrm.ru/api/v2/leads?id=9803009  [] []
[2019-09-29 11:35:22] request.INFO: 5d9096fa3bdbc.GET: https://mazitov979.amocrm.ru/api/v2/leads?id=9803009&entity=leads  [] []
[2019-09-29 11:35:22] request.INFO: 5d9096fa7befd.GET: https://mazitov979.amocrm.ru/api/v2/leads?id=9803009  [] []
[2019-09-29 11:37:20] request.INFO: 5d90977024bca.GET: https://mazitov979.amocrm.ru/api/v2/leads?id=9803009  [] []
[2019-09-29 11:37:20] request.INFO: 5d90977063dad.GET: https://mazitov979.amocrm.ru/api/v2/leads?id=9803009&entity=leads  [] []
[2019-09-29 11:37:20] request.INFO: 5d9097709adef.GET: https://mazitov979.amocrm.ru/api/v2/leads?id=9803009  [] []
[2019-09-29 11:38:47] request.INFO: 5d9097c7141db.GET: https://mazitov979.amocrm.ru/api/v2/leads?id=9803009  [] []
[2019-09-29 11:38:48] request.INFO: 5d9097c755e96.GET: https://mazitov979.amocrm.ru/api/v2/leads?id=9803009&entity=leads  [] []
[2019-09-29 11:38:49] request.INFO: 5d9097c8c1870.GET: https://mazitov979.amocrm.ru/api/v2/leads?id=9803009  [] []
[2019-09-29 11:40:44] request.INFO: 5d90983c2d7e7.GET: https://mazitov979.amocrm.ru/api/v2/leads?id=9803009  [] []
[2019-09-29 11:40:44] request.INFO: 5d90983c721df.GET: https://mazitov979.amocrm.ru/api/v2/leads?id=9803009  [] []
[2019-09-29 11:40:44] request.INFO: 5d90983ca576c.GET: https://mazitov979.amocrm.ru/api/v2/leads?id=9803009&entity=leads  [] []
[2019-09-29 11:47:07] request.INFO: 5d9099bbb33da.GET: https://mazitov979.amocrm.ru/api/v2/leads?id=9803009  [] []
[2019-09-29 11:47:08] request.INFO: 5d9099bc05f76.GET: https://mazitov979.amocrm.ru/api/v2/leads?id=7728175  [] []
[2019-09-29 11:47:08] request.INFO: 5d9099bc4391d.GET: https://mazitov979.amocrm.ru/api/v2/leads?id=7732933  [] []
[2019-09-29 11:47:08] request.INFO: 5d9099bc7ce8a.GET: https://mazitov979.amocrm.ru/api/v2/leads?id=7736009  [] []
[2019-09-29 11:47:08] request.INFO: 5d9099bcb34b4.GET: https://mazitov979.amocrm.ru/api/v2/leads?id=9803009  [] []
[2019-09-29 11:47:09] request.INFO: 5d9099bcf409a.GET: https://mazitov979.amocrm.ru/api/v2/leads?id=9803009  [] []
[2019-09-29 11:47:09] request.INFO: 5d9099bd2fee7.GET: https://mazitov979.amocrm.ru/api/v2/leads?id=9803009  [] []
[2019-09-29 11:47:09] request.INFO: 5d9099bd68ec9.GET: https://mazitov979.amocrm.ru/api/v2/leads?id=9803009&entity=leads  [] []
[2019-09-29 11:47:09] request.INFO: 5d9099bda28ef.POST: https://mazitov979.amocrm.ru/api/v2/contacts {"update":[{"id":12383223,"updated_at":1569757634,"responsible_user_id":"3799126"}]} [] []
[2019-09-29 11:47:59] request.INFO: 5d9099ef58f61.GET: https://mazitov979.amocrm.ru/api/v2/leads?id=9803009  [] []
[2019-09-29 11:47:59] request.INFO: 5d9099efba0ab.GET: https://mazitov979.amocrm.ru/api/v2/leads?id=9803009&entity=leads  [] []
[2019-09-29 11:48:00] request.INFO: 5d9099efebfc9.POST: https://mazitov979.amocrm.ru/api/v2/contacts {"update":[{"id":12383223,"updated_at":1569757684,"responsible_user_id":"3799126"}]} [] []
[2019-09-29 11:48:00] request.INFO: 5d9099f03fa65.GET: https://mazitov979.amocrm.ru/api/v2/leads?id=9803009  [] []
[2019-09-29 11:49:10] request.INFO: 5d909a3644947.GET: https://mazitov979.amocrm.ru/api/v2/leads?id=9803009  [] []
[2019-09-29 11:49:10] request.INFO: 5d909a3694a56.GET: https://mazitov979.amocrm.ru/api/v2/leads?id=9803009&entity=leads  [] []
[2019-09-29 11:49:11] request.INFO: 5d909a36cedfd.POST: https://mazitov979.amocrm.ru/api/v2/contacts {"update":[{"id":12383223,"updated_at":1569757755,"responsible_user_id":"3797932"}]} [] []
[2019-09-29 11:49:12] request.INFO: 5d909a3727356.GET: https://mazitov979.amocrm.ru/api/v2/leads?id=9803009  [] []
[2019-09-29 11:53:53] request.INFO: 5d909b517b4fa.GET: https://mazitov979.amocrm.ru/api/v2/leads?id=9803009  [] []
[2019-09-29 11:53:53] request.INFO: 5d909b51b6ed5.GET: https://mazitov979.amocrm.ru/api/v2/leads?id=9803009  [] []
[2019-09-29 11:54:42] request.INFO: 5d909b81ddd73.GET: https://mazitov979.amocrm.ru/api/v2/leads?id=9803009  [] []
[2019-09-29 11:54:42] request.INFO: 5d909b822edc2.GET: https://mazitov979.amocrm.ru/api/v2/leads?id=9803009&entity=leads  [] []
[2019-09-29 11:54:42] request.INFO: 5d909b8262a8d.POST: https://mazitov979.amocrm.ru/api/v2/contacts {"update":[{"id":12383223,"updated_at":1569758087,"responsible_user_id":"3797932"}]} [] []
[2019-09-29 11:54:42] request.INFO: 5d909b82a6fba.POST: https://mazitov979.amocrm.ru/api/v2/leads {"update":[{"id":"9803009","updated_at":1569758087,"responsible_user_id":"3797932","status_id":29884042}]} [] []
[2019-09-29 11:54:47] request.INFO: 5d909b871d31e.GET: https://mazitov979.amocrm.ru/api/v2/leads?id=9803009  [] []
[2019-09-29 11:54:47] request.INFO: 5d909b875e46e.POST: https://mazitov979.amocrm.ru/api/v2/leads {"update":[{"id":"9803009","updated_at":1569758092,"status_id":29884045}]} [] []
[2019-09-29 11:56:19] request.INFO: 5d909be33a9f4.GET: https://mazitov979.amocrm.ru/api/v2/leads?id=9803009  [] []
[2019-09-29 11:56:19] request.INFO: 5d909be37af68.GET: https://mazitov979.amocrm.ru/api/v2/leads?id=9803009&entity=leads  [] []
[2019-09-29 11:56:20] request.INFO: 5d909be3b7f2e.POST: https://mazitov979.amocrm.ru/api/v2/contacts {"update":[{"id":12383223,"updated_at":1569758184,"responsible_user_id":"3797932"}]} [] []
[2019-09-29 11:56:20] request.INFO: 5d909be40cf5c.POST: https://mazitov979.amocrm.ru/api/v2/leads {"update":[{"id":"9803009","updated_at":1569758185,"responsible_user_id":"3797932","status_id":29884042}]} [] []
[2019-09-29 11:56:20] request.INFO: 5d909be474d4a.GET: https://mazitov979.amocrm.ru/api/v2/leads?id=9803009  [] []
[2019-09-29 11:56:24] request.INFO: 5d909be7b2fc6.POST: https://mazitov979.amocrm.ru/api/v2/leads {"update":[{"id":"9803009","updated_at":1569758188,"status_id":29884045}]} [] []
[2019-09-29 11:56:24] request.INFO: 5d909be811b2c.GET: https://mazitov979.amocrm.ru/api/v2/leads?id=9803009  [] []
[2019-09-29 11:56:27] request.INFO: 5d909beb5c744.GET: https://mazitov979.amocrm.ru/api/v2/leads?id=9803009  [] []
[2019-09-29 12:11:35] request.INFO: 5d909f770dc8e.GET: https://mazitov979.amocrm.ru/api/v2/leads?id=9803009  [] []
[2019-09-29 12:11:35] request.INFO: 5d909f77599fc.GET: https://mazitov979.amocrm.ru/api/v2/leads?id=9803009&entity=leads  [] []
[2019-09-29 12:11:35] request.INFO: 5d909f7796d14.GET: https://mazitov979.amocrm.ru/api/v2/leads?id=9803009  [] []
[2019-09-29 12:19:45] request.INFO: 5d90a16108fdb.GET: https://mazitov979.amocrm.ru/api/v2/leads?id=9803009  [] []
[2019-09-29 12:19:45] request.INFO: 5d90a161488ea.GET: https://mazitov979.amocrm.ru/api/v2/leads?id=9803009  [] []
[2019-09-29 12:19:45] request.INFO: 5d90a16183c18.GET: https://mazitov979.amocrm.ru/api/v2/leads?id=9803009&entity=leads  [] []
[2019-09-29 12:19:45] request.INFO: 5d90a161b510a.POST: https://mazitov979.amocrm.ru/api/v2/contacts {"update":[{"id":12383223,"updated_at":1569759590,"responsible_user_id":"3797932"}]} [] []
[2019-09-29 12:19:46] request.INFO: 5d90a161eedc1.POST: https://mazitov979.amocrm.ru/api/v2/leads {"update":[{"id":"9803009","updated_at":1569759590,"responsible_user_id":"3797932","status_id":29884042}]} [] []
[2019-09-29 12:19:49] request.INFO: 5d90a1657f6b2.POST: https://mazitov979.amocrm.ru/api/v2/leads {"update":[{"id":"9803009","updated_at":1569759594,"status_id":29884045}]} [] []
[2019-09-29 12:19:50] request.INFO: 5d90a165cf9a4.GET: https://mazitov979.amocrm.ru/api/v2/leads?id=9803009  [] []
[2019-09-29 12:23:37] request.INFO: 5d90a24984fb5.GET: https://mazitov979.amocrm.ru/api/v2/leads?id=9803009  [] []
[2019-09-29 12:23:38] request.INFO: 5d90a249d87fd.GET: https://mazitov979.amocrm.ru/api/v2/leads?id=9803009  [] []
[2019-09-29 12:23:38] request.INFO: 5d90a24a17c92.GET: https://mazitov979.amocrm.ru/api/v2/leads?id=9803009&entity=leads  [] []
[2019-09-29 12:23:38] request.INFO: 5d90a24a46010.POST: https://mazitov979.amocrm.ru/api/v2/contacts {"update":[{"id":12383223,"updated_at":1569759823,"responsible_user_id":"3797932"}]} [] []
[2019-09-29 12:23:38] request.INFO: 5d90a24a873bd.POST: https://mazitov979.amocrm.ru/api/v2/leads {"update":[{"id":"9803009","updated_at":1569759823,"responsible_user_id":"3797932","status_id":29884042}]} [] []
[2019-09-29 12:23:42] request.INFO: 5d90a24dd0782.POST: https://mazitov979.amocrm.ru/api/v2/leads {"update":[{"id":"9803009","updated_at":1569759826,"status_id":29884045}]} [] []
[2019-09-29 12:23:45] request.INFO: 5d90a25129d4e.GET: https://mazitov979.amocrm.ru/api/v2/leads?id=9803009  [] []
[2019-09-29 12:26:04] request.INFO: 5d90a2dc16ee0.GET: https://mazitov979.amocrm.ru/api/v2/leads?id=9803009  [] []
[2019-09-29 12:26:04] request.INFO: 5d90a2dc61617.GET: https://mazitov979.amocrm.ru/api/v2/leads?id=9803009  [] []
[2019-09-29 12:26:04] request.INFO: 5d90a2dc9d5e8.GET: https://mazitov979.amocrm.ru/api/v2/leads?id=9803009&entity=leads  [] []
[2019-09-29 12:26:05] request.INFO: 5d90a2dcd1e78.POST: https://mazitov979.amocrm.ru/api/v2/contacts {"update":[{"id":12383223,"updated_at":1569759969,"responsible_user_id":"3797932"}]} [] []
[2019-09-29 12:26:05] request.INFO: 5d90a2dd1cd1b.POST: https://mazitov979.amocrm.ru/api/v2/leads {"update":[{"id":"9803009","updated_at":1569759970,"responsible_user_id":"3797932","status_id":29884042}]} [] []
[2019-09-29 12:26:05] request.INFO: 5d90a2dd69f86.GET: https://mazitov979.amocrm.ru/api/v2/leads?id=9803009  [] []
[2019-09-29 12:26:08] request.INFO: 5d90a2e09e8fa.POST: https://mazitov979.amocrm.ru/api/v2/leads {"update":[{"id":"9803009","updated_at":1569759973,"status_id":29884045}]} [] []
[2019-09-29 12:26:09] request.INFO: 5d90a2e1003b4.GET: https://mazitov979.amocrm.ru/api/v2/leads?id=9803009  [] []
[2019-09-29 12:26:12] request.INFO: 5d90a2e43c76b.GET: https://mazitov979.amocrm.ru/api/v2/leads?id=9803009  [] []
[2019-09-29 12:35:35] request.INFO: 5d90a51626a91.GET: https://mazitov979.amocrm.ru/api/v2/leads?id=9803009  [] []
[2019-09-29 14:05:00] request.INFO: 5d90ba0bc000f.GET: https://mazitov979.amocrm.ru/api/v2/leads?id=9803009  [] []
[2019-09-29 14:05:00] request.INFO: 5d90ba0c222da.POST: https://mazitov979.amocrm.ru/private/api/auth.php?type=json {"USER_LOGIN":"mazitov979@gmail.com","USER_HASH":"5d96f5f42a39f27b06f9e268cb83f02b18b0cb17"} [] []
[2019-09-29 14:05:00] request.INFO: 5d90ba0c8136e.GET: https://mazitov979.amocrm.ru/api/v2/leads?id=9803009  [] []
[2019-09-29 14:05:01] request.INFO: 5d90ba0cc3bf4.GET: https://mazitov979.amocrm.ru/api/v2/leads?id=9803009  [] []
[2019-09-29 14:10:42] request.INFO: 5d90bb625cf8b.GET: https://mazitov979.amocrm.ru/api/v2/leads?id=9803009  [] []
[2019-09-29 14:10:42] request.INFO: 5d90bb6299a3f.GET: https://mazitov979.amocrm.ru/api/v2/leads?id=9803009&entity=leads  [] []
[2019-09-29 14:10:43] request.INFO: 5d90bb62c814d.POST: https://mazitov979.amocrm.ru/api/v2/contacts {"update":[{"id":12383223,"updated_at":1569766247,"responsible_user_id":"3797932"}]} [] []
[2019-09-29 14:10:43] request.INFO: 5d90bb6317d81.POST: https://mazitov979.amocrm.ru/api/v2/leads {"update":[{"id":"9803009","updated_at":1569766248,"responsible_user_id":"3797932","status_id":29884042}]} [] []
[2019-09-29 14:10:43] request.INFO: 5d90bb636a282.GET: https://mazitov979.amocrm.ru/api/v2/leads?id=9803009  [] []
[2019-09-29 14:14:09] request.INFO: 5d90bc316b721.GET: https://mazitov979.amocrm.ru/api/v2/leads?id=9803009  [] []
[2019-09-29 14:14:09] request.INFO: 5d90bc31ac668.GET: https://mazitov979.amocrm.ru/api/v2/leads?id=9803009&entity=leads  [] []
[2019-09-29 14:14:10] request.INFO: 5d90bc31dd839.POST: https://mazitov979.amocrm.ru/api/v2/contacts {"update":[{"id":12383223,"updated_at":1569766454,"responsible_user_id":"3797932"}]} [] []
[2019-09-29 14:14:10] request.INFO: 5d90bc32278b0.POST: https://mazitov979.amocrm.ru/api/v2/leads {"update":[{"id":"9803009","updated_at":1569766455,"responsible_user_id":"3797932","status_id":29884042}]} [] []
[2019-09-29 14:14:10] request.INFO: 5d90bc3273b57.GET: https://mazitov979.amocrm.ru/api/v2/leads?id=9803009  [] []
[2019-09-29 14:14:15] request.INFO: 5d90bc35ac9aa.POST: https://mazitov979.amocrm.ru/api/v2/leads {"update":[{"id":"9803009","updated_at":1569766458,"status_id":29884045}]} [] []
[2019-09-29 14:14:17] request.INFO: 5d90bc379c6e8.GET: https://mazitov979.amocrm.ru/api/v2/leads?id=9803009  [] []
[2019-09-29 14:18:38] request.INFO: 5d90bd3e40c81.GET: https://mazitov979.amocrm.ru/api/v2/leads?id=9803009  [] []
[2019-09-29 14:18:41] request.INFO: 5d90bd417d176.GET: https://mazitov979.amocrm.ru/api/v2/leads?id=9803009&entity=leads  [] []
[2019-09-29 14:18:41] request.INFO: 5d90bd41afb4f.POST: https://mazitov979.amocrm.ru/api/v2/contacts {"update":[{"id":12383223,"updated_at":1569766726,"responsible_user_id":"3797932"}]} [] []
[2019-09-29 14:18:42] request.INFO: 5d90bd41ecab9.POST: https://mazitov979.amocrm.ru/api/v2/leads {"update":[{"id":"9803009","updated_at":1569766726,"responsible_user_id":"3797932","status_id":29884042}]} [] []
[2019-09-29 14:18:42] request.INFO: 5d90bd4245f9a.GET: https://mazitov979.amocrm.ru/api/v2/leads?id=9803009  [] []
[2019-09-29 14:18:48] request.INFO: 5d90bd457cb57.POST: https://mazitov979.amocrm.ru/api/v2/leads {"update":[{"id":"9803009","updated_at":1569766730,"status_id":29884045}]} [] []
[2019-09-29 14:18:50] request.INFO: 5d90bd4a4a0e9.GET: https://mazitov979.amocrm.ru/api/v2/leads?id=9803009  [] []
[2019-09-29 14:18:50] request.INFO: 5d90bd4a84a18.GET: https://mazitov979.amocrm.ru/api/v2/leads?id=9803009  [] []
[2019-09-29 14:19:08] request.INFO: 5d90bd5c2ff8b.GET: https://mazitov979.amocrm.ru/api/v2/leads?id=9803009  [] []
[2019-09-29 14:19:08] request.INFO: 5d90bd5caea1a.GET: https://mazitov979.amocrm.ru/api/v2/leads?id=9803009  [] []
[2019-09-29 14:19:09] request.INFO: 5d90bd5ce20aa.GET: https://mazitov979.amocrm.ru/api/v2/leads?id=9803009&entity=leads  [] []
[2019-09-29 14:19:09] request.INFO: 5d90bd5d22b4e.POST: https://mazitov979.amocrm.ru/api/v2/contacts {"update":[{"id":12383223,"updated_at":1569766754,"responsible_user_id":"3797932"}]} [] []
[2019-09-29 14:19:09] request.INFO: 5d90bd5d6518e.POST: https://mazitov979.amocrm.ru/api/v2/leads {"update":[{"id":"9803009","updated_at":1569766754,"responsible_user_id":"3797932","status_id":29884042}]} [] []
[2019-09-29 14:19:10] request.INFO: 5d90bd5dc08e3.GET: https://mazitov979.amocrm.ru/api/v2/leads?id=9803009&entity=leads  [] []
[2019-09-29 14:19:10] request.INFO: 5d90bd5e03b61.POST: https://mazitov979.amocrm.ru/api/v2/contacts {"update":[{"id":12383223,"updated_at":1569766755,"responsible_user_id":"3797932"}]} [] []
[2019-09-29 14:19:10] request.INFO: 5d90bd5e3fb3b.POST: https://mazitov979.amocrm.ru/api/v2/leads {"update":[{"id":"9803009","updated_at":1569766755,"responsible_user_id":"3797932","status_id":29884042}]} [] []
[2019-09-29 14:19:11] request.INFO: 5d90bd5ecf7c7.POST: https://mazitov979.amocrm.ru/api/v2/leads {"update":[{"id":"9803009","updated_at":1569766755,"status_id":29884045}]} [] []
[2019-09-29 14:19:11] request.INFO: 5d90bd5f4a6b2.GET: https://mazitov979.amocrm.ru/api/v2/leads?id=9803009  [] []
[2019-09-29 14:19:11] request.INFO: 5d90bd5f7f60c.GET: https://mazitov979.amocrm.ru/api/v2/leads?id=9803009&entity=leads  [] []
[2019-09-29 14:19:12] request.INFO: 5d90bd5fc303c.POST: https://mazitov979.amocrm.ru/api/v2/contacts {"update":[{"id":12383223,"updated_at":1569766756,"responsible_user_id":"3797932"}]} [] []
[2019-09-29 14:19:12] request.INFO: 5d90bd60070ef.POST: https://mazitov979.amocrm.ru/api/v2/leads {"update":[{"id":"9803009","updated_at":1569766757,"responsible_user_id":"3797932","status_id":29884042}]} [] []
[2019-09-29 14:19:12] request.INFO: 5d90bd6050f71.GET: https://mazitov979.amocrm.ru/api/v2/leads?id=9803009  [] []
[2019-09-29 14:19:12] request.INFO: 5d90bd6084b99.GET: https://mazitov979.amocrm.ru/api/v2/leads?id=9803009  [] []
[2019-09-29 14:19:12] request.INFO: 5d90bd60c2e37.GET: https://mazitov979.amocrm.ru/api/v2/leads?id=9803009&entity=leads  [] []
[2019-09-29 14:19:13] request.INFO: 5d90bd60f1737.POST: https://mazitov979.amocrm.ru/api/v2/contacts {"update":[{"id":12383223,"updated_at":1569766757,"responsible_user_id":"3797932"}]} [] []
[2019-09-29 14:19:13] request.INFO: 5d90bd6139603.POST: https://mazitov979.amocrm.ru/api/v2/leads {"update":[{"id":"9803009","updated_at":1569766758,"responsible_user_id":"3797932","status_id":29884042}]} [] []
[2019-09-29 14:19:13] request.INFO: 5d90bd617901b.POST: https://mazitov979.amocrm.ru/api/v2/leads {"update":[{"id":"9803009","updated_at":1569766758,"status_id":29884045}]} [] []
[2019-09-29 14:19:14] request.INFO: 5d90bd61d03d5.GET: https://mazitov979.amocrm.ru/api/v2/leads?id=9803009&entity=leads  [] []
[2019-09-29 14:19:14] request.INFO: 5d90bd621356c.POST: https://mazitov979.amocrm.ru/api/v2/contacts {"update":[{"id":12383223,"updated_at":1569766759,"responsible_user_id":"3797932"}]} [] []
[2019-09-29 14:19:14] request.INFO: 5d90bd624ded6.POST: https://mazitov979.amocrm.ru/api/v2/leads {"update":[{"id":"9803009","updated_at":1569766759,"responsible_user_id":"3797932","status_id":29884042}]} [] []
[2019-09-29 14:19:15] request.INFO: 5d90bd62e8c4a.GET: https://mazitov979.amocrm.ru/api/v2/leads?id=9803009  [] []
[2019-09-29 14:21:42] request.INFO: 5d90bdf67faba.GET: https://mazitov979.amocrm.ru/api/v2/leads?id=9803009  [] []
[2019-09-29 14:21:43] request.INFO: 5d90bdf6ca1cb.POST: https://mazitov979.amocrm.ru/api/v2/leads {"update":[{"id":"9803009","updated_at":1569766907,"status_id":29884045}]} [] []
[2019-09-29 14:21:43] request.INFO: 5d90bdf723acf.GET: https://mazitov979.amocrm.ru/api/v2/leads?id=9803009  [] []
[2019-09-29 14:21:43] request.INFO: 5d90bdf762353.GET: https://mazitov979.amocrm.ru/api/v2/leads?id=9803009  [] []
[2019-09-29 14:21:44] request.INFO: 5d90bdf7910cc.GET: https://mazitov979.amocrm.ru/api/v2/leads?id=9803009&entity=leads  [] []
[2019-09-29 14:21:45] request.INFO: 5d90bdf8ee4df.POST: https://mazitov979.amocrm.ru/api/v2/contacts {"update":[{"id":12383223,"updated_at":1569766909,"responsible_user_id":"3797932"}]} [] []
[2019-09-29 14:21:45] request.INFO: 5d90bdf93a15e.POST: https://mazitov979.amocrm.ru/api/v2/leads {"update":[{"id":"9803009","updated_at":1569766910,"responsible_user_id":"3797932","status_id":29884042}]} [] []
[2019-09-29 14:21:45] request.INFO: 5d90bdf986f4d.GET: https://mazitov979.amocrm.ru/api/v2/leads?id=9803009  [] []
[2019-09-29 14:21:46] request.INFO: 5d90bdf9cf52c.GET: https://mazitov979.amocrm.ru/api/v2/leads?id=9803009  [] []
[2019-09-29 14:21:46] request.INFO: 5d90bdfa17d43.GET: https://mazitov979.amocrm.ru/api/v2/leads?id=9803009&entity=leads  [] []
[2019-09-29 14:21:46] request.INFO: 5d90bdfa4b109.POST: https://mazitov979.amocrm.ru/api/v2/contacts {"update":[{"id":12383223,"updated_at":1569766911,"responsible_user_id":"3797932"}]} [] []
[2019-09-29 14:21:46] request.INFO: 5d90bdfa7b457.POST: https://mazitov979.amocrm.ru/api/v2/leads {"update":[{"id":"9803009","updated_at":1569766911,"responsible_user_id":"3797932","status_id":29884042}]} [] []
[2019-09-29 14:21:47] request.INFO: 5d90bdfad4dc2.GET: https://mazitov979.amocrm.ru/api/v2/leads?id=9803009  [] []
[2019-09-29 14:21:47] request.INFO: 5d90bdfb1297a.POST: https://mazitov979.amocrm.ru/api/v2/leads {"update":[{"id":"9803009","updated_at":1569766912,"status_id":29884045}]} [] []
[2019-09-29 14:21:47] request.INFO: 5d90bdfb54dfa.GET: https://mazitov979.amocrm.ru/api/v2/leads?id=9803009&entity=leads  [] []
[2019-09-29 14:21:47] request.INFO: 5d90bdfb8b643.POST: https://mazitov979.amocrm.ru/api/v2/contacts {"update":[{"id":12383223,"updated_at":1569766912,"responsible_user_id":"3797932"}]} [] []
[2019-09-29 14:21:48] request.INFO: 5d90bdfbc7847.POST: https://mazitov979.amocrm.ru/api/v2/leads {"update":[{"id":"9803009","updated_at":1569766912,"responsible_user_id":"3797932","status_id":29884042}]} [] []
[2019-09-29 14:21:48] request.INFO: 5d90bdfc1e081.GET: https://mazitov979.amocrm.ru/api/v2/leads?id=9803009  [] []
[2019-09-29 14:21:48] request.INFO: 5d90bdfc5f930.GET: https://mazitov979.amocrm.ru/api/v2/leads?id=9803009  [] []
[2019-09-29 14:21:48] request.INFO: 5d90bdfc9a19f.GET: https://mazitov979.amocrm.ru/api/v2/leads?id=9803009&entity=leads  [] []
[2019-09-29 14:21:49] request.INFO: 5d90bdfcd0566.POST: https://mazitov979.amocrm.ru/api/v2/contacts {"update":[{"id":12383223,"updated_at":1569766913,"responsible_user_id":"3797932"}]} [] []
[2019-09-29 14:21:49] request.INFO: 5d90bdfd10821.POST: https://mazitov979.amocrm.ru/api/v2/leads {"update":[{"id":"9803009","updated_at":1569766914,"responsible_user_id":"3797932","status_id":29884042}]} [] []
[2019-09-29 14:21:49] request.INFO: 5d90bdfd4bb1f.POST: https://mazitov979.amocrm.ru/api/v2/leads {"update":[{"id":"9803009","updated_at":1569766914,"status_id":29884045}]} [] []
[2019-09-29 14:24:28] request.INFO: 5d90be9c50f1d.GET: https://mazitov979.amocrm.ru/api/v2/leads?id=9803009  [] []
[2019-09-29 14:24:28] request.INFO: 5d90be9ca1aaf.GET: https://mazitov979.amocrm.ru/api/v2/leads?id=9803009&entity=leads  [] []
[2019-09-29 14:24:29] request.INFO: 5d90be9cdc4a6.POST: https://mazitov979.amocrm.ru/api/v2/contacts {"update":[{"id":12383223,"updated_at":1569767073,"responsible_user_id":"3797932"}]} [] []
[2019-09-29 14:24:29] request.INFO: 5d90be9d26766.POST: https://mazitov979.amocrm.ru/api/v2/leads {"update":[{"id":"9803009","updated_at":1569767074,"responsible_user_id":"3797932","status_id":29884042}]} [] []
[2019-09-29 14:24:29] request.INFO: 5d90be9d7b92f.GET: https://mazitov979.amocrm.ru/api/v2/leads?id=9803009  [] []
[2019-09-29 14:24:33] request.INFO: 5d90bea0b1430.POST: https://mazitov979.amocrm.ru/api/v2/leads {"update":[{"id":"9803009","updated_at":1569767077,"status_id":29884045}]} [] []
[2019-09-29 14:24:36] request.INFO: 5d90bea40c005.GET: https://mazitov979.amocrm.ru/api/v2/leads?id=9803009  [] []
[2019-09-29 14:26:58] request.INFO: 5d90bf321acd6.GET: https://mazitov979.amocrm.ru/api/v2/leads?id=9803009&entity=leads  [] []
[2019-09-29 14:26:58] request.INFO: 5d90bf325ef5f.POST: https://mazitov979.amocrm.ru/api/v2/contacts {"update":[{"id":12383223,"updated_at":1569767223,"responsible_user_id":"3797932"}]} [] []
[2019-09-29 14:26:58] request.INFO: 5d90bf32abc2b.POST: https://mazitov979.amocrm.ru/api/v2/leads {"update":[{"id":"9803009","updated_at":1569767223,"responsible_user_id":"3797932","status_id":29884042}]} [] []
[2019-09-29 14:26:59] request.INFO: 5d90bf330489e.GET: https://mazitov979.amocrm.ru/api/v2/leads?id=9803009  [] []
[2019-09-29 14:26:59] request.INFO: 5d90bf3342da1.GET: https://mazitov979.amocrm.ru/api/v2/leads?id=9803009  [] []
[2019-09-29 14:26:59] request.INFO: 5d90bf337b2ff.GET: https://mazitov979.amocrm.ru/api/v2/leads?id=9803009  [] []
[2019-09-29 14:27:00] request.INFO: 5d90bf33b5496.POST: https://mazitov979.amocrm.ru/api/v2/leads {"update":[{"id":"9803009","updated_at":1569767224,"status_id":29884045}]} [] []
[2019-09-29 14:27:00] request.INFO: 5d90bf340da81.GET: https://mazitov979.amocrm.ru/api/v2/leads?id=9803009  [] []
[2019-09-29 14:27:03] request.INFO: 5d90bf3744da4.GET: https://mazitov979.amocrm.ru/api/v2/leads?id=9803009  [] []
[2019-09-29 14:31:19] request.INFO: 5d90c03754984.GET: https://mazitov979.amocrm.ru/api/v2/leads?id=9803009  [] []
[2019-09-29 14:31:19] request.INFO: 5d90c037928a0.GET: https://mazitov979.amocrm.ru/api/v2/leads?id=9803009&entity=leads  [] []
[2019-09-29 14:31:20] request.INFO: 5d90c037c13d1.POST: https://mazitov979.amocrm.ru/api/v2/contacts {"update":[{"id":12383223,"updated_at":1569767484,"responsible_user_id":"3797932"}]} [] []
[2019-09-29 14:31:20] request.INFO: 5d90c038056da.POST: https://mazitov979.amocrm.ru/api/v2/leads {"update":[{"id":"9803009","updated_at":1569767485,"responsible_user_id":"3797932","status_id":29884042}]} [] []
[2019-09-29 14:31:20] request.INFO: 5d90c0385d997.GET: https://mazitov979.amocrm.ru/api/v2/leads?id=9803009  [] []
[2019-09-29 14:31:21] request.INFO: 5d90c038d196d.GET: https://mazitov979.amocrm.ru/api/v2/leads?id=9803009  [] []
[2019-09-29 14:31:21] request.INFO: 5d90c0391bd7d.POST: https://mazitov979.amocrm.ru/api/v2/leads {"update":[{"id":"9803009","updated_at":1569767486,"status_id":29884045}]} [] []
[2019-09-29 14:31:24] request.INFO: 5d90c03c6c548.GET: https://mazitov979.amocrm.ru/api/v2/leads?id=9803009  [] []
[2019-09-29 14:32:59] request.INFO: 5d90c09b7f5c8.GET: https://mazitov979.amocrm.ru/api/v2/leads?id=9803009  [] []
[2019-09-29 14:32:59] request.INFO: 5d90c09bc4377.GET: https://mazitov979.amocrm.ru/api/v2/leads?id=9803009&entity=leads  [] []
[2019-09-29 14:33:00] request.INFO: 5d90c09bf198b.POST: https://mazitov979.amocrm.ru/api/v2/contacts {"update":[{"id":12383223,"updated_at":1569767584,"responsible_user_id":"3797932"}]} [] []
[2019-09-29 14:33:00] request.INFO: 5d90c09c3566d.POST: https://mazitov979.amocrm.ru/api/v2/leads {"update":[{"id":"9803009","updated_at":1569767585,"responsible_user_id":"3797932","status_id":29884042}]} [] []
[2019-09-29 14:33:03] request.INFO: 5d90c09f80032.GET: https://mazitov979.amocrm.ru/api/v2/leads?id=9803009  [] []
[2019-09-29 14:33:04] request.INFO: 5d90c0a003ff1.POST: https://mazitov979.amocrm.ru/api/v2/leads {"update":[{"id":"9803009","updated_at":1569767589,"status_id":29884045}]} [] []
[2019-09-29 14:35:24] request.INFO: 5d90c12bf1fb6.GET: https://mazitov979.amocrm.ru/api/v2/leads?id=9803009  [] []
[2019-09-29 14:35:24] request.INFO: 5d90c12c96049.GET: https://mazitov979.amocrm.ru/api/v2/leads?id=9803009  [] []
[2019-09-29 14:35:25] request.INFO: 5d90c12cca830.GET: https://mazitov979.amocrm.ru/api/v2/leads?id=9803009&entity=leads  [] []
[2019-09-29 14:35:25] request.INFO: 5d90c12d06f14.POST: https://mazitov979.amocrm.ru/api/v2/contacts {"update":[{"id":12383223,"updated_at":1569767730,"responsible_user_id":"3797932"}]} [] []
[2019-09-29 14:35:25] request.INFO: 5d90c12d3d9e2.POST: https://mazitov979.amocrm.ru/api/v2/leads {"update":[{"id":"9803009","updated_at":1569767730,"responsible_user_id":"3797932","status_id":29884042}]} [] []
[2019-09-29 14:35:25] request.INFO: 5d90c12d8d352.GET: https://mazitov979.amocrm.ru/api/v2/leads?id=9803009  [] []
[2019-09-29 14:35:26] request.INFO: 5d90c12dcda14.GET: https://mazitov979.amocrm.ru/api/v2/leads?id=9803009  [] []
[2019-09-29 14:35:26] request.INFO: 5d90c12e14301.GET: https://mazitov979.amocrm.ru/api/v2/leads?id=9803009&entity=leads  [] []
[2019-09-29 14:35:26] request.INFO: 5d90c12e4f1d4.POST: https://mazitov979.amocrm.ru/api/v2/contacts {"update":[{"id":12383223,"updated_at":1569767731,"responsible_user_id":"3797932"}]} [] []
[2019-09-29 14:35:26] request.INFO: 5d90c12e851b6.POST: https://mazitov979.amocrm.ru/api/v2/leads {"update":[{"id":"9803009","updated_at":1569767731,"responsible_user_id":"3797932","status_id":29884042}]} [] []
[2019-09-29 14:35:27] request.INFO: 5d90c12ed23b1.POST: https://mazitov979.amocrm.ru/api/v2/leads {"update":[{"id":"9803009","updated_at":1569767731,"status_id":29884045}]} [] []
[2019-09-29 14:35:27] request.INFO: 5d90c12f26506.GET: https://mazitov979.amocrm.ru/api/v2/leads?id=9803009  [] []
[2019-09-29 14:35:27] request.INFO: 5d90c12f5fffc.GET: https://mazitov979.amocrm.ru/api/v2/leads?id=9803009  [] []
[2019-09-29 14:35:31] request.INFO: 5d90c1329c9d5.GET: https://mazitov979.amocrm.ru/api/v2/leads?id=9803009  [] []
[2019-09-29 14:39:41] request.INFO: 5d90c22d102c6.GET: https://mazitov979.amocrm.ru/api/v2/leads?id=9803009  [] []
[2019-09-29 14:39:41] request.INFO: 5d90c22d4bfae.GET: https://mazitov979.amocrm.ru/api/v2/leads?id=9803009&entity=leads  [] []
[2019-09-29 14:39:41] request.INFO: 5d90c22d7e98e.POST: https://mazitov979.amocrm.ru/api/v2/contacts {"update":[{"id":12383223,"updated_at":1569767986,"responsible_user_id":"3797932"}]} [] []
[2019-09-29 14:39:42] request.INFO: 5d90c22dbfd95.POST: https://mazitov979.amocrm.ru/api/v2/leads {"update":[{"id":"9803009","updated_at":1569767986,"responsible_user_id":"3797932","status_id":29884042}]} [] []
[2019-09-29 14:39:42] request.INFO: 5d90c22e1a359.GET: https://mazitov979.amocrm.ru/api/v2/leads?id=9803009  [] []
[2019-09-29 14:39:45] request.INFO: 5d90c23157c91.POST: https://mazitov979.amocrm.ru/api/v2/leads {"update":[{"id":"9803009","updated_at":1569767990,"status_id":29884045}]} [] []
[2019-09-29 14:39:45] request.INFO: 5d90c231ab0d0.GET: https://mazitov979.amocrm.ru/api/v2/leads?id=9803009  [] []
[2019-09-29 14:39:49] request.INFO: 5d90c23504d9b.GET: https://mazitov979.amocrm.ru/api/v2/leads?id=9803009  [] []
[2019-09-29 14:41:00] request.INFO: 5d90c27bcc014.GET: https://mazitov979.amocrm.ru/api/v2/leads?id=9803009  [] []
[2019-09-29 14:41:00] request.INFO: 5d90c27c1a65a.GET: https://mazitov979.amocrm.ru/api/v2/leads?id=9803009&entity=leads  [] []
[2019-09-29 14:41:00] request.INFO: 5d90c27c59e34.POST: https://mazitov979.amocrm.ru/api/v2/contacts {"update":[{"id":12383223,"updated_at":1569768065,"responsible_user_id":"3797932"}]} [] []
[2019-09-29 14:41:00] request.INFO: 5d90c27c9f5a9.POST: https://mazitov979.amocrm.ru/api/v2/leads {"update":[{"id":"9803009","updated_at":1569768065,"responsible_user_id":"3797932","status_id":29884042}]} [] []
[2019-09-29 14:41:01] request.INFO: 5d90c27d05376.GET: https://mazitov979.amocrm.ru/api/v2/leads?id=9803009  [] []
[2019-09-29 14:41:04] request.INFO: 5d90c28044580.GET: https://mazitov979.amocrm.ru/api/v2/leads?id=9803009  [] []
[2019-09-29 14:45:00] request.INFO: 5d90c36c15f56.GET: https://mazitov979.amocrm.ru/api/v2/leads?id=9803009  [] []
[2019-09-29 14:45:00] request.INFO: 5d90c36c68e50.GET: https://mazitov979.amocrm.ru/api/v2/leads?id=9803009  [] []
[2019-09-29 14:46:55] request.INFO: 5d90c3df31001.GET: https://mazitov979.amocrm.ru/api/v2/leads?id=9803009&entity=leads  [] []
[2019-09-29 14:46:56] request.INFO: 5d90c3df67ec4.POST: https://mazitov979.amocrm.ru/api/v2/contacts {"update":[{"id":12383223,"updated_at":1569768420,"responsible_user_id":"3797932"}]} [] []
[2019-09-29 14:46:57] request.INFO: 5d90c3e0f1889.POST: https://mazitov979.amocrm.ru/api/v2/leads {"update":[{"id":"9803009","updated_at":1569768421,"responsible_user_id":"3797932","status_id":29884042}]} [] []
[2019-09-29 14:46:57] request.INFO: 5d90c3e156408.GET: https://mazitov979.amocrm.ru/api/v2/leads?id=9803009  [] []
[2019-09-29 14:47:00] request.INFO: 5d90c3e48cd6d.GET: https://mazitov979.amocrm.ru/api/v2/leads?id=9803009  [] []
[2019-09-29 14:47:01] request.INFO: 5d90c3e4c8974.POST: https://mazitov979.amocrm.ru/api/v2/leads {"update":[{"id":"9803009","updated_at":1569768425,"status_id":29884045}]} [] []
[2019-09-29 14:53:48] request.INFO: 5d90c57a8c988.GET: https://mazitov979.amocrm.ru/api/v2/leads?id=9845007  [] []
[2019-09-29 14:53:49] request.INFO: 5d90c57ccffb1.POST: https://mazitov979.amocrm.ru/api/v2/leads {"update":[{"id":"9845007","updated_at":1569768833,"sale":39604,"custom_fields":[{"id":455193,"values":[{"value":"2019\/09\/29"}]},{"id":455201,"values":[{"value":643497}]}]}]} [] []
[2019-09-29 14:53:52] request.INFO: 5d90c5804e802.GET: https://mazitov979.amocrm.ru/api/v2/leads?id=9845007  [] []
[2019-09-29 15:22:13] request.INFO: 5d90cc24c2505.GET: https://mazitov979.amocrm.ru/api/v2/leads?id=9845007  [] []
[2019-09-29 15:22:13] request.INFO: 5d90cc2525a4c.POST: https://mazitov979.amocrm.ru/private/api/auth.php?type=json {"USER_LOGIN":"mazitov979@gmail.com","USER_HASH":"5d96f5f42a39f27b06f9e268cb83f02b18b0cb17"} [] []
[2019-09-29 15:22:13] request.INFO: 5d90cc258122a.GET: https://mazitov979.amocrm.ru/api/v2/leads?id=9845007  [] []
[2019-09-29 15:23:41] request.INFO: 5d90cc7db360b.GET: https://mazitov979.amocrm.ru/api/v2/leads?id=9845007  [] []
[2019-09-29 15:24:27] request.INFO: 5d90ccab0172f.GET: https://mazitov979.amocrm.ru/api/v2/leads?id=9845007  [] []
[2019-09-29 15:25:59] request.INFO: 5d90cd0771325.GET: https://mazitov979.amocrm.ru/api/v2/leads?id=9845007  [] []
[2019-09-29 15:26:55] request.INFO: 5d90cd3f8a7ff.GET: https://mazitov979.amocrm.ru/api/v2/leads?id=9845007  [] []
[2019-09-29 15:33:46] request.INFO: 5d90cedaa9853.GET: https://mazitov979.amocrm.ru/api/v2/leads?id=9845007  [] []
[2019-09-29 15:34:48] request.INFO: 5d90cf18aa4d1.GET: https://mazitov979.amocrm.ru/api/v2/leads?id=9845007  [] []
[2019-09-29 15:56:46] request.INFO: 5d90d43ea1640.GET: https://mazitov979.amocrm.ru/api/v2/leads?id=9845007  [] []
[2019-09-29 15:59:28] request.INFO: 5d90d4df26485.GET: https://mazitov979.amocrm.ru/api/v2/leads?id=9845007  [] []
[2019-09-29 16:00:57] request.INFO: 5d90d537ecb69.GET: https://mazitov979.amocrm.ru/api/v2/leads?id=9845007  [] []
[2019-09-29 16:02:38] request.INFO: 5d90d59ea6c52.GET: https://mazitov979.amocrm.ru/api/v2/leads?id=9845007  [] []
[2019-09-29 16:05:11] request.INFO: 5d90d6372a9fb.GET: https://mazitov979.amocrm.ru/api/v2/leads?id=9845007  [] []
[2019-09-29 16:09:16] request.INFO: 5d90d72c2ce08.GET: https://mazitov979.amocrm.ru/api/v2/leads?id=9845007  [] []
[2019-09-29 16:11:52] request.INFO: 5d90d7c8898a4.GET: https://mazitov979.amocrm.ru/api/v2/leads?id=9845007  [] []
[2019-09-29 16:12:25] request.INFO: 5d90d7e98ac06.GET: https://mazitov979.amocrm.ru/api/v2/leads?id=9845007  [] []
[2019-09-29 16:18:14] request.INFO: 5d90d9463a32a.GET: https://mazitov979.amocrm.ru/api/v2/leads?id=9845007  [] []
[2019-09-29 16:20:59] request.INFO: 5d90d9eb80bf8.GET: https://mazitov979.amocrm.ru/api/v2/leads?id=9845007  [] []
[2019-09-29 16:22:59] request.INFO: 5d90da637391c.GET: https://mazitov979.amocrm.ru/api/v2/leads?id=9845007  [] []
[2019-09-29 16:26:15] request.INFO: 5d90db26d5ff0.GET: https://mazitov979.amocrm.ru/api/v2/leads?id=9845007  [] []
[2019-09-29 16:34:46] request.INFO: 5d90dd2424dac.GET: https://mazitov979.amocrm.ru/api/v2/leads?id=9845007  [] []
[2019-09-29 20:18:57] request.INFO: 5d9111b110fd2.GET: https://mazitov979.amocrm.ru/api/v2/leads?id=9845007  [] []
[2019-09-29 20:18:58] request.INFO: 5d9111b1bdb3b.POST: https://mazitov979.amocrm.ru/private/api/auth.php?type=json {"USER_LOGIN":"mazitov979@gmail.com","USER_HASH":"5d96f5f42a39f27b06f9e268cb83f02b18b0cb17"} [] []
[2019-09-29 20:18:58] request.INFO: 5d9111b225b86.GET: https://mazitov979.amocrm.ru/api/v2/leads?id=9845007  [] []
[2019-09-29 20:20:09] request.INFO: 5d9111f904854.GET: https://mazitov979.amocrm.ru/api/v2/leads?id=9845007  [] []
[2019-09-29 20:20:51] request.INFO: 5d9112234cdaf.GET: https://mazitov979.amocrm.ru/api/v2/leads?id=9845007  [] []
[2019-09-29 20:21:28] request.INFO: 5d911247ecae7.GET: https://mazitov979.amocrm.ru/api/v2/leads?id=9845007  [] []
[2019-09-29 20:27:23] request.INFO: 5d9113ab06c9e.GET: https://mazitov979.amocrm.ru/api/v2/leads?id=9845007  [] []
[2019-09-29 20:27:23] request.INFO: 5d9113ab5c205.GET: https://mazitov979.amocrm.ru/api/v2/leads?id=9845007&entity=leads  [] []
[2019-09-29 20:31:38] request.INFO: 5d9114aa6b89d.GET: https://mazitov979.amocrm.ru/api/v2/leads?id=9845007  [] []
