[2019-09-26 14:16:33] local.ERROR: Argument 2 passed to logger() must be of the type array, object given, called in C:\OSPanel\modules\system\html\default\vendor\laravel\framework\src\Illuminate\Pipeline\Pipeline.php on line 145 {"exception":"[object] (Symfony\\Component\\Debug\\Exception\\FatalThrowableError(code: 0): Argument 2 passed to logger() must be of the type array, object given, called in C:\\OSPanel\\modules\\system\\html\\default\\vendor\\laravel\\framework\\src\\Illuminate\\Pipeline\\Pipeline.php on line 145 at C:\\OSPanel\\modules\\system\\html\\default\\vendor\\laravel\\framework\\src\\Illuminate\\Foundation\\helpers.php:531)
[stacktrace]
#0 C:\\OSPanel\\modules\\system\\html\\default\\vendor\\laravel\\framework\\src\\Illuminate\\Pipeline\\Pipeline.php(145): logger(Object(Illuminate\\Http\\Request), Object(Closure))
#1 C:\\OSPanel\\modules\\system\\html\\default\\vendor\\laravel\\framework\\src\\Illuminate\\Routing\\Pipeline.php(53): Illuminate\\Pipeline\\Pipeline->Illuminate\\Pipeline\\{closure}(Object(Illuminate\\Http\\Request))
#2 C:\\OSPanel\\modules\\system\\html\\default\\vendor\\laravel\\framework\\src\\Illuminate\\Routing\\Middleware\\SubstituteBindings.php(41): Illuminate\\Routing\\Pipeline->Illuminate\\Routing\\{closure}(Object(Illuminate\\Http\\Request))
#3 C:\\OSPanel\\modules\\system\\html\\default\\vendor\\laravel\\framework\\src\\Illuminate\\Pipeline\\Pipeline.php(163): Illuminate\\Routing\\Middleware\\SubstituteBindings->handle(Object(Illuminate\\Http\\Request), Object(Closure))
#4 C:\\OSPanel\\modules\\system\\html\\default\\vendor\\laravel\\framework\\src\\Illuminate\\Routing\\Pipeline.php(53): Illuminate\\Pipeline\\Pipeline->Illuminate\\Pipeline\\{closure}(Object(Illuminate\\Http\\Request))
#5 C:\\OSPanel\\modules\\system\\html\\default\\vendor\\laravel\\framework\\src\\Illuminate\\Routing\\Middleware\\ThrottleRequests.php(58): Illuminate\\Routing\\Pipeline->Illuminate\\Routing\\{closure}(Object(Illuminate\\Http\\Request))
#6 C:\\OSPanel\\modules\\system\\html\\default\\vendor\\laravel\\framework\\src\\Illuminate\\Pipeline\\Pipeline.php(163): Illuminate\\Routing\\Middleware\\ThrottleRequests->handle(Object(Illuminate\\Http\\Request), Object(Closure), 60, '1')
#7 C:\\OSPanel\\modules\\system\\html\\default\\vendor\\laravel\\framework\\src\\Illuminate\\Routing\\Pipeline.php(53): Illuminate\\Pipeline\\Pipeline->Illuminate\\Pipeline\\{closure}(Object(Illuminate\\Http\\Request))
#8 C:\\OSPanel\\modules\\system\\html\\default\\vendor\\laravel\\framework\\src\\Illuminate\\Pipeline\\Pipeline.php(104): Illuminate\\Routing\\Pipeline->Illuminate\\Routing\\{closure}(Object(Illuminate\\Http\\Request))
#9 C:\\OSPanel\\modules\\system\\html\\default\\vendor\\laravel\\framework\\src\\Illuminate\\Routing\\Router.php(682): Illuminate\\Pipeline\\Pipeline->then(Object(Closure))
#10 C:\\OSPanel\\modules\\system\\html\\default\\vendor\\laravel\\framework\\src\\Illuminate\\Routing\\Router.php(657): Illuminate\\Routing\\Router->runRouteWithinStack(Object(Illuminate\\Routing\\Route), Object(Illuminate\\Http\\Request))
#11 C:\\OSPanel\\modules\\system\\html\\default\\vendor\\laravel\\framework\\src\\Illuminate\\Routing\\Router.php(623): Illuminate\\Routing\\Router->runRoute(Object(Illuminate\\Http\\Request), Object(Illuminate\\Routing\\Route))
#12 C:\\OSPanel\\modules\\system\\html\\default\\vendor\\laravel\\framework\\src\\Illuminate\\Routing\\Router.php(612): Illuminate\\Routing\\Router->dispatchToRoute(Object(Illuminate\\Http\\Request))
#13 C:\\OSPanel\\modules\\system\\html\\default\\vendor\\laravel\\framework\\src\\Illuminate\\Foundation\\Http\\Kernel.php(176): Illuminate\\Routing\\Router->dispatch(Object(Illuminate\\Http\\Request))
#14 C:\\OSPanel\\modules\\system\\html\\default\\vendor\\laravel\\framework\\src\\Illuminate\\Routing\\Pipeline.php(30): Illuminate\\Foundation\\Http\\Kernel->Illuminate\\Foundation\\Http\\{closure}(Object(Illuminate\\Http\\Request))
#15 C:\\OSPanel\\modules\\system\\html\\default\\vendor\\laravel\\framework\\src\\Illuminate\\Foundation\\Http\\Middleware\\TransformsRequest.php(21): Illuminate\\Routing\\Pipeline->Illuminate\\Routing\\{closure}(Object(Illuminate\\Http\\Request))
#16 C:\\OSPanel\\modules\\system\\html\\default\\vendor\\laravel\\framework\\src\\Illuminate\\Pipeline\\Pipeline.php(163): Illuminate\\Foundation\\Http\\Middleware\\TransformsRequest->handle(Object(Illuminate\\Http\\Request), Object(Closure))
#17 C:\\OSPanel\\modules\\system\\html\\default\\vendor\\laravel\\framework\\src\\Illuminate\\Routing\\Pipeline.php(53): Illuminate\\Pipeline\\Pipeline->Illuminate\\Pipeline\\{closure}(Object(Illuminate\\Http\\Request))
#18 C:\\OSPanel\\modules\\system\\html\\default\\vendor\\laravel\\framework\\src\\Illuminate\\Foundation\\Http\\Middleware\\TransformsRequest.php(21): Illuminate\\Routing\\Pipeline->Illuminate\\Routing\\{closure}(Object(Illuminate\\Http\\Request))
#19 C:\\OSPanel\\modules\\system\\html\\default\\vendor\\laravel\\framework\\src\\Illuminate\\Pipeline\\Pipeline.php(163): Illuminate\\Foundation\\Http\\Middleware\\TransformsRequest->handle(Object(Illuminate\\Http\\Request), Object(Closure))
#20 C:\\OSPanel\\modules\\system\\html\\default\\vendor\\laravel\\framework\\src\\Illuminate\\Routing\\Pipeline.php(53): Illuminate\\Pipeline\\Pipeline->Illuminate\\Pipeline\\{closure}(Object(Illuminate\\Http\\Request))
#21 C:\\OSPanel\\modules\\system\\html\\default\\vendor\\laravel\\framework\\src\\Illuminate\\Foundation\\Http\\Middleware\\ValidatePostSize.php(27): Illuminate\\Routing\\Pipeline->Illuminate\\Routing\\{closure}(Object(Illuminate\\Http\\Request))
#22 C:\\OSPanel\\modules\\system\\html\\default\\vendor\\laravel\\framework\\src\\Illuminate\\Pipeline\\Pipeline.php(163): Illuminate\\Foundation\\Http\\Middleware\\ValidatePostSize->handle(Object(Illuminate\\Http\\Request), Object(Closure))
#23 C:\\OSPanel\\modules\\system\\html\\default\\vendor\\laravel\\framework\\src\\Illuminate\\Routing\\Pipeline.php(53): Illuminate\\Pipeline\\Pipeline->Illuminate\\Pipeline\\{closure}(Object(Illuminate\\Http\\Request))
#24 C:\\OSPanel\\modules\\system\\html\\default\\vendor\\laravel\\framework\\src\\Illuminate\\Foundation\\Http\\Middleware\\CheckForMaintenanceMode.php(62): Illuminate\\Routing\\Pipeline->Illuminate\\Routing\\{closure}(Object(Illuminate\\Http\\Request))
#25 C:\\OSPanel\\modules\\system\\html\\default\\vendor\\laravel\\framework\\src\\Illuminate\\Pipeline\\Pipeline.php(163): Illuminate\\Foundation\\Http\\Middleware\\CheckForMaintenanceMode->handle(Object(Illuminate\\Http\\Request), Object(Closure))
#26 C:\\OSPanel\\modules\\system\\html\\default\\vendor\\laravel\\framework\\src\\Illuminate\\Routing\\Pipeline.php(53): Illuminate\\Pipeline\\Pipeline->Illuminate\\Pipeline\\{closure}(Object(Illuminate\\Http\\Request))
#27 C:\\OSPanel\\modules\\system\\html\\default\\vendor\\fideloper\\proxy\\src\\TrustProxies.php(57): Illuminate\\Routing\\Pipeline->Illuminate\\Routing\\{closure}(Object(Illuminate\\Http\\Request))
#28 C:\\OSPanel\\modules\\system\\html\\default\\vendor\\laravel\\framework\\src\\Illuminate\\Pipeline\\Pipeline.php(163): Fideloper\\Proxy\\TrustProxies->handle(Object(Illuminate\\Http\\Request), Object(Closure))
#29 C:\\OSPanel\\modules\\system\\html\\default\\vendor\\laravel\\framework\\src\\Illuminate\\Routing\\Pipeline.php(53): Illuminate\\Pipeline\\Pipeline->Illuminate\\Pipeline\\{closure}(Object(Illuminate\\Http\\Request))
#30 C:\\OSPanel\\modules\\system\\html\\default\\vendor\\laravel\\framework\\src\\Illuminate\\Pipeline\\Pipeline.php(104): Illuminate\\Routing\\Pipeline->Illuminate\\Routing\\{closure}(Object(Illuminate\\Http\\Request))
#31 C:\\OSPanel\\modules\\system\\html\\default\\vendor\\laravel\\framework\\src\\Illuminate\\Foundation\\Http\\Kernel.php(151): Illuminate\\Pipeline\\Pipeline->then(Object(Closure))
#32 C:\\OSPanel\\modules\\system\\html\\default\\vendor\\laravel\\framework\\src\\Illuminate\\Foundation\\Http\\Kernel.php(116): Illuminate\\Foundation\\Http\\Kernel->sendRequestThroughRouter(Object(Illuminate\\Http\\Request))
#33 C:\\OSPanel\\modules\\system\\html\\default\\public\\index.php(55): Illuminate\\Foundation\\Http\\Kernel->handle(Object(Illuminate\\Http\\Request))
#34 {main}
"} 
[2019-09-26 14:16:35] local.ERROR: Class logger does not exist {"exception":"[object] (ReflectionException(code: -1): Class logger does not exist at C:\\OSPanel\\modules\\system\\html\\default\\vendor\\laravel\\framework\\src\\Illuminate\\Container\\Container.php:788)
[stacktrace]
#0 C:\\OSPanel\\modules\\system\\html\\default\\vendor\\laravel\\framework\\src\\Illuminate\\Container\\Container.php(788): ReflectionClass->__construct('logger')
#1 C:\\OSPanel\\modules\\system\\html\\default\\vendor\\laravel\\framework\\src\\Illuminate\\Container\\Container.php(667): Illuminate\\Container\\Container->build('logger')
#2 C:\\OSPanel\\modules\\system\\html\\default\\vendor\\laravel\\framework\\src\\Illuminate\\Container\\Container.php(615): Illuminate\\Container\\Container->resolve('logger', Array)
#3 C:\\OSPanel\\modules\\system\\html\\default\\vendor\\laravel\\framework\\src\\Illuminate\\Foundation\\Application.php(767): Illuminate\\Container\\Container->make('logger', Array)
#4 C:\\OSPanel\\modules\\system\\html\\default\\vendor\\laravel\\framework\\src\\Illuminate\\Foundation\\Http\\Kernel.php(215): Illuminate\\Foundation\\Application->make('logger')
#5 C:\\OSPanel\\modules\\system\\html\\default\\vendor\\laravel\\framework\\src\\Illuminate\\Foundation\\Http\\Kernel.php(189): Illuminate\\Foundation\\Http\\Kernel->terminateMiddleware(Object(Illuminate\\Http\\Request), Object(Illuminate\\Http\\Response))
#6 C:\\OSPanel\\modules\\system\\html\\default\\public\\index.php(60): Illuminate\\Foundation\\Http\\Kernel->terminate(Object(Illuminate\\Http\\Request), Object(Illuminate\\Http\\Response))
#7 {main}
"} 
[2019-09-26 14:17:19] local.ERROR: Argument 2 passed to logger() must be of the type array, object given, called in C:\OSPanel\modules\system\html\default\vendor\laravel\framework\src\Illuminate\Pipeline\Pipeline.php on line 145 {"exception":"[object] (Symfony\\Component\\Debug\\Exception\\FatalThrowableError(code: 0): Argument 2 passed to logger() must be of the type array, object given, called in C:\\OSPanel\\modules\\system\\html\\default\\vendor\\laravel\\framework\\src\\Illuminate\\Pipeline\\Pipeline.php on line 145 at C:\\OSPanel\\modules\\system\\html\\default\\vendor\\laravel\\framework\\src\\Illuminate\\Foundation\\helpers.php:531)
[stacktrace]
#0 C:\\OSPanel\\modules\\system\\html\\default\\vendor\\laravel\\framework\\src\\Illuminate\\Pipeline\\Pipeline.php(145): logger(Object(Illuminate\\Http\\Request), Object(Closure))
#1 C:\\OSPanel\\modules\\system\\html\\default\\vendor\\laravel\\framework\\src\\Illuminate\\Routing\\Pipeline.php(53): Illuminate\\Pipeline\\Pipeline->Illuminate\\Pipeline\\{closure}(Object(Illuminate\\Http\\Request))
#2 C:\\OSPanel\\modules\\system\\html\\default\\vendor\\laravel\\framework\\src\\Illuminate\\Routing\\Middleware\\SubstituteBindings.php(41): Illuminate\\Routing\\Pipeline->Illuminate\\Routing\\{closure}(Object(Illuminate\\Http\\Request))
#3 C:\\OSPanel\\modules\\system\\html\\default\\vendor\\laravel\\framework\\src\\Illuminate\\Pipeline\\Pipeline.php(163): Illuminate\\Routing\\Middleware\\SubstituteBindings->handle(Object(Illuminate\\Http\\Request), Object(Closure))
#4 C:\\OSPanel\\modules\\system\\html\\default\\vendor\\laravel\\framework\\src\\Illuminate\\Routing\\Pipeline.php(53): Illuminate\\Pipeline\\Pipeline->Illuminate\\Pipeline\\{closure}(Object(Illuminate\\Http\\Request))
#5 C:\\OSPanel\\modules\\system\\html\\default\\vendor\\laravel\\framework\\src\\Illuminate\\Routing\\Middleware\\ThrottleRequests.php(58): Illuminate\\Routing\\Pipeline->Illuminate\\Routing\\{closure}(Object(Illuminate\\Http\\Request))
#6 C:\\OSPanel\\modules\\system\\html\\default\\vendor\\laravel\\framework\\src\\Illuminate\\Pipeline\\Pipeline.php(163): Illuminate\\Routing\\Middleware\\ThrottleRequests->handle(Object(Illuminate\\Http\\Request), Object(Closure), 60, '1')
#7 C:\\OSPanel\\modules\\system\\html\\default\\vendor\\laravel\\framework\\src\\Illuminate\\Routing\\Pipeline.php(53): Illuminate\\Pipeline\\Pipeline->Illuminate\\Pipeline\\{closure}(Object(Illuminate\\Http\\Request))
#8 C:\\OSPanel\\modules\\system\\html\\default\\vendor\\laravel\\framework\\src\\Illuminate\\Pipeline\\Pipeline.php(104): Illuminate\\Routing\\Pipeline->Illuminate\\Routing\\{closure}(Object(Illuminate\\Http\\Request))
#9 C:\\OSPanel\\modules\\system\\html\\default\\vendor\\laravel\\framework\\src\\Illuminate\\Routing\\Router.php(682): Illuminate\\Pipeline\\Pipeline->then(Object(Closure))
#10 C:\\OSPanel\\modules\\system\\html\\default\\vendor\\laravel\\framework\\src\\Illuminate\\Routing\\Router.php(657): Illuminate\\Routing\\Router->runRouteWithinStack(Object(Illuminate\\Routing\\Route), Object(Illuminate\\Http\\Request))
#11 C:\\OSPanel\\modules\\system\\html\\default\\vendor\\laravel\\framework\\src\\Illuminate\\Routing\\Router.php(623): Illuminate\\Routing\\Router->runRoute(Object(Illuminate\\Http\\Request), Object(Illuminate\\Routing\\Route))
#12 C:\\OSPanel\\modules\\system\\html\\default\\vendor\\laravel\\framework\\src\\Illuminate\\Routing\\Router.php(612): Illuminate\\Routing\\Router->dispatchToRoute(Object(Illuminate\\Http\\Request))
#13 C:\\OSPanel\\modules\\system\\html\\default\\vendor\\laravel\\framework\\src\\Illuminate\\Foundation\\Http\\Kernel.php(176): Illuminate\\Routing\\Router->dispatch(Object(Illuminate\\Http\\Request))
#14 C:\\OSPanel\\modules\\system\\html\\default\\vendor\\laravel\\framework\\src\\Illuminate\\Routing\\Pipeline.php(30): Illuminate\\Foundation\\Http\\Kernel->Illuminate\\Foundation\\Http\\{closure}(Object(Illuminate\\Http\\Request))
#15 C:\\OSPanel\\modules\\system\\html\\default\\vendor\\laravel\\framework\\src\\Illuminate\\Foundation\\Http\\Middleware\\TransformsRequest.php(21): Illuminate\\Routing\\Pipeline->Illuminate\\Routing\\{closure}(Object(Illuminate\\Http\\Request))
#16 C:\\OSPanel\\modules\\system\\html\\default\\vendor\\laravel\\framework\\src\\Illuminate\\Pipeline\\Pipeline.php(163): Illuminate\\Foundation\\Http\\Middleware\\TransformsRequest->handle(Object(Illuminate\\Http\\Request), Object(Closure))
#17 C:\\OSPanel\\modules\\system\\html\\default\\vendor\\laravel\\framework\\src\\Illuminate\\Routing\\Pipeline.php(53): Illuminate\\Pipeline\\Pipeline->Illuminate\\Pipeline\\{closure}(Object(Illuminate\\Http\\Request))
#18 C:\\OSPanel\\modules\\system\\html\\default\\vendor\\laravel\\framework\\src\\Illuminate\\Foundation\\Http\\Middleware\\TransformsRequest.php(21): Illuminate\\Routing\\Pipeline->Illuminate\\Routing\\{closure}(Object(Illuminate\\Http\\Request))
#19 C:\\OSPanel\\modules\\system\\html\\default\\vendor\\laravel\\framework\\src\\Illuminate\\Pipeline\\Pipeline.php(163): Illuminate\\Foundation\\Http\\Middleware\\TransformsRequest->handle(Object(Illuminate\\Http\\Request), Object(Closure))
#20 C:\\OSPanel\\modules\\system\\html\\default\\vendor\\laravel\\framework\\src\\Illuminate\\Routing\\Pipeline.php(53): Illuminate\\Pipeline\\Pipeline->Illuminate\\Pipeline\\{closure}(Object(Illuminate\\Http\\Request))
#21 C:\\OSPanel\\modules\\system\\html\\default\\vendor\\laravel\\framework\\src\\Illuminate\\Foundation\\Http\\Middleware\\ValidatePostSize.php(27): Illuminate\\Routing\\Pipeline->Illuminate\\Routing\\{closure}(Object(Illuminate\\Http\\Request))
#22 C:\\OSPanel\\modules\\system\\html\\default\\vendor\\laravel\\framework\\src\\Illuminate\\Pipeline\\Pipeline.php(163): Illuminate\\Foundation\\Http\\Middleware\\ValidatePostSize->handle(Object(Illuminate\\Http\\Request), Object(Closure))
#23 C:\\OSPanel\\modules\\system\\html\\default\\vendor\\laravel\\framework\\src\\Illuminate\\Routing\\Pipeline.php(53): Illuminate\\Pipeline\\Pipeline->Illuminate\\Pipeline\\{closure}(Object(Illuminate\\Http\\Request))
#24 C:\\OSPanel\\modules\\system\\html\\default\\vendor\\laravel\\framework\\src\\Illuminate\\Foundation\\Http\\Middleware\\CheckForMaintenanceMode.php(62): Illuminate\\Routing\\Pipeline->Illuminate\\Routing\\{closure}(Object(Illuminate\\Http\\Request))
#25 C:\\OSPanel\\modules\\system\\html\\default\\vendor\\laravel\\framework\\src\\Illuminate\\Pipeline\\Pipeline.php(163): Illuminate\\Foundation\\Http\\Middleware\\CheckForMaintenanceMode->handle(Object(Illuminate\\Http\\Request), Object(Closure))
#26 C:\\OSPanel\\modules\\system\\html\\default\\vendor\\laravel\\framework\\src\\Illuminate\\Routing\\Pipeline.php(53): Illuminate\\Pipeline\\Pipeline->Illuminate\\Pipeline\\{closure}(Object(Illuminate\\Http\\Request))
#27 C:\\OSPanel\\modules\\system\\html\\default\\vendor\\fideloper\\proxy\\src\\TrustProxies.php(57): Illuminate\\Routing\\Pipeline->Illuminate\\Routing\\{closure}(Object(Illuminate\\Http\\Request))
#28 C:\\OSPanel\\modules\\system\\html\\default\\vendor\\laravel\\framework\\src\\Illuminate\\Pipeline\\Pipeline.php(163): Fideloper\\Proxy\\TrustProxies->handle(Object(Illuminate\\Http\\Request), Object(Closure))
#29 C:\\OSPanel\\modules\\system\\html\\default\\vendor\\laravel\\framework\\src\\Illuminate\\Routing\\Pipeline.php(53): Illuminate\\Pipeline\\Pipeline->Illuminate\\Pipeline\\{closure}(Object(Illuminate\\Http\\Request))
#30 C:\\OSPanel\\modules\\system\\html\\default\\vendor\\laravel\\framework\\src\\Illuminate\\Pipeline\\Pipeline.php(104): Illuminate\\Routing\\Pipeline->Illuminate\\Routing\\{closure}(Object(Illuminate\\Http\\Request))
#31 C:\\OSPanel\\modules\\system\\html\\default\\vendor\\laravel\\framework\\src\\Illuminate\\Foundation\\Http\\Kernel.php(151): Illuminate\\Pipeline\\Pipeline->then(Object(Closure))
#32 C:\\OSPanel\\modules\\system\\html\\default\\vendor\\laravel\\framework\\src\\Illuminate\\Foundation\\Http\\Kernel.php(116): Illuminate\\Foundation\\Http\\Kernel->sendRequestThroughRouter(Object(Illuminate\\Http\\Request))
#33 C:\\OSPanel\\modules\\system\\html\\default\\public\\index.php(55): Illuminate\\Foundation\\Http\\Kernel->handle(Object(Illuminate\\Http\\Request))
#34 {main}
"} 
[2019-09-26 14:17:19] local.ERROR: Class logger does not exist {"exception":"[object] (ReflectionException(code: -1): Class logger does not exist at C:\\OSPanel\\modules\\system\\html\\default\\vendor\\laravel\\framework\\src\\Illuminate\\Container\\Container.php:788)
[stacktrace]
#0 C:\\OSPanel\\modules\\system\\html\\default\\vendor\\laravel\\framework\\src\\Illuminate\\Container\\Container.php(788): ReflectionClass->__construct('logger')
#1 C:\\OSPanel\\modules\\system\\html\\default\\vendor\\laravel\\framework\\src\\Illuminate\\Container\\Container.php(667): Illuminate\\Container\\Container->build('logger')
#2 C:\\OSPanel\\modules\\system\\html\\default\\vendor\\laravel\\framework\\src\\Illuminate\\Container\\Container.php(615): Illuminate\\Container\\Container->resolve('logger', Array)
#3 C:\\OSPanel\\modules\\system\\html\\default\\vendor\\laravel\\framework\\src\\Illuminate\\Foundation\\Application.php(767): Illuminate\\Container\\Container->make('logger', Array)
#4 C:\\OSPanel\\modules\\system\\html\\default\\vendor\\laravel\\framework\\src\\Illuminate\\Foundation\\Http\\Kernel.php(215): Illuminate\\Foundation\\Application->make('logger')
#5 C:\\OSPanel\\modules\\system\\html\\default\\vendor\\laravel\\framework\\src\\Illuminate\\Foundation\\Http\\Kernel.php(189): Illuminate\\Foundation\\Http\\Kernel->terminateMiddleware(Object(Illuminate\\Http\\Request), Object(Illuminate\\Http\\Response))
#6 C:\\OSPanel\\modules\\system\\html\\default\\public\\index.php(60): Illuminate\\Foundation\\Http\\Kernel->terminate(Object(Illuminate\\Http\\Request), Object(Illuminate\\Http\\Response))
#7 {main}
"} 
[2019-09-26 14:18:52] local.ERROR: Argument 2 passed to logger() must be of the type array, object given, called in C:\OSPanel\modules\system\html\default\vendor\laravel\framework\src\Illuminate\Pipeline\Pipeline.php on line 145 {"exception":"[object] (Symfony\\Component\\Debug\\Exception\\FatalThrowableError(code: 0): Argument 2 passed to logger() must be of the type array, object given, called in C:\\OSPanel\\modules\\system\\html\\default\\vendor\\laravel\\framework\\src\\Illuminate\\Pipeline\\Pipeline.php on line 145 at C:\\OSPanel\\modules\\system\\html\\default\\vendor\\laravel\\framework\\src\\Illuminate\\Foundation\\helpers.php:531)
[stacktrace]
#0 C:\\OSPanel\\modules\\system\\html\\default\\vendor\\laravel\\framework\\src\\Illuminate\\Pipeline\\Pipeline.php(145): logger(Object(Illuminate\\Http\\Request), Object(Closure))
#1 C:\\OSPanel\\modules\\system\\html\\default\\vendor\\laravel\\framework\\src\\Illuminate\\Routing\\Pipeline.php(53): Illuminate\\Pipeline\\Pipeline->Illuminate\\Pipeline\\{closure}(Object(Illuminate\\Http\\Request))
#2 C:\\OSPanel\\modules\\system\\html\\default\\vendor\\laravel\\framework\\src\\Illuminate\\Routing\\Middleware\\SubstituteBindings.php(41): Illuminate\\Routing\\Pipeline->Illuminate\\Routing\\{closure}(Object(Illuminate\\Http\\Request))
#3 C:\\OSPanel\\modules\\system\\html\\default\\vendor\\laravel\\framework\\src\\Illuminate\\Pipeline\\Pipeline.php(163): Illuminate\\Routing\\Middleware\\SubstituteBindings->handle(Object(Illuminate\\Http\\Request), Object(Closure))
#4 C:\\OSPanel\\modules\\system\\html\\default\\vendor\\laravel\\framework\\src\\Illuminate\\Routing\\Pipeline.php(53): Illuminate\\Pipeline\\Pipeline->Illuminate\\Pipeline\\{closure}(Object(Illuminate\\Http\\Request))
#5 C:\\OSPanel\\modules\\system\\html\\default\\vendor\\laravel\\framework\\src\\Illuminate\\Routing\\Middleware\\ThrottleRequests.php(58): Illuminate\\Routing\\Pipeline->Illuminate\\Routing\\{closure}(Object(Illuminate\\Http\\Request))
#6 C:\\OSPanel\\modules\\system\\html\\default\\vendor\\laravel\\framework\\src\\Illuminate\\Pipeline\\Pipeline.php(163): Illuminate\\Routing\\Middleware\\ThrottleRequests->handle(Object(Illuminate\\Http\\Request), Object(Closure), 60, '1')
#7 C:\\OSPanel\\modules\\system\\html\\default\\vendor\\laravel\\framework\\src\\Illuminate\\Routing\\Pipeline.php(53): Illuminate\\Pipeline\\Pipeline->Illuminate\\Pipeline\\{closure}(Object(Illuminate\\Http\\Request))
#8 C:\\OSPanel\\modules\\system\\html\\default\\vendor\\laravel\\framework\\src\\Illuminate\\Pipeline\\Pipeline.php(104): Illuminate\\Routing\\Pipeline->Illuminate\\Routing\\{closure}(Object(Illuminate\\Http\\Request))
#9 C:\\OSPanel\\modules\\system\\html\\default\\vendor\\laravel\\framework\\src\\Illuminate\\Routing\\Router.php(682): Illuminate\\Pipeline\\Pipeline->then(Object(Closure))
#10 C:\\OSPanel\\modules\\system\\html\\default\\vendor\\laravel\\framework\\src\\Illuminate\\Routing\\Router.php(657): Illuminate\\Routing\\Router->runRouteWithinStack(Object(Illuminate\\Routing\\Route), Object(Illuminate\\Http\\Request))
#11 C:\\OSPanel\\modules\\system\\html\\default\\vendor\\laravel\\framework\\src\\Illuminate\\Routing\\Router.php(623): Illuminate\\Routing\\Router->runRoute(Object(Illuminate\\Http\\Request), Object(Illuminate\\Routing\\Route))
#12 C:\\OSPanel\\modules\\system\\html\\default\\vendor\\laravel\\framework\\src\\Illuminate\\Routing\\Router.php(612): Illuminate\\Routing\\Router->dispatchToRoute(Object(Illuminate\\Http\\Request))
#13 C:\\OSPanel\\modules\\system\\html\\default\\vendor\\laravel\\framework\\src\\Illuminate\\Foundation\\Http\\Kernel.php(176): Illuminate\\Routing\\Router->dispatch(Object(Illuminate\\Http\\Request))
#14 C:\\OSPanel\\modules\\system\\html\\default\\vendor\\laravel\\framework\\src\\Illuminate\\Routing\\Pipeline.php(30): Illuminate\\Foundation\\Http\\Kernel->Illuminate\\Foundation\\Http\\{closure}(Object(Illuminate\\Http\\Request))
#15 C:\\OSPanel\\modules\\system\\html\\default\\vendor\\laravel\\framework\\src\\Illuminate\\Foundation\\Http\\Middleware\\TransformsRequest.php(21): Illuminate\\Routing\\Pipeline->Illuminate\\Routing\\{closure}(Object(Illuminate\\Http\\Request))
#16 C:\\OSPanel\\modules\\system\\html\\default\\vendor\\laravel\\framework\\src\\Illuminate\\Pipeline\\Pipeline.php(163): Illuminate\\Foundation\\Http\\Middleware\\TransformsRequest->handle(Object(Illuminate\\Http\\Request), Object(Closure))
#17 C:\\OSPanel\\modules\\system\\html\\default\\vendor\\laravel\\framework\\src\\Illuminate\\Routing\\Pipeline.php(53): Illuminate\\Pipeline\\Pipeline->Illuminate\\Pipeline\\{closure}(Object(Illuminate\\Http\\Request))
#18 C:\\OSPanel\\modules\\system\\html\\default\\vendor\\laravel\\framework\\src\\Illuminate\\Foundation\\Http\\Middleware\\TransformsRequest.php(21): Illuminate\\Routing\\Pipeline->Illuminate\\Routing\\{closure}(Object(Illuminate\\Http\\Request))
#19 C:\\OSPanel\\modules\\system\\html\\default\\vendor\\laravel\\framework\\src\\Illuminate\\Pipeline\\Pipeline.php(163): Illuminate\\Foundation\\Http\\Middleware\\TransformsRequest->handle(Object(Illuminate\\Http\\Request), Object(Closure))
#20 C:\\OSPanel\\modules\\system\\html\\default\\vendor\\laravel\\framework\\src\\Illuminate\\Routing\\Pipeline.php(53): Illuminate\\Pipeline\\Pipeline->Illuminate\\Pipeline\\{closure}(Object(Illuminate\\Http\\Request))
#21 C:\\OSPanel\\modules\\system\\html\\default\\vendor\\laravel\\framework\\src\\Illuminate\\Foundation\\Http\\Middleware\\ValidatePostSize.php(27): Illuminate\\Routing\\Pipeline->Illuminate\\Routing\\{closure}(Object(Illuminate\\Http\\Request))
#22 C:\\OSPanel\\modules\\system\\html\\default\\vendor\\laravel\\framework\\src\\Illuminate\\Pipeline\\Pipeline.php(163): Illuminate\\Foundation\\Http\\Middleware\\ValidatePostSize->handle(Object(Illuminate\\Http\\Request), Object(Closure))
#23 C:\\OSPanel\\modules\\system\\html\\default\\vendor\\laravel\\framework\\src\\Illuminate\\Routing\\Pipeline.php(53): Illuminate\\Pipeline\\Pipeline->Illuminate\\Pipeline\\{closure}(Object(Illuminate\\Http\\Request))
#24 C:\\OSPanel\\modules\\system\\html\\default\\vendor\\laravel\\framework\\src\\Illuminate\\Foundation\\Http\\Middleware\\CheckForMaintenanceMode.php(62): Illuminate\\Routing\\Pipeline->Illuminate\\Routing\\{closure}(Object(Illuminate\\Http\\Request))
#25 C:\\OSPanel\\modules\\system\\html\\default\\vendor\\laravel\\framework\\src\\Illuminate\\Pipeline\\Pipeline.php(163): Illuminate\\Foundation\\Http\\Middleware\\CheckForMaintenanceMode->handle(Object(Illuminate\\Http\\Request), Object(Closure))
#26 C:\\OSPanel\\modules\\system\\html\\default\\vendor\\laravel\\framework\\src\\Illuminate\\Routing\\Pipeline.php(53): Illuminate\\Pipeline\\Pipeline->Illuminate\\Pipeline\\{closure}(Object(Illuminate\\Http\\Request))
#27 C:\\OSPanel\\modules\\system\\html\\default\\vendor\\fideloper\\proxy\\src\\TrustProxies.php(57): Illuminate\\Routing\\Pipeline->Illuminate\\Routing\\{closure}(Object(Illuminate\\Http\\Request))
#28 C:\\OSPanel\\modules\\system\\html\\default\\vendor\\laravel\\framework\\src\\Illuminate\\Pipeline\\Pipeline.php(163): Fideloper\\Proxy\\TrustProxies->handle(Object(Illuminate\\Http\\Request), Object(Closure))
#29 C:\\OSPanel\\modules\\system\\html\\default\\vendor\\laravel\\framework\\src\\Illuminate\\Routing\\Pipeline.php(53): Illuminate\\Pipeline\\Pipeline->Illuminate\\Pipeline\\{closure}(Object(Illuminate\\Http\\Request))
#30 C:\\OSPanel\\modules\\system\\html\\default\\vendor\\laravel\\framework\\src\\Illuminate\\Pipeline\\Pipeline.php(104): Illuminate\\Routing\\Pipeline->Illuminate\\Routing\\{closure}(Object(Illuminate\\Http\\Request))
#31 C:\\OSPanel\\modules\\system\\html\\default\\vendor\\laravel\\framework\\src\\Illuminate\\Foundation\\Http\\Kernel.php(151): Illuminate\\Pipeline\\Pipeline->then(Object(Closure))
#32 C:\\OSPanel\\modules\\system\\html\\default\\vendor\\laravel\\framework\\src\\Illuminate\\Foundation\\Http\\Kernel.php(116): Illuminate\\Foundation\\Http\\Kernel->sendRequestThroughRouter(Object(Illuminate\\Http\\Request))
#33 C:\\OSPanel\\modules\\system\\html\\default\\public\\index.php(55): Illuminate\\Foundation\\Http\\Kernel->handle(Object(Illuminate\\Http\\Request))
#34 {main}
"} 
[2019-09-26 14:18:52] local.ERROR: Class logger does not exist {"exception":"[object] (ReflectionException(code: -1): Class logger does not exist at C:\\OSPanel\\modules\\system\\html\\default\\vendor\\laravel\\framework\\src\\Illuminate\\Container\\Container.php:788)
[stacktrace]
#0 C:\\OSPanel\\modules\\system\\html\\default\\vendor\\laravel\\framework\\src\\Illuminate\\Container\\Container.php(788): ReflectionClass->__construct('logger')
#1 C:\\OSPanel\\modules\\system\\html\\default\\vendor\\laravel\\framework\\src\\Illuminate\\Container\\Container.php(667): Illuminate\\Container\\Container->build('logger')
#2 C:\\OSPanel\\modules\\system\\html\\default\\vendor\\laravel\\framework\\src\\Illuminate\\Container\\Container.php(615): Illuminate\\Container\\Container->resolve('logger', Array)
#3 C:\\OSPanel\\modules\\system\\html\\default\\vendor\\laravel\\framework\\src\\Illuminate\\Foundation\\Application.php(767): Illuminate\\Container\\Container->make('logger', Array)
#4 C:\\OSPanel\\modules\\system\\html\\default\\vendor\\laravel\\framework\\src\\Illuminate\\Foundation\\Http\\Kernel.php(215): Illuminate\\Foundation\\Application->make('logger')
#5 C:\\OSPanel\\modules\\system\\html\\default\\vendor\\laravel\\framework\\src\\Illuminate\\Foundation\\Http\\Kernel.php(189): Illuminate\\Foundation\\Http\\Kernel->terminateMiddleware(Object(Illuminate\\Http\\Request), Object(Illuminate\\Http\\Response))
#6 C:\\OSPanel\\modules\\system\\html\\default\\public\\index.php(60): Illuminate\\Foundation\\Http\\Kernel->terminate(Object(Illuminate\\Http\\Request), Object(Illuminate\\Http\\Response))
#7 {main}
"} 
[2019-09-26 14:42:50] local.ERROR: in_array() expects parameter 2 to be array, null given {"exception":"[object] (ErrorException(code: 0): in_array() expects parameter 2 to be array, null given at C:\\OSPanel\\modules\\system\\html\\default\\vendor\
esbot\\carbon\\src\\Carbon\\Traits\\Comparison.php:419)
[stacktrace]
#0 [internal function]: Illuminate\\Foundation\\Bootstrap\\HandleExceptions->handleError(2, 'in_array() expe...', 'C:\\\\OSPanel\\\\modu...', 419, Array)
#1 C:\\OSPanel\\modules\\system\\html\\default\\vendor\
esbot\\carbon\\src\\Carbon\\Traits\\Comparison.php(419): in_array(4, NULL)
#2 C:\\OSPanel\\modules\\system\\html\\default\\vendor\\gt4u\\support\\src\\Helpers\\AbstractGTCarbon.php(72): Carbon\\Carbon->isWeekend()
#3 C:\\OSPanel\\modules\\system\\html\\default\\vendor\\gt4u\\support\\src\\Helpers\\AbstractGTCarbon.php(106): GoodTech\\Support\\Helpers\\AbstractGTCarbon->isWorkTime()
#4 C:\\OSPanel\\modules\\system\\html\\default\\vendor\\gt4u\\support\\src\\Helpers\\AbstractGTCarbon.php(162): GoodTech\\Support\\Helpers\\AbstractGTCarbon->nextWorkTimeStartIfNotWorkTime()
#5 C:\\OSPanel\\modules\\system\\html\\default\\vendor\\gt4u\\website\\src\\Jobs\\Helpers\\WebsiteTask.php(160): GoodTech\\Support\\Helpers\\AbstractGTCarbon->addWorkMinutes(30)
#6 C:\\OSPanel\\modules\\system\\html\\default\\vendor\\gt4u\\website\\src\\Jobs\\Helpers\\WebsiteTask.php(145): GoodTech\\Website\\Jobs\\Helpers\\WebsiteTask->getCompleteTillAt()
#7 C:\\OSPanel\\modules\\system\\html\\default\\vendor\\gt4u\\website\\src\\Jobs\\Helpers\\WebsiteTask.php(71): GoodTech\\Website\\Jobs\\Helpers\\WebsiteTask->setTime()
#8 C:\\OSPanel\\modules\\system\\html\\default\\vendor\\gt4u\\website\\src\\Jobs\\Helpers\\WebsiteTask.php(28): GoodTech\\Website\\Jobs\\Helpers\\WebsiteTask->fetchTask()
#9 C:\\OSPanel\\modules\\system\\html\\default\\vendor\\gt4u\\website\\src\\Jobs\\WebsiteFormJob.php(164): GoodTech\\Website\\Jobs\\Helpers\\WebsiteTask::get(Object(GoodTech\\Website\\Jobs\\WebsiteFormJob))
#10 [internal function]: GoodTech\\Website\\Jobs\\WebsiteFormJob->handle()
#11 C:\\OSPanel\\modules\\system\\html\\default\\vendor\\laravel\\framework\\src\\Illuminate\\Container\\BoundMethod.php(32): call_user_func_array(Array, Array)
#12 C:\\OSPanel\\modules\\system\\html\\default\\vendor\\laravel\\framework\\src\\Illuminate\\Container\\BoundMethod.php(90): Illuminate\\Container\\BoundMethod::Illuminate\\Container\\{closure}()
#13 C:\\OSPanel\\modules\\system\\html\\default\\vendor\\laravel\\framework\\src\\Illuminate\\Container\\BoundMethod.php(34): Illuminate\\Container\\BoundMethod::callBoundMethod(Object(Illuminate\\Foundation\\Application), Array, Object(Closure))
#14 C:\\OSPanel\\modules\\system\\html\\default\\vendor\\laravel\\framework\\src\\Illuminate\\Container\\Container.php(576): Illuminate\\Container\\BoundMethod::call(Object(Illuminate\\Foundation\\Application), Array, Array, NULL)
#15 C:\\OSPanel\\modules\\system\\html\\default\\vendor\\laravel\\framework\\src\\Illuminate\\Bus\\Dispatcher.php(94): Illuminate\\Container\\Container->call(Array)
#16 C:\\OSPanel\\modules\\system\\html\\default\\vendor\\laravel\\framework\\src\\Illuminate\\Pipeline\\Pipeline.php(128): Illuminate\\Bus\\Dispatcher->Illuminate\\Bus\\{closure}(Object(GoodTech\\Website\\Jobs\\WebsiteFormJob))
#17 C:\\OSPanel\\modules\\system\\html\\default\\vendor\\laravel\\framework\\src\\Illuminate\\Pipeline\\Pipeline.php(104): Illuminate\\Pipeline\\Pipeline->Illuminate\\Pipeline\\{closure}(Object(GoodTech\\Website\\Jobs\\WebsiteFormJob))
#18 C:\\OSPanel\\modules\\system\\html\\default\\vendor\\laravel\\framework\\src\\Illuminate\\Bus\\Dispatcher.php(98): Illuminate\\Pipeline\\Pipeline->then(Object(Closure))
#19 C:\\OSPanel\\modules\\system\\html\\default\\vendor\\laravel\\framework\\src\\Illuminate\\Queue\\CallQueuedHandler.php(49): Illuminate\\Bus\\Dispatcher->dispatchNow(Object(GoodTech\\Website\\Jobs\\WebsiteFormJob), false)
#20 C:\\OSPanel\\modules\\system\\html\\default\\vendor\\laravel\\framework\\src\\Illuminate\\Queue\\Jobs\\Job.php(88): Illuminate\\Queue\\CallQueuedHandler->call(Object(Illuminate\\Queue\\Jobs\\DatabaseJob), Array)
#21 C:\\OSPanel\\modules\\system\\html\\default\\vendor\\laravel\\framework\\src\\Illuminate\\Queue\\Worker.php(337): Illuminate\\Queue\\Jobs\\Job->fire()
#22 C:\\OSPanel\\modules\\system\\html\\default\\vendor\\laravel\\framework\\src\\Illuminate\\Queue\\Worker.php(283): Illuminate\\Queue\\Worker->process('database', Object(Illuminate\\Queue\\Jobs\\DatabaseJob), Object(Illuminate\\Queue\\WorkerOptions))
#23 C:\\OSPanel\\modules\\system\\html\\default\\vendor\\laravel\\framework\\src\\Illuminate\\Queue\\Worker.php(236): Illuminate\\Queue\\Worker->runJob(Object(Illuminate\\Queue\\Jobs\\DatabaseJob), 'database', Object(Illuminate\\Queue\\WorkerOptions))
#24 C:\\OSPanel\\modules\\system\\html\\default\\vendor\\laravel\\framework\\src\\Illuminate\\Queue\\Console\\WorkCommand.php(102): Illuminate\\Queue\\Worker->runNextJob('database', 'website_form', Object(Illuminate\\Queue\\WorkerOptions))
#25 C:\\OSPanel\\modules\\system\\html\\default\\vendor\\laravel\\framework\\src\\Illuminate\\Queue\\Console\\WorkCommand.php(86): Illuminate\\Queue\\Console\\WorkCommand->runWorker('database', 'website_form')
#26 C:\\OSPanel\\modules\\system\\html\\default\\vendor\\gt4u\\support\\src\\Commands\\CheckAndWorkCommand.php(55): Illuminate\\Queue\\Console\\WorkCommand->handle()
#27 [internal function]: GoodTech\\Support\\Commands\\CheckAndWorkCommand->handle()
#28 C:\\OSPanel\\modules\\system\\html\\default\\vendor\\laravel\\framework\\src\\Illuminate\\Container\\BoundMethod.php(32): call_user_func_array(Array, Array)
#29 C:\\OSPanel\\modules\\system\\html\\default\\vendor\\laravel\\framework\\src\\Illuminate\\Container\\BoundMethod.php(90): Illuminate\\Container\\BoundMethod::Illuminate\\Container\\{closure}()
#30 C:\\OSPanel\\modules\\system\\html\\default\\vendor\\laravel\\framework\\src\\Illuminate\\Container\\BoundMethod.php(34): Illuminate\\Container\\BoundMethod::callBoundMethod(Object(Illuminate\\Foundation\\Application), Array, Object(Closure))
#31 C:\\OSPanel\\modules\\system\\html\\default\\vendor\\laravel\\framework\\src\\Illuminate\\Container\\Container.php(576): Illuminate\\Container\\BoundMethod::call(Object(Illuminate\\Foundation\\Application), Array, Array, NULL)
#32 C:\\OSPanel\\modules\\system\\html\\default\\vendor\\laravel\\framework\\src\\Illuminate\\Console\\Command.php(183): Illuminate\\Container\\Container->call(Array)
#33 C:\\OSPanel\\modules\\system\\html\\default\\vendor\\symfony\\console\\Command\\Command.php(255): Illuminate\\Console\\Command->execute(Object(Symfony\\Component\\Console\\Input\\ArgvInput), Object(Illuminate\\Console\\OutputStyle))
#34 C:\\OSPanel\\modules\\system\\html\\default\\vendor\\laravel\\framework\\src\\Illuminate\\Console\\Command.php(170): Symfony\\Component\\Console\\Command\\Command->run(Object(Symfony\\Component\\Console\\Input\\ArgvInput), Object(Illuminate\\Console\\OutputStyle))
#35 C:\\OSPanel\\modules\\system\\html\\default\\vendor\\symfony\\console\\Application.php(915): Illuminate\\Console\\Command->run(Object(Symfony\\Component\\Console\\Input\\ArgvInput), Object(Symfony\\Component\\Console\\Output\\ConsoleOutput))
#36 C:\\OSPanel\\modules\\system\\html\\default\\vendor\\symfony\\console\\Application.php(272): Symfony\\Component\\Console\\Application->doRunCommand(Object(GoodTech\\Support\\Commands\\CheckAndWorkCommand), Object(Symfony\\Component\\Console\\Input\\ArgvInput), Object(Symfony\\Component\\Console\\Output\\ConsoleOutput))
#37 C:\\OSPanel\\modules\\system\\html\\default\\vendor\\symfony\\console\\Application.php(148): Symfony\\Component\\Console\\Application->doRun(Object(Symfony\\Component\\Console\\Input\\ArgvInput), Object(Symfony\\Component\\Console\\Output\\ConsoleOutput))
#38 C:\\OSPanel\\modules\\system\\html\\default\\vendor\\laravel\\framework\\src\\Illuminate\\Console\\Application.php(90): Symfony\\Component\\Console\\Application->run(Object(Symfony\\Component\\Console\\Input\\ArgvInput), Object(Symfony\\Component\\Console\\Output\\ConsoleOutput))
#39 C:\\OSPanel\\modules\\system\\html\\default\\vendor\\laravel\\framework\\src\\Illuminate\\Foundation\\Console\\Kernel.php(133): Illuminate\\Console\\Application->run(Object(Symfony\\Component\\Console\\Input\\ArgvInput), Object(Symfony\\Component\\Console\\Output\\ConsoleOutput))
#40 C:\\OSPanel\\modules\\system\\html\\default\\artisan(37): Illuminate\\Foundation\\Console\\Kernel->handle(Object(Symfony\\Component\\Console\\Input\\ArgvInput), Object(Symfony\\Component\\Console\\Output\\ConsoleOutput))
#41 {main}
"} 
[2019-09-26 14:47:24] local.ERROR: Not enough arguments (missing: "id"). {"exception":"[object] (Symfony\\Component\\Console\\Exception\\RuntimeException(code: 0): Not enough arguments (missing: \"id\"). at C:\\OSPanel\\modules\\system\\html\\default\\vendor\\symfony\\console\\Input\\Input.php:76)
[stacktrace]
#0 C:\\OSPanel\\modules\\system\\html\\default\\vendor\\symfony\\console\\Command\\Command.php(250): Symfony\\Component\\Console\\Input\\Input->validate()
#1 C:\\OSPanel\\modules\\system\\html\\default\\vendor\\laravel\\framework\\src\\Illuminate\\Console\\Command.php(170): Symfony\\Component\\Console\\Command\\Command->run(Object(Symfony\\Component\\Console\\Input\\ArgvInput), Object(Illuminate\\Console\\OutputStyle))
#2 C:\\OSPanel\\modules\\system\\html\\default\\vendor\\symfony\\console\\Application.php(915): Illuminate\\Console\\Command->run(Object(Symfony\\Component\\Console\\Input\\ArgvInput), Object(Symfony\\Component\\Console\\Output\\ConsoleOutput))
#3 C:\\OSPanel\\modules\\system\\html\\default\\vendor\\symfony\\console\\Application.php(272): Symfony\\Component\\Console\\Application->doRunCommand(Object(Illuminate\\Queue\\Console\\RetryCommand), Object(Symfony\\Component\\Console\\Input\\ArgvInput), Object(Symfony\\Component\\Console\\Output\\ConsoleOutput))
#4 C:\\OSPanel\\modules\\system\\html\\default\\vendor\\symfony\\console\\Application.php(148): Symfony\\Component\\Console\\Application->doRun(Object(Symfony\\Component\\Console\\Input\\ArgvInput), Object(Symfony\\Component\\Console\\Output\\ConsoleOutput))
#5 C:\\OSPanel\\modules\\system\\html\\default\\vendor\\laravel\\framework\\src\\Illuminate\\Console\\Application.php(90): Symfony\\Component\\Console\\Application->run(Object(Symfony\\Component\\Console\\Input\\ArgvInput), Object(Symfony\\Component\\Console\\Output\\ConsoleOutput))
#6 C:\\OSPanel\\modules\\system\\html\\default\\vendor\\laravel\\framework\\src\\Illuminate\\Foundation\\Console\\Kernel.php(133): Illuminate\\Console\\Application->run(Object(Symfony\\Component\\Console\\Input\\ArgvInput), Object(Symfony\\Component\\Console\\Output\\ConsoleOutput))
#7 C:\\OSPanel\\modules\\system\\html\\default\\artisan(37): Illuminate\\Foundation\\Console\\Kernel->handle(Object(Symfony\\Component\\Console\\Input\\ArgvInput), Object(Symfony\\Component\\Console\\Output\\ConsoleOutput))
#8 {main}
"} 
