[2019-09-30 11:27:39] local.ERROR: Class 'GoodTech\TaskFromDate\Log' not found {"exception":"[object] (Symfony\\Component\\Debug\\Exception\\FatalThrowableError(code: 0): Class 'GoodTech\\TaskFromDate\\Log' not found at C:\\OSPanel\\modules\\system\\html\\default\\vendor\\gt4u\\task_from_date\\src\\TaskFromDateWebhook.php:136)
[stacktrace]
#0 C:\\OSPanel\\modules\\system\\html\\default\\vendor\\gt4u\\task_from_date\\src\\TaskFromDateWebhook.php(101): GoodTech\\TaskFromDate\\TaskFromDateWebhook->setTaskFromDateJob()
#1 C:\\OSPanel\\modules\\system\\html\\default\\vendor\\gt4u\\task_from_date\\src\\TaskFromDateWebhook.php(65): GoodTech\\TaskFromDate\\TaskFromDateWebhook->handleEntityField(0)
#2 C:\\OSPanel\\modules\\system\\html\\default\\vendor\\laravel\\framework\\src\\Illuminate\\Support\\Collection.php(475): GoodTech\\TaskFromDate\\TaskFromDateWebhook->GoodTech\\TaskFromDate\\{closure}(Array, 0)
#3 C:\\OSPanel\\modules\\system\\html\\default\\vendor\\gt4u\\task_from_date\\src\\TaskFromDateWebhook.php(66): Illuminate\\Support\\Collection->each(Object(Closure))
#4 C:\\OSPanel\\modules\\system\\html\\default\\vendor\\gt4u\\task_from_date\\src\\TaskFromDateService.php(11): GoodTech\\TaskFromDate\\TaskFromDateWebhook->__construct(Object(GoodTech\\AmoCRM\\Model\\WebHook))
#5 C:\\OSPanel\\modules\\system\\html\\default\\vendor\\gt4u\\amo_hooks_handler\\src\\AmoHooksHandler.php(103): GoodTech\\TaskFromDate\\TaskFromDateService::handleWebhook(Object(GoodTech\\AmoCRM\\Model\\WebHook))
#6 C:\\OSPanel\\modules\\system\\html\\default\\vendor\\gt4u\\amo_hooks_handler\\src\\Jobs\\AmoHooksHandlerJob.php(55): GoodTech\\AmoHooksHandler\\AmoHooksHandler->run(Object(GoodTech\\AmoCRM\\Model\\WebHook))
#7 C:\\OSPanel\\modules\\system\\html\\default\\vendor\\laravel\\framework\\src\\Illuminate\\Support\\Collection.php(475): GoodTech\\AmoHooksHandler\\Jobs\\AmoHooksHandlerJob->GoodTech\\AmoHooksHandler\\Jobs\\{closure}(Array, 1)
#8 C:\\OSPanel\\modules\\system\\html\\default\\vendor\\gt4u\\amo_hooks_handler\\src\\Jobs\\AmoHooksHandlerJob.php(64): Illuminate\\Support\\Collection->each(Object(Closure))
#9 [internal function]: GoodTech\\AmoHooksHandler\\Jobs\\AmoHooksHandlerJob->handle()
#10 C:\\OSPanel\\modules\\system\\html\\default\\vendor\\laravel\\framework\\src\\Illuminate\\Container\\BoundMethod.php(32): call_user_func_array(Array, Array)
#11 C:\\OSPanel\\modules\\system\\html\\default\\vendor\\laravel\\framework\\src\\Illuminate\\Container\\BoundMethod.php(90): Illuminate\\Container\\BoundMethod::Illuminate\\Container\\{closure}()
#12 C:\\OSPanel\\modules\\system\\html\\default\\vendor\\laravel\\framework\\src\\Illuminate\\Container\\BoundMethod.php(34): Illuminate\\Container\\BoundMethod::callBoundMethod(Object(Illuminate\\Foundation\\Application), Array, Object(Closure))
#13 C:\\OSPanel\\modules\\system\\html\\default\\vendor\\laravel\\framework\\src\\Illuminate\\Container\\Container.php(576): Illuminate\\Container\\BoundMethod::call(Object(Illuminate\\Foundation\\Application), Array, Array, NULL)
#14 C:\\OSPanel\\modules\\system\\html\\default\\vendor\\laravel\\framework\\src\\Illuminate\\Bus\\Dispatcher.php(94): Illuminate\\Container\\Container->call(Array)
#15 C:\\OSPanel\\modules\\system\\html\\default\\vendor\\laravel\\framework\\src\\Illuminate\\Pipeline\\Pipeline.php(128): Illuminate\\Bus\\Dispatcher->Illuminate\\Bus\\{closure}(Object(GoodTech\\AmoHooksHandler\\Jobs\\AmoHooksHandlerJob))
#16 C:\\OSPanel\\modules\\system\\html\\default\\vendor\\laravel\\framework\\src\\Illuminate\\Pipeline\\Pipeline.php(104): Illuminate\\Pipeline\\Pipeline->Illuminate\\Pipeline\\{closure}(Object(GoodTech\\AmoHooksHandler\\Jobs\\AmoHooksHandlerJob))
#17 C:\\OSPanel\\modules\\system\\html\\default\\vendor\\laravel\\framework\\src\\Illuminate\\Bus\\Dispatcher.php(98): Illuminate\\Pipeline\\Pipeline->then(Object(Closure))
#18 C:\\OSPanel\\modules\\system\\html\\default\\vendor\\laravel\\framework\\src\\Illuminate\\Queue\\CallQueuedHandler.php(49): Illuminate\\Bus\\Dispatcher->dispatchNow(Object(GoodTech\\AmoHooksHandler\\Jobs\\AmoHooksHandlerJob), false)
#19 C:\\OSPanel\\modules\\system\\html\\default\\vendor\\laravel\\framework\\src\\Illuminate\\Queue\\Jobs\\Job.php(88): Illuminate\\Queue\\CallQueuedHandler->call(Object(Illuminate\\Queue\\Jobs\\DatabaseJob), Array)
#20 C:\\OSPanel\\modules\\system\\html\\default\\vendor\\laravel\\framework\\src\\Illuminate\\Queue\\Worker.php(337): Illuminate\\Queue\\Jobs\\Job->fire()
#21 C:\\OSPanel\\modules\\system\\html\\default\\vendor\\laravel\\framework\\src\\Illuminate\\Queue\\Worker.php(283): Illuminate\\Queue\\Worker->process('database', Object(Illuminate\\Queue\\Jobs\\DatabaseJob), Object(Illuminate\\Queue\\WorkerOptions))
#22 C:\\OSPanel\\modules\\system\\html\\default\\vendor\\laravel\\framework\\src\\Illuminate\\Queue\\Worker.php(118): Illuminate\\Queue\\Worker->runJob(Object(Illuminate\\Queue\\Jobs\\DatabaseJob), 'database', Object(Illuminate\\Queue\\WorkerOptions))
#23 C:\\OSPanel\\modules\\system\\html\\default\\vendor\\laravel\\framework\\src\\Illuminate\\Queue\\Console\\WorkCommand.php(102): Illuminate\\Queue\\Worker->daemon('database', 'default', Object(Illuminate\\Queue\\WorkerOptions))
#24 C:\\OSPanel\\modules\\system\\html\\default\\vendor\\laravel\\framework\\src\\Illuminate\\Queue\\Console\\WorkCommand.php(86): Illuminate\\Queue\\Console\\WorkCommand->runWorker('database', 'default')
#25 C:\\OSPanel\\modules\\system\\html\\default\\vendor\\gt4u\\support\\src\\Commands\\CheckAndWorkCommand.php(55): Illuminate\\Queue\\Console\\WorkCommand->handle()
#26 [internal function]: GoodTech\\Support\\Commands\\CheckAndWorkCommand->handle()
#27 C:\\OSPanel\\modules\\system\\html\\default\\vendor\\laravel\\framework\\src\\Illuminate\\Container\\BoundMethod.php(32): call_user_func_array(Array, Array)
#28 C:\\OSPanel\\modules\\system\\html\\default\\vendor\\laravel\\framework\\src\\Illuminate\\Container\\BoundMethod.php(90): Illuminate\\Container\\BoundMethod::Illuminate\\Container\\{closure}()
#29 C:\\OSPanel\\modules\\system\\html\\default\\vendor\\laravel\\framework\\src\\Illuminate\\Container\\BoundMethod.php(34): Illuminate\\Container\\BoundMethod::callBoundMethod(Object(Illuminate\\Foundation\\Application), Array, Object(Closure))
#30 C:\\OSPanel\\modules\\system\\html\\default\\vendor\\laravel\\framework\\src\\Illuminate\\Container\\Container.php(576): Illuminate\\Container\\BoundMethod::call(Object(Illuminate\\Foundation\\Application), Array, Array, NULL)
#31 C:\\OSPanel\\modules\\system\\html\\default\\vendor\\laravel\\framework\\src\\Illuminate\\Console\\Command.php(183): Illuminate\\Container\\Container->call(Array)
#32 C:\\OSPanel\\modules\\system\\html\\default\\vendor\\symfony\\console\\Command\\Command.php(255): Illuminate\\Console\\Command->execute(Object(Symfony\\Component\\Console\\Input\\ArgvInput), Object(Illuminate\\Console\\OutputStyle))
#33 C:\\OSPanel\\modules\\system\\html\\default\\vendor\\laravel\\framework\\src\\Illuminate\\Console\\Command.php(170): Symfony\\Component\\Console\\Command\\Command->run(Object(Symfony\\Component\\Console\\Input\\ArgvInput), Object(Illuminate\\Console\\OutputStyle))
#34 C:\\OSPanel\\modules\\system\\html\\default\\vendor\\symfony\\console\\Application.php(915): Illuminate\\Console\\Command->run(Object(Symfony\\Component\\Console\\Input\\ArgvInput), Object(Symfony\\Component\\Console\\Output\\ConsoleOutput))
#35 C:\\OSPanel\\modules\\system\\html\\default\\vendor\\symfony\\console\\Application.php(272): Symfony\\Component\\Console\\Application->doRunCommand(Object(GoodTech\\Support\\Commands\\CheckAndWorkCommand), Object(Symfony\\Component\\Console\\Input\\ArgvInput), Object(Symfony\\Component\\Console\\Output\\ConsoleOutput))
#36 C:\\OSPanel\\modules\\system\\html\\default\\vendor\\symfony\\console\\Application.php(148): Symfony\\Component\\Console\\Application->doRun(Object(Symfony\\Component\\Console\\Input\\ArgvInput), Object(Symfony\\Component\\Console\\Output\\ConsoleOutput))
#37 C:\\OSPanel\\modules\\system\\html\\default\\vendor\\laravel\\framework\\src\\Illuminate\\Console\\Application.php(90): Symfony\\Component\\Console\\Application->run(Object(Symfony\\Component\\Console\\Input\\ArgvInput), Object(Symfony\\Component\\Console\\Output\\ConsoleOutput))
#38 C:\\OSPanel\\modules\\system\\html\\default\\vendor\\laravel\\framework\\src\\Illuminate\\Foundation\\Console\\Kernel.php(133): Illuminate\\Console\\Application->run(Object(Symfony\\Component\\Console\\Input\\ArgvInput), Object(Symfony\\Component\\Console\\Output\\ConsoleOutput))
#39 C:\\OSPanel\\modules\\system\\html\\default\\artisan(37): Illuminate\\Foundation\\Console\\Kernel->handle(Object(Symfony\\Component\\Console\\Input\\ArgvInput), Object(Symfony\\Component\\Console\\Output\\ConsoleOutput))
#40 {main}
"} 
[2019-09-30 11:28:56] local.ERROR: Class 'GoodTech\TaskFromDate\Log' not found {"exception":"[object] (Symfony\\Component\\Debug\\Exception\\FatalThrowableError(code: 0): Class 'GoodTech\\TaskFromDate\\Log' not found at C:\\OSPanel\\modules\\system\\html\\default\\vendor\\gt4u\\task_from_date\\src\\TaskFromDateWebhook.php:136)
[stacktrace]
#0 C:\\OSPanel\\modules\\system\\html\\default\\vendor\\gt4u\\task_from_date\\src\\TaskFromDateWebhook.php(101): GoodTech\\TaskFromDate\\TaskFromDateWebhook->setTaskFromDateJob()
#1 C:\\OSPanel\\modules\\system\\html\\default\\vendor\\gt4u\\task_from_date\\src\\TaskFromDateWebhook.php(65): GoodTech\\TaskFromDate\\TaskFromDateWebhook->handleEntityField(0)
#2 C:\\OSPanel\\modules\\system\\html\\default\\vendor\\laravel\\framework\\src\\Illuminate\\Support\\Collection.php(475): GoodTech\\TaskFromDate\\TaskFromDateWebhook->GoodTech\\TaskFromDate\\{closure}(Array, 0)
#3 C:\\OSPanel\\modules\\system\\html\\default\\vendor\\gt4u\\task_from_date\\src\\TaskFromDateWebhook.php(66): Illuminate\\Support\\Collection->each(Object(Closure))
#4 C:\\OSPanel\\modules\\system\\html\\default\\vendor\\gt4u\\task_from_date\\src\\TaskFromDateService.php(11): GoodTech\\TaskFromDate\\TaskFromDateWebhook->__construct(Object(GoodTech\\AmoCRM\\Model\\WebHook))
#5 C:\\OSPanel\\modules\\system\\html\\default\\vendor\\gt4u\\amo_hooks_handler\\src\\AmoHooksHandler.php(103): GoodTech\\TaskFromDate\\TaskFromDateService::handleWebhook(Object(GoodTech\\AmoCRM\\Model\\WebHook))
#6 C:\\OSPanel\\modules\\system\\html\\default\\vendor\\gt4u\\amo_hooks_handler\\src\\Jobs\\AmoHooksHandlerJob.php(55): GoodTech\\AmoHooksHandler\\AmoHooksHandler->run(Object(GoodTech\\AmoCRM\\Model\\WebHook))
#7 C:\\OSPanel\\modules\\system\\html\\default\\vendor\\laravel\\framework\\src\\Illuminate\\Support\\Collection.php(475): GoodTech\\AmoHooksHandler\\Jobs\\AmoHooksHandlerJob->GoodTech\\AmoHooksHandler\\Jobs\\{closure}(Array, 1)
#8 C:\\OSPanel\\modules\\system\\html\\default\\vendor\\gt4u\\amo_hooks_handler\\src\\Jobs\\AmoHooksHandlerJob.php(64): Illuminate\\Support\\Collection->each(Object(Closure))
#9 [internal function]: GoodTech\\AmoHooksHandler\\Jobs\\AmoHooksHandlerJob->handle()
#10 C:\\OSPanel\\modules\\system\\html\\default\\vendor\\laravel\\framework\\src\\Illuminate\\Container\\BoundMethod.php(32): call_user_func_array(Array, Array)
#11 C:\\OSPanel\\modules\\system\\html\\default\\vendor\\laravel\\framework\\src\\Illuminate\\Container\\BoundMethod.php(90): Illuminate\\Container\\BoundMethod::Illuminate\\Container\\{closure}()
#12 C:\\OSPanel\\modules\\system\\html\\default\\vendor\\laravel\\framework\\src\\Illuminate\\Container\\BoundMethod.php(34): Illuminate\\Container\\BoundMethod::callBoundMethod(Object(Illuminate\\Foundation\\Application), Array, Object(Closure))
#13 C:\\OSPanel\\modules\\system\\html\\default\\vendor\\laravel\\framework\\src\\Illuminate\\Container\\Container.php(576): Illuminate\\Container\\BoundMethod::call(Object(Illuminate\\Foundation\\Application), Array, Array, NULL)
#14 C:\\OSPanel\\modules\\system\\html\\default\\vendor\\laravel\\framework\\src\\Illuminate\\Bus\\Dispatcher.php(94): Illuminate\\Container\\Container->call(Array)
#15 C:\\OSPanel\\modules\\system\\html\\default\\vendor\\laravel\\framework\\src\\Illuminate\\Pipeline\\Pipeline.php(128): Illuminate\\Bus\\Dispatcher->Illuminate\\Bus\\{closure}(Object(GoodTech\\AmoHooksHandler\\Jobs\\AmoHooksHandlerJob))
#16 C:\\OSPanel\\modules\\system\\html\\default\\vendor\\laravel\\framework\\src\\Illuminate\\Pipeline\\Pipeline.php(104): Illuminate\\Pipeline\\Pipeline->Illuminate\\Pipeline\\{closure}(Object(GoodTech\\AmoHooksHandler\\Jobs\\AmoHooksHandlerJob))
#17 C:\\OSPanel\\modules\\system\\html\\default\\vendor\\laravel\\framework\\src\\Illuminate\\Bus\\Dispatcher.php(98): Illuminate\\Pipeline\\Pipeline->then(Object(Closure))
#18 C:\\OSPanel\\modules\\system\\html\\default\\vendor\\laravel\\framework\\src\\Illuminate\\Queue\\CallQueuedHandler.php(49): Illuminate\\Bus\\Dispatcher->dispatchNow(Object(GoodTech\\AmoHooksHandler\\Jobs\\AmoHooksHandlerJob), false)
#19 C:\\OSPanel\\modules\\system\\html\\default\\vendor\\laravel\\framework\\src\\Illuminate\\Queue\\Jobs\\Job.php(88): Illuminate\\Queue\\CallQueuedHandler->call(Object(Illuminate\\Queue\\Jobs\\DatabaseJob), Array)
#20 C:\\OSPanel\\modules\\system\\html\\default\\vendor\\laravel\\framework\\src\\Illuminate\\Queue\\Worker.php(337): Illuminate\\Queue\\Jobs\\Job->fire()
#21 C:\\OSPanel\\modules\\system\\html\\default\\vendor\\laravel\\framework\\src\\Illuminate\\Queue\\Worker.php(283): Illuminate\\Queue\\Worker->process('database', Object(Illuminate\\Queue\\Jobs\\DatabaseJob), Object(Illuminate\\Queue\\WorkerOptions))
#22 C:\\OSPanel\\modules\\system\\html\\default\\vendor\\laravel\\framework\\src\\Illuminate\\Queue\\Worker.php(118): Illuminate\\Queue\\Worker->runJob(Object(Illuminate\\Queue\\Jobs\\DatabaseJob), 'database', Object(Illuminate\\Queue\\WorkerOptions))
#23 C:\\OSPanel\\modules\\system\\html\\default\\vendor\\laravel\\framework\\src\\Illuminate\\Queue\\Console\\WorkCommand.php(102): Illuminate\\Queue\\Worker->daemon('database', 'default', Object(Illuminate\\Queue\\WorkerOptions))
#24 C:\\OSPanel\\modules\\system\\html\\default\\vendor\\laravel\\framework\\src\\Illuminate\\Queue\\Console\\WorkCommand.php(86): Illuminate\\Queue\\Console\\WorkCommand->runWorker('database', 'default')
#25 C:\\OSPanel\\modules\\system\\html\\default\\vendor\\gt4u\\support\\src\\Commands\\CheckAndWorkCommand.php(55): Illuminate\\Queue\\Console\\WorkCommand->handle()
#26 [internal function]: GoodTech\\Support\\Commands\\CheckAndWorkCommand->handle()
#27 C:\\OSPanel\\modules\\system\\html\\default\\vendor\\laravel\\framework\\src\\Illuminate\\Container\\BoundMethod.php(32): call_user_func_array(Array, Array)
#28 C:\\OSPanel\\modules\\system\\html\\default\\vendor\\laravel\\framework\\src\\Illuminate\\Container\\BoundMethod.php(90): Illuminate\\Container\\BoundMethod::Illuminate\\Container\\{closure}()
#29 C:\\OSPanel\\modules\\system\\html\\default\\vendor\\laravel\\framework\\src\\Illuminate\\Container\\BoundMethod.php(34): Illuminate\\Container\\BoundMethod::callBoundMethod(Object(Illuminate\\Foundation\\Application), Array, Object(Closure))
#30 C:\\OSPanel\\modules\\system\\html\\default\\vendor\\laravel\\framework\\src\\Illuminate\\Container\\Container.php(576): Illuminate\\Container\\BoundMethod::call(Object(Illuminate\\Foundation\\Application), Array, Array, NULL)
#31 C:\\OSPanel\\modules\\system\\html\\default\\vendor\\laravel\\framework\\src\\Illuminate\\Console\\Command.php(183): Illuminate\\Container\\Container->call(Array)
#32 C:\\OSPanel\\modules\\system\\html\\default\\vendor\\symfony\\console\\Command\\Command.php(255): Illuminate\\Console\\Command->execute(Object(Symfony\\Component\\Console\\Input\\ArgvInput), Object(Illuminate\\Console\\OutputStyle))
#33 C:\\OSPanel\\modules\\system\\html\\default\\vendor\\laravel\\framework\\src\\Illuminate\\Console\\Command.php(170): Symfony\\Component\\Console\\Command\\Command->run(Object(Symfony\\Component\\Console\\Input\\ArgvInput), Object(Illuminate\\Console\\OutputStyle))
#34 C:\\OSPanel\\modules\\system\\html\\default\\vendor\\symfony\\console\\Application.php(915): Illuminate\\Console\\Command->run(Object(Symfony\\Component\\Console\\Input\\ArgvInput), Object(Symfony\\Component\\Console\\Output\\ConsoleOutput))
#35 C:\\OSPanel\\modules\\system\\html\\default\\vendor\\symfony\\console\\Application.php(272): Symfony\\Component\\Console\\Application->doRunCommand(Object(GoodTech\\Support\\Commands\\CheckAndWorkCommand), Object(Symfony\\Component\\Console\\Input\\ArgvInput), Object(Symfony\\Component\\Console\\Output\\ConsoleOutput))
#36 C:\\OSPanel\\modules\\system\\html\\default\\vendor\\symfony\\console\\Application.php(148): Symfony\\Component\\Console\\Application->doRun(Object(Symfony\\Component\\Console\\Input\\ArgvInput), Object(Symfony\\Component\\Console\\Output\\ConsoleOutput))
#37 C:\\OSPanel\\modules\\system\\html\\default\\vendor\\laravel\\framework\\src\\Illuminate\\Console\\Application.php(90): Symfony\\Component\\Console\\Application->run(Object(Symfony\\Component\\Console\\Input\\ArgvInput), Object(Symfony\\Component\\Console\\Output\\ConsoleOutput))
#38 C:\\OSPanel\\modules\\system\\html\\default\\vendor\\laravel\\framework\\src\\Illuminate\\Foundation\\Console\\Kernel.php(133): Illuminate\\Console\\Application->run(Object(Symfony\\Component\\Console\\Input\\ArgvInput), Object(Symfony\\Component\\Console\\Output\\ConsoleOutput))
#39 C:\\OSPanel\\modules\\system\\html\\default\\artisan(37): Illuminate\\Foundation\\Console\\Kernel->handle(Object(Symfony\\Component\\Console\\Input\\ArgvInput), Object(Symfony\\Component\\Console\\Output\\ConsoleOutput))
#40 {main}
"} 
[2019-09-30 11:34:39] local.ERROR: Class 'GoodTech\TaskFromDate\Log' not found {"exception":"[object] (Symfony\\Component\\Debug\\Exception\\FatalThrowableError(code: 0): Class 'GoodTech\\TaskFromDate\\Log' not found at C:\\OSPanel\\modules\\system\\html\\default\\vendor\\gt4u\\task_from_date\\src\\TaskFromDateWebhook.php:136)
[stacktrace]
#0 C:\\OSPanel\\modules\\system\\html\\default\\vendor\\gt4u\\task_from_date\\src\\TaskFromDateWebhook.php(101): GoodTech\\TaskFromDate\\TaskFromDateWebhook->setTaskFromDateJob()
#1 C:\\OSPanel\\modules\\system\\html\\default\\vendor\\gt4u\\task_from_date\\src\\TaskFromDateWebhook.php(65): GoodTech\\TaskFromDate\\TaskFromDateWebhook->handleEntityField(0)
#2 C:\\OSPanel\\modules\\system\\html\\default\\vendor\\laravel\\framework\\src\\Illuminate\\Support\\Collection.php(475): GoodTech\\TaskFromDate\\TaskFromDateWebhook->GoodTech\\TaskFromDate\\{closure}(Array, 0)
#3 C:\\OSPanel\\modules\\system\\html\\default\\vendor\\gt4u\\task_from_date\\src\\TaskFromDateWebhook.php(66): Illuminate\\Support\\Collection->each(Object(Closure))
#4 C:\\OSPanel\\modules\\system\\html\\default\\vendor\\gt4u\\task_from_date\\src\\TaskFromDateService.php(11): GoodTech\\TaskFromDate\\TaskFromDateWebhook->__construct(Object(GoodTech\\AmoCRM\\Model\\WebHook))
#5 C:\\OSPanel\\modules\\system\\html\\default\\vendor\\gt4u\\amo_hooks_handler\\src\\AmoHooksHandler.php(103): GoodTech\\TaskFromDate\\TaskFromDateService::handleWebhook(Object(GoodTech\\AmoCRM\\Model\\WebHook))
#6 C:\\OSPanel\\modules\\system\\html\\default\\vendor\\gt4u\\amo_hooks_handler\\src\\Jobs\\AmoHooksHandlerJob.php(55): GoodTech\\AmoHooksHandler\\AmoHooksHandler->run(Object(GoodTech\\AmoCRM\\Model\\WebHook))
#7 C:\\OSPanel\\modules\\system\\html\\default\\vendor\\laravel\\framework\\src\\Illuminate\\Support\\Collection.php(475): GoodTech\\AmoHooksHandler\\Jobs\\AmoHooksHandlerJob->GoodTech\\AmoHooksHandler\\Jobs\\{closure}(Array, 1)
#8 C:\\OSPanel\\modules\\system\\html\\default\\vendor\\gt4u\\amo_hooks_handler\\src\\Jobs\\AmoHooksHandlerJob.php(64): Illuminate\\Support\\Collection->each(Object(Closure))
#9 [internal function]: GoodTech\\AmoHooksHandler\\Jobs\\AmoHooksHandlerJob->handle()
#10 C:\\OSPanel\\modules\\system\\html\\default\\vendor\\laravel\\framework\\src\\Illuminate\\Container\\BoundMethod.php(32): call_user_func_array(Array, Array)
#11 C:\\OSPanel\\modules\\system\\html\\default\\vendor\\laravel\\framework\\src\\Illuminate\\Container\\BoundMethod.php(90): Illuminate\\Container\\BoundMethod::Illuminate\\Container\\{closure}()
#12 C:\\OSPanel\\modules\\system\\html\\default\\vendor\\laravel\\framework\\src\\Illuminate\\Container\\BoundMethod.php(34): Illuminate\\Container\\BoundMethod::callBoundMethod(Object(Illuminate\\Foundation\\Application), Array, Object(Closure))
#13 C:\\OSPanel\\modules\\system\\html\\default\\vendor\\laravel\\framework\\src\\Illuminate\\Container\\Container.php(576): Illuminate\\Container\\BoundMethod::call(Object(Illuminate\\Foundation\\Application), Array, Array, NULL)
#14 C:\\OSPanel\\modules\\system\\html\\default\\vendor\\laravel\\framework\\src\\Illuminate\\Bus\\Dispatcher.php(94): Illuminate\\Container\\Container->call(Array)
#15 C:\\OSPanel\\modules\\system\\html\\default\\vendor\\laravel\\framework\\src\\Illuminate\\Pipeline\\Pipeline.php(128): Illuminate\\Bus\\Dispatcher->Illuminate\\Bus\\{closure}(Object(GoodTech\\AmoHooksHandler\\Jobs\\AmoHooksHandlerJob))
#16 C:\\OSPanel\\modules\\system\\html\\default\\vendor\\laravel\\framework\\src\\Illuminate\\Pipeline\\Pipeline.php(104): Illuminate\\Pipeline\\Pipeline->Illuminate\\Pipeline\\{closure}(Object(GoodTech\\AmoHooksHandler\\Jobs\\AmoHooksHandlerJob))
#17 C:\\OSPanel\\modules\\system\\html\\default\\vendor\\laravel\\framework\\src\\Illuminate\\Bus\\Dispatcher.php(98): Illuminate\\Pipeline\\Pipeline->then(Object(Closure))
#18 C:\\OSPanel\\modules\\system\\html\\default\\vendor\\laravel\\framework\\src\\Illuminate\\Queue\\CallQueuedHandler.php(49): Illuminate\\Bus\\Dispatcher->dispatchNow(Object(GoodTech\\AmoHooksHandler\\Jobs\\AmoHooksHandlerJob), false)
#19 C:\\OSPanel\\modules\\system\\html\\default\\vendor\\laravel\\framework\\src\\Illuminate\\Queue\\Jobs\\Job.php(88): Illuminate\\Queue\\CallQueuedHandler->call(Object(Illuminate\\Queue\\Jobs\\DatabaseJob), Array)
#20 C:\\OSPanel\\modules\\system\\html\\default\\vendor\\laravel\\framework\\src\\Illuminate\\Queue\\Worker.php(337): Illuminate\\Queue\\Jobs\\Job->fire()
#21 C:\\OSPanel\\modules\\system\\html\\default\\vendor\\laravel\\framework\\src\\Illuminate\\Queue\\Worker.php(283): Illuminate\\Queue\\Worker->process('database', Object(Illuminate\\Queue\\Jobs\\DatabaseJob), Object(Illuminate\\Queue\\WorkerOptions))
#22 C:\\OSPanel\\modules\\system\\html\\default\\vendor\\laravel\\framework\\src\\Illuminate\\Queue\\Worker.php(118): Illuminate\\Queue\\Worker->runJob(Object(Illuminate\\Queue\\Jobs\\DatabaseJob), 'database', Object(Illuminate\\Queue\\WorkerOptions))
#23 C:\\OSPanel\\modules\\system\\html\\default\\vendor\\laravel\\framework\\src\\Illuminate\\Queue\\Console\\WorkCommand.php(102): Illuminate\\Queue\\Worker->daemon('database', 'default', Object(Illuminate\\Queue\\WorkerOptions))
#24 C:\\OSPanel\\modules\\system\\html\\default\\vendor\\laravel\\framework\\src\\Illuminate\\Queue\\Console\\WorkCommand.php(86): Illuminate\\Queue\\Console\\WorkCommand->runWorker('database', 'default')
#25 C:\\OSPanel\\modules\\system\\html\\default\\vendor\\gt4u\\support\\src\\Commands\\CheckAndWorkCommand.php(55): Illuminate\\Queue\\Console\\WorkCommand->handle()
#26 [internal function]: GoodTech\\Support\\Commands\\CheckAndWorkCommand->handle()
#27 C:\\OSPanel\\modules\\system\\html\\default\\vendor\\laravel\\framework\\src\\Illuminate\\Container\\BoundMethod.php(32): call_user_func_array(Array, Array)
#28 C:\\OSPanel\\modules\\system\\html\\default\\vendor\\laravel\\framework\\src\\Illuminate\\Container\\BoundMethod.php(90): Illuminate\\Container\\BoundMethod::Illuminate\\Container\\{closure}()
#29 C:\\OSPanel\\modules\\system\\html\\default\\vendor\\laravel\\framework\\src\\Illuminate\\Container\\BoundMethod.php(34): Illuminate\\Container\\BoundMethod::callBoundMethod(Object(Illuminate\\Foundation\\Application), Array, Object(Closure))
#30 C:\\OSPanel\\modules\\system\\html\\default\\vendor\\laravel\\framework\\src\\Illuminate\\Container\\Container.php(576): Illuminate\\Container\\BoundMethod::call(Object(Illuminate\\Foundation\\Application), Array, Array, NULL)
#31 C:\\OSPanel\\modules\\system\\html\\default\\vendor\\laravel\\framework\\src\\Illuminate\\Console\\Command.php(183): Illuminate\\Container\\Container->call(Array)
#32 C:\\OSPanel\\modules\\system\\html\\default\\vendor\\symfony\\console\\Command\\Command.php(255): Illuminate\\Console\\Command->execute(Object(Symfony\\Component\\Console\\Input\\ArgvInput), Object(Illuminate\\Console\\OutputStyle))
#33 C:\\OSPanel\\modules\\system\\html\\default\\vendor\\laravel\\framework\\src\\Illuminate\\Console\\Command.php(170): Symfony\\Component\\Console\\Command\\Command->run(Object(Symfony\\Component\\Console\\Input\\ArgvInput), Object(Illuminate\\Console\\OutputStyle))
#34 C:\\OSPanel\\modules\\system\\html\\default\\vendor\\symfony\\console\\Application.php(915): Illuminate\\Console\\Command->run(Object(Symfony\\Component\\Console\\Input\\ArgvInput), Object(Symfony\\Component\\Console\\Output\\ConsoleOutput))
#35 C:\\OSPanel\\modules\\system\\html\\default\\vendor\\symfony\\console\\Application.php(272): Symfony\\Component\\Console\\Application->doRunCommand(Object(GoodTech\\Support\\Commands\\CheckAndWorkCommand), Object(Symfony\\Component\\Console\\Input\\ArgvInput), Object(Symfony\\Component\\Console\\Output\\ConsoleOutput))
#36 C:\\OSPanel\\modules\\system\\html\\default\\vendor\\symfony\\console\\Application.php(148): Symfony\\Component\\Console\\Application->doRun(Object(Symfony\\Component\\Console\\Input\\ArgvInput), Object(Symfony\\Component\\Console\\Output\\ConsoleOutput))
#37 C:\\OSPanel\\modules\\system\\html\\default\\vendor\\laravel\\framework\\src\\Illuminate\\Console\\Application.php(90): Symfony\\Component\\Console\\Application->run(Object(Symfony\\Component\\Console\\Input\\ArgvInput), Object(Symfony\\Component\\Console\\Output\\ConsoleOutput))
#38 C:\\OSPanel\\modules\\system\\html\\default\\vendor\\laravel\\framework\\src\\Illuminate\\Foundation\\Console\\Kernel.php(133): Illuminate\\Console\\Application->run(Object(Symfony\\Component\\Console\\Input\\ArgvInput), Object(Symfony\\Component\\Console\\Output\\ConsoleOutput))
#39 C:\\OSPanel\\modules\\system\\html\\default\\artisan(37): Illuminate\\Foundation\\Console\\Kernel->handle(Object(Symfony\\Component\\Console\\Input\\ArgvInput), Object(Symfony\\Component\\Console\\Output\\ConsoleOutput))
#40 {main}
"} 
[2019-09-30 11:35:33] local.ERROR: Class 'GoodTech\TaskFromDate\Log' not found {"exception":"[object] (Symfony\\Component\\Debug\\Exception\\FatalThrowableError(code: 0): Class 'GoodTech\\TaskFromDate\\Log' not found at C:\\OSPanel\\modules\\system\\html\\default\\vendor\\gt4u\\task_from_date\\src\\TaskFromDateWebhook.php:136)
[stacktrace]
#0 C:\\OSPanel\\modules\\system\\html\\default\\vendor\\gt4u\\task_from_date\\src\\TaskFromDateWebhook.php(101): GoodTech\\TaskFromDate\\TaskFromDateWebhook->setTaskFromDateJob()
#1 C:\\OSPanel\\modules\\system\\html\\default\\vendor\\gt4u\\task_from_date\\src\\TaskFromDateWebhook.php(65): GoodTech\\TaskFromDate\\TaskFromDateWebhook->handleEntityField(0)
#2 C:\\OSPanel\\modules\\system\\html\\default\\vendor\\laravel\\framework\\src\\Illuminate\\Support\\Collection.php(475): GoodTech\\TaskFromDate\\TaskFromDateWebhook->GoodTech\\TaskFromDate\\{closure}(Array, 0)
#3 C:\\OSPanel\\modules\\system\\html\\default\\vendor\\gt4u\\task_from_date\\src\\TaskFromDateWebhook.php(66): Illuminate\\Support\\Collection->each(Object(Closure))
#4 C:\\OSPanel\\modules\\system\\html\\default\\vendor\\gt4u\\task_from_date\\src\\TaskFromDateService.php(11): GoodTech\\TaskFromDate\\TaskFromDateWebhook->__construct(Object(GoodTech\\AmoCRM\\Model\\WebHook))
#5 C:\\OSPanel\\modules\\system\\html\\default\\vendor\\gt4u\\amo_hooks_handler\\src\\AmoHooksHandler.php(103): GoodTech\\TaskFromDate\\TaskFromDateService::handleWebhook(Object(GoodTech\\AmoCRM\\Model\\WebHook))
#6 C:\\OSPanel\\modules\\system\\html\\default\\vendor\\gt4u\\amo_hooks_handler\\src\\Jobs\\AmoHooksHandlerJob.php(55): GoodTech\\AmoHooksHandler\\AmoHooksHandler->run(Object(GoodTech\\AmoCRM\\Model\\WebHook))
#7 C:\\OSPanel\\modules\\system\\html\\default\\vendor\\laravel\\framework\\src\\Illuminate\\Support\\Collection.php(475): GoodTech\\AmoHooksHandler\\Jobs\\AmoHooksHandlerJob->GoodTech\\AmoHooksHandler\\Jobs\\{closure}(Array, 1)
#8 C:\\OSPanel\\modules\\system\\html\\default\\vendor\\gt4u\\amo_hooks_handler\\src\\Jobs\\AmoHooksHandlerJob.php(64): Illuminate\\Support\\Collection->each(Object(Closure))
#9 [internal function]: GoodTech\\AmoHooksHandler\\Jobs\\AmoHooksHandlerJob->handle()
#10 C:\\OSPanel\\modules\\system\\html\\default\\vendor\\laravel\\framework\\src\\Illuminate\\Container\\BoundMethod.php(32): call_user_func_array(Array, Array)
#11 C:\\OSPanel\\modules\\system\\html\\default\\vendor\\laravel\\framework\\src\\Illuminate\\Container\\BoundMethod.php(90): Illuminate\\Container\\BoundMethod::Illuminate\\Container\\{closure}()
#12 C:\\OSPanel\\modules\\system\\html\\default\\vendor\\laravel\\framework\\src\\Illuminate\\Container\\BoundMethod.php(34): Illuminate\\Container\\BoundMethod::callBoundMethod(Object(Illuminate\\Foundation\\Application), Array, Object(Closure))
#13 C:\\OSPanel\\modules\\system\\html\\default\\vendor\\laravel\\framework\\src\\Illuminate\\Container\\Container.php(576): Illuminate\\Container\\BoundMethod::call(Object(Illuminate\\Foundation\\Application), Array, Array, NULL)
#14 C:\\OSPanel\\modules\\system\\html\\default\\vendor\\laravel\\framework\\src\\Illuminate\\Bus\\Dispatcher.php(94): Illuminate\\Container\\Container->call(Array)
#15 C:\\OSPanel\\modules\\system\\html\\default\\vendor\\laravel\\framework\\src\\Illuminate\\Pipeline\\Pipeline.php(128): Illuminate\\Bus\\Dispatcher->Illuminate\\Bus\\{closure}(Object(GoodTech\\AmoHooksHandler\\Jobs\\AmoHooksHandlerJob))
#16 C:\\OSPanel\\modules\\system\\html\\default\\vendor\\laravel\\framework\\src\\Illuminate\\Pipeline\\Pipeline.php(104): Illuminate\\Pipeline\\Pipeline->Illuminate\\Pipeline\\{closure}(Object(GoodTech\\AmoHooksHandler\\Jobs\\AmoHooksHandlerJob))
#17 C:\\OSPanel\\modules\\system\\html\\default\\vendor\\laravel\\framework\\src\\Illuminate\\Bus\\Dispatcher.php(98): Illuminate\\Pipeline\\Pipeline->then(Object(Closure))
#18 C:\\OSPanel\\modules\\system\\html\\default\\vendor\\laravel\\framework\\src\\Illuminate\\Queue\\CallQueuedHandler.php(49): Illuminate\\Bus\\Dispatcher->dispatchNow(Object(GoodTech\\AmoHooksHandler\\Jobs\\AmoHooksHandlerJob), false)
#19 C:\\OSPanel\\modules\\system\\html\\default\\vendor\\laravel\\framework\\src\\Illuminate\\Queue\\Jobs\\Job.php(88): Illuminate\\Queue\\CallQueuedHandler->call(Object(Illuminate\\Queue\\Jobs\\DatabaseJob), Array)
#20 C:\\OSPanel\\modules\\system\\html\\default\\vendor\\laravel\\framework\\src\\Illuminate\\Queue\\Worker.php(337): Illuminate\\Queue\\Jobs\\Job->fire()
#21 C:\\OSPanel\\modules\\system\\html\\default\\vendor\\laravel\\framework\\src\\Illuminate\\Queue\\Worker.php(283): Illuminate\\Queue\\Worker->process('database', Object(Illuminate\\Queue\\Jobs\\DatabaseJob), Object(Illuminate\\Queue\\WorkerOptions))
#22 C:\\OSPanel\\modules\\system\\html\\default\\vendor\\laravel\\framework\\src\\Illuminate\\Queue\\Worker.php(118): Illuminate\\Queue\\Worker->runJob(Object(Illuminate\\Queue\\Jobs\\DatabaseJob), 'database', Object(Illuminate\\Queue\\WorkerOptions))
#23 C:\\OSPanel\\modules\\system\\html\\default\\vendor\\laravel\\framework\\src\\Illuminate\\Queue\\Console\\WorkCommand.php(102): Illuminate\\Queue\\Worker->daemon('database', 'default', Object(Illuminate\\Queue\\WorkerOptions))
#24 C:\\OSPanel\\modules\\system\\html\\default\\vendor\\laravel\\framework\\src\\Illuminate\\Queue\\Console\\WorkCommand.php(86): Illuminate\\Queue\\Console\\WorkCommand->runWorker('database', 'default')
#25 C:\\OSPanel\\modules\\system\\html\\default\\vendor\\gt4u\\support\\src\\Commands\\CheckAndWorkCommand.php(55): Illuminate\\Queue\\Console\\WorkCommand->handle()
#26 [internal function]: GoodTech\\Support\\Commands\\CheckAndWorkCommand->handle()
#27 C:\\OSPanel\\modules\\system\\html\\default\\vendor\\laravel\\framework\\src\\Illuminate\\Container\\BoundMethod.php(32): call_user_func_array(Array, Array)
#28 C:\\OSPanel\\modules\\system\\html\\default\\vendor\\laravel\\framework\\src\\Illuminate\\Container\\BoundMethod.php(90): Illuminate\\Container\\BoundMethod::Illuminate\\Container\\{closure}()
#29 C:\\OSPanel\\modules\\system\\html\\default\\vendor\\laravel\\framework\\src\\Illuminate\\Container\\BoundMethod.php(34): Illuminate\\Container\\BoundMethod::callBoundMethod(Object(Illuminate\\Foundation\\Application), Array, Object(Closure))
#30 C:\\OSPanel\\modules\\system\\html\\default\\vendor\\laravel\\framework\\src\\Illuminate\\Container\\Container.php(576): Illuminate\\Container\\BoundMethod::call(Object(Illuminate\\Foundation\\Application), Array, Array, NULL)
#31 C:\\OSPanel\\modules\\system\\html\\default\\vendor\\laravel\\framework\\src\\Illuminate\\Console\\Command.php(183): Illuminate\\Container\\Container->call(Array)
#32 C:\\OSPanel\\modules\\system\\html\\default\\vendor\\symfony\\console\\Command\\Command.php(255): Illuminate\\Console\\Command->execute(Object(Symfony\\Component\\Console\\Input\\ArgvInput), Object(Illuminate\\Console\\OutputStyle))
#33 C:\\OSPanel\\modules\\system\\html\\default\\vendor\\laravel\\framework\\src\\Illuminate\\Console\\Command.php(170): Symfony\\Component\\Console\\Command\\Command->run(Object(Symfony\\Component\\Console\\Input\\ArgvInput), Object(Illuminate\\Console\\OutputStyle))
#34 C:\\OSPanel\\modules\\system\\html\\default\\vendor\\symfony\\console\\Application.php(915): Illuminate\\Console\\Command->run(Object(Symfony\\Component\\Console\\Input\\ArgvInput), Object(Symfony\\Component\\Console\\Output\\ConsoleOutput))
#35 C:\\OSPanel\\modules\\system\\html\\default\\vendor\\symfony\\console\\Application.php(272): Symfony\\Component\\Console\\Application->doRunCommand(Object(GoodTech\\Support\\Commands\\CheckAndWorkCommand), Object(Symfony\\Component\\Console\\Input\\ArgvInput), Object(Symfony\\Component\\Console\\Output\\ConsoleOutput))
#36 C:\\OSPanel\\modules\\system\\html\\default\\vendor\\symfony\\console\\Application.php(148): Symfony\\Component\\Console\\Application->doRun(Object(Symfony\\Component\\Console\\Input\\ArgvInput), Object(Symfony\\Component\\Console\\Output\\ConsoleOutput))
#37 C:\\OSPanel\\modules\\system\\html\\default\\vendor\\laravel\\framework\\src\\Illuminate\\Console\\Application.php(90): Symfony\\Component\\Console\\Application->run(Object(Symfony\\Component\\Console\\Input\\ArgvInput), Object(Symfony\\Component\\Console\\Output\\ConsoleOutput))
#38 C:\\OSPanel\\modules\\system\\html\\default\\vendor\\laravel\\framework\\src\\Illuminate\\Foundation\\Console\\Kernel.php(133): Illuminate\\Console\\Application->run(Object(Symfony\\Component\\Console\\Input\\ArgvInput), Object(Symfony\\Component\\Console\\Output\\ConsoleOutput))
#39 C:\\OSPanel\\modules\\system\\html\\default\\artisan(37): Illuminate\\Foundation\\Console\\Kernel->handle(Object(Symfony\\Component\\Console\\Input\\ArgvInput), Object(Symfony\\Component\\Console\\Output\\ConsoleOutput))
#40 {main}
"} 
[2019-09-30 11:36:02] local.ERROR: Class 'GoodTech\TaskFromDate\Log' not found {"exception":"[object] (Symfony\\Component\\Debug\\Exception\\FatalThrowableError(code: 0): Class 'GoodTech\\TaskFromDate\\Log' not found at C:\\OSPanel\\modules\\system\\html\\default\\vendor\\gt4u\\task_from_date\\src\\TaskFromDateWebhook.php:136)
[stacktrace]
#0 C:\\OSPanel\\modules\\system\\html\\default\\vendor\\gt4u\\task_from_date\\src\\TaskFromDateWebhook.php(101): GoodTech\\TaskFromDate\\TaskFromDateWebhook->setTaskFromDateJob()
#1 C:\\OSPanel\\modules\\system\\html\\default\\vendor\\gt4u\\task_from_date\\src\\TaskFromDateWebhook.php(65): GoodTech\\TaskFromDate\\TaskFromDateWebhook->handleEntityField(0)
#2 C:\\OSPanel\\modules\\system\\html\\default\\vendor\\laravel\\framework\\src\\Illuminate\\Support\\Collection.php(475): GoodTech\\TaskFromDate\\TaskFromDateWebhook->GoodTech\\TaskFromDate\\{closure}(Array, 0)
#3 C:\\OSPanel\\modules\\system\\html\\default\\vendor\\gt4u\\task_from_date\\src\\TaskFromDateWebhook.php(66): Illuminate\\Support\\Collection->each(Object(Closure))
#4 C:\\OSPanel\\modules\\system\\html\\default\\vendor\\gt4u\\task_from_date\\src\\TaskFromDateService.php(11): GoodTech\\TaskFromDate\\TaskFromDateWebhook->__construct(Object(GoodTech\\AmoCRM\\Model\\WebHook))
#5 C:\\OSPanel\\modules\\system\\html\\default\\vendor\\gt4u\\amo_hooks_handler\\src\\AmoHooksHandler.php(103): GoodTech\\TaskFromDate\\TaskFromDateService::handleWebhook(Object(GoodTech\\AmoCRM\\Model\\WebHook))
#6 C:\\OSPanel\\modules\\system\\html\\default\\vendor\\gt4u\\amo_hooks_handler\\src\\Jobs\\AmoHooksHandlerJob.php(55): GoodTech\\AmoHooksHandler\\AmoHooksHandler->run(Object(GoodTech\\AmoCRM\\Model\\WebHook))
#7 C:\\OSPanel\\modules\\system\\html\\default\\vendor\\laravel\\framework\\src\\Illuminate\\Support\\Collection.php(475): GoodTech\\AmoHooksHandler\\Jobs\\AmoHooksHandlerJob->GoodTech\\AmoHooksHandler\\Jobs\\{closure}(Array, 1)
#8 C:\\OSPanel\\modules\\system\\html\\default\\vendor\\gt4u\\amo_hooks_handler\\src\\Jobs\\AmoHooksHandlerJob.php(64): Illuminate\\Support\\Collection->each(Object(Closure))
#9 [internal function]: GoodTech\\AmoHooksHandler\\Jobs\\AmoHooksHandlerJob->handle()
#10 C:\\OSPanel\\modules\\system\\html\\default\\vendor\\laravel\\framework\\src\\Illuminate\\Container\\BoundMethod.php(32): call_user_func_array(Array, Array)
#11 C:\\OSPanel\\modules\\system\\html\\default\\vendor\\laravel\\framework\\src\\Illuminate\\Container\\BoundMethod.php(90): Illuminate\\Container\\BoundMethod::Illuminate\\Container\\{closure}()
#12 C:\\OSPanel\\modules\\system\\html\\default\\vendor\\laravel\\framework\\src\\Illuminate\\Container\\BoundMethod.php(34): Illuminate\\Container\\BoundMethod::callBoundMethod(Object(Illuminate\\Foundation\\Application), Array, Object(Closure))
#13 C:\\OSPanel\\modules\\system\\html\\default\\vendor\\laravel\\framework\\src\\Illuminate\\Container\\Container.php(576): Illuminate\\Container\\BoundMethod::call(Object(Illuminate\\Foundation\\Application), Array, Array, NULL)
#14 C:\\OSPanel\\modules\\system\\html\\default\\vendor\\laravel\\framework\\src\\Illuminate\\Bus\\Dispatcher.php(94): Illuminate\\Container\\Container->call(Array)
#15 C:\\OSPanel\\modules\\system\\html\\default\\vendor\\laravel\\framework\\src\\Illuminate\\Pipeline\\Pipeline.php(128): Illuminate\\Bus\\Dispatcher->Illuminate\\Bus\\{closure}(Object(GoodTech\\AmoHooksHandler\\Jobs\\AmoHooksHandlerJob))
#16 C:\\OSPanel\\modules\\system\\html\\default\\vendor\\laravel\\framework\\src\\Illuminate\\Pipeline\\Pipeline.php(104): Illuminate\\Pipeline\\Pipeline->Illuminate\\Pipeline\\{closure}(Object(GoodTech\\AmoHooksHandler\\Jobs\\AmoHooksHandlerJob))
#17 C:\\OSPanel\\modules\\system\\html\\default\\vendor\\laravel\\framework\\src\\Illuminate\\Bus\\Dispatcher.php(98): Illuminate\\Pipeline\\Pipeline->then(Object(Closure))
#18 C:\\OSPanel\\modules\\system\\html\\default\\vendor\\laravel\\framework\\src\\Illuminate\\Queue\\CallQueuedHandler.php(49): Illuminate\\Bus\\Dispatcher->dispatchNow(Object(GoodTech\\AmoHooksHandler\\Jobs\\AmoHooksHandlerJob), false)
#19 C:\\OSPanel\\modules\\system\\html\\default\\vendor\\laravel\\framework\\src\\Illuminate\\Queue\\Jobs\\Job.php(88): Illuminate\\Queue\\CallQueuedHandler->call(Object(Illuminate\\Queue\\Jobs\\DatabaseJob), Array)
#20 C:\\OSPanel\\modules\\system\\html\\default\\vendor\\laravel\\framework\\src\\Illuminate\\Queue\\Worker.php(337): Illuminate\\Queue\\Jobs\\Job->fire()
#21 C:\\OSPanel\\modules\\system\\html\\default\\vendor\\laravel\\framework\\src\\Illuminate\\Queue\\Worker.php(283): Illuminate\\Queue\\Worker->process('database', Object(Illuminate\\Queue\\Jobs\\DatabaseJob), Object(Illuminate\\Queue\\WorkerOptions))
#22 C:\\OSPanel\\modules\\system\\html\\default\\vendor\\laravel\\framework\\src\\Illuminate\\Queue\\Worker.php(118): Illuminate\\Queue\\Worker->runJob(Object(Illuminate\\Queue\\Jobs\\DatabaseJob), 'database', Object(Illuminate\\Queue\\WorkerOptions))
#23 C:\\OSPanel\\modules\\system\\html\\default\\vendor\\laravel\\framework\\src\\Illuminate\\Queue\\Console\\WorkCommand.php(102): Illuminate\\Queue\\Worker->daemon('database', 'default', Object(Illuminate\\Queue\\WorkerOptions))
#24 C:\\OSPanel\\modules\\system\\html\\default\\vendor\\laravel\\framework\\src\\Illuminate\\Queue\\Console\\WorkCommand.php(86): Illuminate\\Queue\\Console\\WorkCommand->runWorker('database', 'default')
#25 C:\\OSPanel\\modules\\system\\html\\default\\vendor\\gt4u\\support\\src\\Commands\\CheckAndWorkCommand.php(55): Illuminate\\Queue\\Console\\WorkCommand->handle()
#26 [internal function]: GoodTech\\Support\\Commands\\CheckAndWorkCommand->handle()
#27 C:\\OSPanel\\modules\\system\\html\\default\\vendor\\laravel\\framework\\src\\Illuminate\\Container\\BoundMethod.php(32): call_user_func_array(Array, Array)
#28 C:\\OSPanel\\modules\\system\\html\\default\\vendor\\laravel\\framework\\src\\Illuminate\\Container\\BoundMethod.php(90): Illuminate\\Container\\BoundMethod::Illuminate\\Container\\{closure}()
#29 C:\\OSPanel\\modules\\system\\html\\default\\vendor\\laravel\\framework\\src\\Illuminate\\Container\\BoundMethod.php(34): Illuminate\\Container\\BoundMethod::callBoundMethod(Object(Illuminate\\Foundation\\Application), Array, Object(Closure))
#30 C:\\OSPanel\\modules\\system\\html\\default\\vendor\\laravel\\framework\\src\\Illuminate\\Container\\Container.php(576): Illuminate\\Container\\BoundMethod::call(Object(Illuminate\\Foundation\\Application), Array, Array, NULL)
#31 C:\\OSPanel\\modules\\system\\html\\default\\vendor\\laravel\\framework\\src\\Illuminate\\Console\\Command.php(183): Illuminate\\Container\\Container->call(Array)
#32 C:\\OSPanel\\modules\\system\\html\\default\\vendor\\symfony\\console\\Command\\Command.php(255): Illuminate\\Console\\Command->execute(Object(Symfony\\Component\\Console\\Input\\ArgvInput), Object(Illuminate\\Console\\OutputStyle))
#33 C:\\OSPanel\\modules\\system\\html\\default\\vendor\\laravel\\framework\\src\\Illuminate\\Console\\Command.php(170): Symfony\\Component\\Console\\Command\\Command->run(Object(Symfony\\Component\\Console\\Input\\ArgvInput), Object(Illuminate\\Console\\OutputStyle))
#34 C:\\OSPanel\\modules\\system\\html\\default\\vendor\\symfony\\console\\Application.php(915): Illuminate\\Console\\Command->run(Object(Symfony\\Component\\Console\\Input\\ArgvInput), Object(Symfony\\Component\\Console\\Output\\ConsoleOutput))
#35 C:\\OSPanel\\modules\\system\\html\\default\\vendor\\symfony\\console\\Application.php(272): Symfony\\Component\\Console\\Application->doRunCommand(Object(GoodTech\\Support\\Commands\\CheckAndWorkCommand), Object(Symfony\\Component\\Console\\Input\\ArgvInput), Object(Symfony\\Component\\Console\\Output\\ConsoleOutput))
#36 C:\\OSPanel\\modules\\system\\html\\default\\vendor\\symfony\\console\\Application.php(148): Symfony\\Component\\Console\\Application->doRun(Object(Symfony\\Component\\Console\\Input\\ArgvInput), Object(Symfony\\Component\\Console\\Output\\ConsoleOutput))
#37 C:\\OSPanel\\modules\\system\\html\\default\\vendor\\laravel\\framework\\src\\Illuminate\\Console\\Application.php(90): Symfony\\Component\\Console\\Application->run(Object(Symfony\\Component\\Console\\Input\\ArgvInput), Object(Symfony\\Component\\Console\\Output\\ConsoleOutput))
#38 C:\\OSPanel\\modules\\system\\html\\default\\vendor\\laravel\\framework\\src\\Illuminate\\Foundation\\Console\\Kernel.php(133): Illuminate\\Console\\Application->run(Object(Symfony\\Component\\Console\\Input\\ArgvInput), Object(Symfony\\Component\\Console\\Output\\ConsoleOutput))
#39 C:\\OSPanel\\modules\\system\\html\\default\\artisan(37): Illuminate\\Foundation\\Console\\Kernel->handle(Object(Symfony\\Component\\Console\\Input\\ArgvInput), Object(Symfony\\Component\\Console\\Output\\ConsoleOutput))
#40 {main}
"} 
[2019-09-30 11:43:19] local.INFO: 6089277  
[2019-09-30 11:44:50] local.INFO: 6090909  
[2019-09-30 11:45:23] local.INFO: 6090909  
[2019-09-30 11:45:38] local.INFO: 6090909  
[2019-09-30 11:46:20] local.INFO: 6090909  
[2019-09-30 11:50:37] local.INFO: 6090909  
[2019-09-30 11:57:15] local.INFO: 6090909  
[2019-09-30 11:57:33] local.INFO: 6090909  
[2019-09-30 11:57:49] local.INFO: 6090909  
[2019-09-30 11:57:54] local.INFO: 6090909  
[2019-09-30 11:59:17] local.ERROR: Undefined index: id {"exception":"[object] (ErrorException(code: 0): Undefined index: id at C:\\OSPanel\\modules\\system\\html\\default\\app\\Helpers\\BP_1.php:36)
[stacktrace]
#0 C:\\OSPanel\\modules\\system\\html\\default\\app\\Helpers\\BP_1.php(36): Illuminate\\Foundation\\Bootstrap\\HandleExceptions->handleError(8, 'Undefined index...', 'C:\\\\OSPanel\\\\modu...', 36, Array)
#1 C:\\OSPanel\\modules\\system\\html\\default\\app\\Helpers\\BP_1.php(28): App\\Helpers\\BP_1->statusProcessing()
#2 C:\\OSPanel\\modules\\system\\html\\default\\vendor\\gt4u\\amo_hooks_handler\\src\\AmoHooksHandler.php(107): App\\Helpers\\BP_1->__invoke(Object(GoodTech\\AmoCRM\\Model\\WebHook))
#3 C:\\OSPanel\\modules\\system\\html\\default\\vendor\\gt4u\\amo_hooks_handler\\src\\Jobs\\AmoHooksHandlerJob.php(55): GoodTech\\AmoHooksHandler\\AmoHooksHandler->run(Object(GoodTech\\AmoCRM\\Model\\WebHook))
#4 C:\\OSPanel\\modules\\system\\html\\default\\vendor\\laravel\\framework\\src\\Illuminate\\Support\\Collection.php(475): GoodTech\\AmoHooksHandler\\Jobs\\AmoHooksHandlerJob->GoodTech\\AmoHooksHandler\\Jobs\\{closure}(Array, 3)
#5 C:\\OSPanel\\modules\\system\\html\\default\\vendor\\gt4u\\amo_hooks_handler\\src\\Jobs\\AmoHooksHandlerJob.php(64): Illuminate\\Support\\Collection->each(Object(Closure))
#6 [internal function]: GoodTech\\AmoHooksHandler\\Jobs\\AmoHooksHandlerJob->handle()
#7 C:\\OSPanel\\modules\\system\\html\\default\\vendor\\laravel\\framework\\src\\Illuminate\\Container\\BoundMethod.php(32): call_user_func_array(Array, Array)
#8 C:\\OSPanel\\modules\\system\\html\\default\\vendor\\laravel\\framework\\src\\Illuminate\\Container\\BoundMethod.php(90): Illuminate\\Container\\BoundMethod::Illuminate\\Container\\{closure}()
#9 C:\\OSPanel\\modules\\system\\html\\default\\vendor\\laravel\\framework\\src\\Illuminate\\Container\\BoundMethod.php(34): Illuminate\\Container\\BoundMethod::callBoundMethod(Object(Illuminate\\Foundation\\Application), Array, Object(Closure))
#10 C:\\OSPanel\\modules\\system\\html\\default\\vendor\\laravel\\framework\\src\\Illuminate\\Container\\Container.php(576): Illuminate\\Container\\BoundMethod::call(Object(Illuminate\\Foundation\\Application), Array, Array, NULL)
#11 C:\\OSPanel\\modules\\system\\html\\default\\vendor\\laravel\\framework\\src\\Illuminate\\Bus\\Dispatcher.php(94): Illuminate\\Container\\Container->call(Array)
#12 C:\\OSPanel\\modules\\system\\html\\default\\vendor\\laravel\\framework\\src\\Illuminate\\Pipeline\\Pipeline.php(128): Illuminate\\Bus\\Dispatcher->Illuminate\\Bus\\{closure}(Object(GoodTech\\AmoHooksHandler\\Jobs\\AmoHooksHandlerJob))
#13 C:\\OSPanel\\modules\\system\\html\\default\\vendor\\laravel\\framework\\src\\Illuminate\\Pipeline\\Pipeline.php(104): Illuminate\\Pipeline\\Pipeline->Illuminate\\Pipeline\\{closure}(Object(GoodTech\\AmoHooksHandler\\Jobs\\AmoHooksHandlerJob))
#14 C:\\OSPanel\\modules\\system\\html\\default\\vendor\\laravel\\framework\\src\\Illuminate\\Bus\\Dispatcher.php(98): Illuminate\\Pipeline\\Pipeline->then(Object(Closure))
#15 C:\\OSPanel\\modules\\system\\html\\default\\vendor\\laravel\\framework\\src\\Illuminate\\Queue\\CallQueuedHandler.php(49): Illuminate\\Bus\\Dispatcher->dispatchNow(Object(GoodTech\\AmoHooksHandler\\Jobs\\AmoHooksHandlerJob), false)
#16 C:\\OSPanel\\modules\\system\\html\\default\\vendor\\laravel\\framework\\src\\Illuminate\\Queue\\Jobs\\Job.php(88): Illuminate\\Queue\\CallQueuedHandler->call(Object(Illuminate\\Queue\\Jobs\\DatabaseJob), Array)
#17 C:\\OSPanel\\modules\\system\\html\\default\\vendor\\laravel\\framework\\src\\Illuminate\\Queue\\Worker.php(337): Illuminate\\Queue\\Jobs\\Job->fire()
#18 C:\\OSPanel\\modules\\system\\html\\default\\vendor\\laravel\\framework\\src\\Illuminate\\Queue\\Worker.php(283): Illuminate\\Queue\\Worker->process('database', Object(Illuminate\\Queue\\Jobs\\DatabaseJob), Object(Illuminate\\Queue\\WorkerOptions))
#19 C:\\OSPanel\\modules\\system\\html\\default\\vendor\\laravel\\framework\\src\\Illuminate\\Queue\\Worker.php(118): Illuminate\\Queue\\Worker->runJob(Object(Illuminate\\Queue\\Jobs\\DatabaseJob), 'database', Object(Illuminate\\Queue\\WorkerOptions))
#20 C:\\OSPanel\\modules\\system\\html\\default\\vendor\\laravel\\framework\\src\\Illuminate\\Queue\\Console\\WorkCommand.php(102): Illuminate\\Queue\\Worker->daemon('database', 'default', Object(Illuminate\\Queue\\WorkerOptions))
#21 C:\\OSPanel\\modules\\system\\html\\default\\vendor\\laravel\\framework\\src\\Illuminate\\Queue\\Console\\WorkCommand.php(86): Illuminate\\Queue\\Console\\WorkCommand->runWorker('database', 'default')
#22 C:\\OSPanel\\modules\\system\\html\\default\\vendor\\gt4u\\support\\src\\Commands\\CheckAndWorkCommand.php(55): Illuminate\\Queue\\Console\\WorkCommand->handle()
#23 [internal function]: GoodTech\\Support\\Commands\\CheckAndWorkCommand->handle()
#24 C:\\OSPanel\\modules\\system\\html\\default\\vendor\\laravel\\framework\\src\\Illuminate\\Container\\BoundMethod.php(32): call_user_func_array(Array, Array)
#25 C:\\OSPanel\\modules\\system\\html\\default\\vendor\\laravel\\framework\\src\\Illuminate\\Container\\BoundMethod.php(90): Illuminate\\Container\\BoundMethod::Illuminate\\Container\\{closure}()
#26 C:\\OSPanel\\modules\\system\\html\\default\\vendor\\laravel\\framework\\src\\Illuminate\\Container\\BoundMethod.php(34): Illuminate\\Container\\BoundMethod::callBoundMethod(Object(Illuminate\\Foundation\\Application), Array, Object(Closure))
#27 C:\\OSPanel\\modules\\system\\html\\default\\vendor\\laravel\\framework\\src\\Illuminate\\Container\\Container.php(576): Illuminate\\Container\\BoundMethod::call(Object(Illuminate\\Foundation\\Application), Array, Array, NULL)
#28 C:\\OSPanel\\modules\\system\\html\\default\\vendor\\laravel\\framework\\src\\Illuminate\\Console\\Command.php(183): Illuminate\\Container\\Container->call(Array)
#29 C:\\OSPanel\\modules\\system\\html\\default\\vendor\\symfony\\console\\Command\\Command.php(255): Illuminate\\Console\\Command->execute(Object(Symfony\\Component\\Console\\Input\\ArgvInput), Object(Illuminate\\Console\\OutputStyle))
#30 C:\\OSPanel\\modules\\system\\html\\default\\vendor\\laravel\\framework\\src\\Illuminate\\Console\\Command.php(170): Symfony\\Component\\Console\\Command\\Command->run(Object(Symfony\\Component\\Console\\Input\\ArgvInput), Object(Illuminate\\Console\\OutputStyle))
#31 C:\\OSPanel\\modules\\system\\html\\default\\vendor\\symfony\\console\\Application.php(915): Illuminate\\Console\\Command->run(Object(Symfony\\Component\\Console\\Input\\ArgvInput), Object(Symfony\\Component\\Console\\Output\\ConsoleOutput))
#32 C:\\OSPanel\\modules\\system\\html\\default\\vendor\\symfony\\console\\Application.php(272): Symfony\\Component\\Console\\Application->doRunCommand(Object(GoodTech\\Support\\Commands\\CheckAndWorkCommand), Object(Symfony\\Component\\Console\\Input\\ArgvInput), Object(Symfony\\Component\\Console\\Output\\ConsoleOutput))
#33 C:\\OSPanel\\modules\\system\\html\\default\\vendor\\symfony\\console\\Application.php(148): Symfony\\Component\\Console\\Application->doRun(Object(Symfony\\Component\\Console\\Input\\ArgvInput), Object(Symfony\\Component\\Console\\Output\\ConsoleOutput))
#34 C:\\OSPanel\\modules\\system\\html\\default\\vendor\\laravel\\framework\\src\\Illuminate\\Console\\Application.php(90): Symfony\\Component\\Console\\Application->run(Object(Symfony\\Component\\Console\\Input\\ArgvInput), Object(Symfony\\Component\\Console\\Output\\ConsoleOutput))
#35 C:\\OSPanel\\modules\\system\\html\\default\\vendor\\laravel\\framework\\src\\Illuminate\\Foundation\\Console\\Kernel.php(133): Illuminate\\Console\\Application->run(Object(Symfony\\Component\\Console\\Input\\ArgvInput), Object(Symfony\\Component\\Console\\Output\\ConsoleOutput))
#36 C:\\OSPanel\\modules\\system\\html\\default\\artisan(37): Illuminate\\Foundation\\Console\\Kernel->handle(Object(Symfony\\Component\\Console\\Input\\ArgvInput), Object(Symfony\\Component\\Console\\Output\\ConsoleOutput))
#37 {main}
"} 
